{"__type":"$$EventMessageWorkflow","id":"910cf790-9e7a-4039-aedc-d08bd32e6ca1","ts":"2025-03-25T19:10:42.092+01:00","eventName":"n8n.workflow.started","message":"n8n.workflow.started","payload":{"executionId":"87","workflowId":"djKoqbJYAtFuGd81","isManual":false,"workflowName":"PizzerIA - Delivery"}}
{"__type":"$$EventMessageConfirm","confirm":"910cf790-9e7a-4039-aedc-d08bd32e6ca1","ts":"2025-03-25T19:10:42.093+01:00","source":{"id":"0","name":"eventBus"}}
{"__type":"$$EventMessageNode","id":"d2c61cb6-5372-4cae-a693-d0aa4ab4642d","ts":"2025-03-25T19:10:42.093+01:00","eventName":"n8n.node.started","message":"n8n.node.started","payload":{"workflowId":"djKoqbJYAtFuGd81","workflowName":"PizzerIA - Delivery","executionId":"87","nodeType":"n8n-nodes-base.scheduleTrigger","nodeName":"Schedule Trigger"}}
{"__type":"$$EventMessageConfirm","confirm":"d2c61cb6-5372-4cae-a693-d0aa4ab4642d","ts":"2025-03-25T19:10:42.093+01:00","source":{"id":"0","name":"eventBus"}}
{"__type":"$$EventMessageNode","id":"e4381479-8bf6-42bf-99e5-f53908df8105","ts":"2025-03-25T19:10:42.096+01:00","eventName":"n8n.node.finished","message":"n8n.node.finished","payload":{"workflowId":"djKoqbJYAtFuGd81","workflowName":"PizzerIA - Delivery","executionId":"87","nodeType":"n8n-nodes-base.scheduleTrigger","nodeName":"Schedule Trigger"}}
{"__type":"$$EventMessageConfirm","confirm":"e4381479-8bf6-42bf-99e5-f53908df8105","ts":"2025-03-25T19:10:42.096+01:00","source":{"id":"0","name":"eventBus"}}
{"__type":"$$EventMessageNode","id":"9acf7aff-6afa-4933-8b99-534889be193e","ts":"2025-03-25T19:10:42.096+01:00","eventName":"n8n.node.started","message":"n8n.node.started","payload":{"workflowId":"djKoqbJYAtFuGd81","workflowName":"PizzerIA - Delivery","executionId":"87","nodeType":"n8n-nodes-base.dateTime","nodeName":"Date Formatter"}}
{"__type":"$$EventMessageConfirm","confirm":"9acf7aff-6afa-4933-8b99-534889be193e","ts":"2025-03-25T19:10:42.096+01:00","source":{"id":"0","name":"eventBus"}}
{"__type":"$$EventMessageNode","id":"415658b6-45cc-46b4-9645-852cf18d0351","ts":"2025-03-25T19:10:42.134+01:00","eventName":"n8n.node.finished","message":"n8n.node.finished","payload":{"workflowId":"djKoqbJYAtFuGd81","workflowName":"PizzerIA - Delivery","executionId":"87","nodeType":"n8n-nodes-base.dateTime","nodeName":"Date Formatter"}}
{"__type":"$$EventMessageConfirm","confirm":"415658b6-45cc-46b4-9645-852cf18d0351","ts":"2025-03-25T19:10:42.134+01:00","source":{"id":"0","name":"eventBus"}}
{"__type":"$$EventMessageNode","id":"1a84ee0b-f0e3-4cbb-b467-f2469e34dd48","ts":"2025-03-25T19:10:42.134+01:00","eventName":"n8n.node.started","message":"n8n.node.started","payload":{"workflowId":"djKoqbJYAtFuGd81","workflowName":"PizzerIA - Delivery","executionId":"87","nodeType":"n8n-nodes-base.mySql","nodeName":"Orders Query"}}
{"__type":"$$EventMessageConfirm","confirm":"1a84ee0b-f0e3-4cbb-b467-f2469e34dd48","ts":"2025-03-25T19:10:42.134+01:00","source":{"id":"0","name":"eventBus"}}
{"__type":"$$EventMessageNode","id":"fa63c120-e220-4569-b709-89a973c68046","ts":"2025-03-25T19:10:42.210+01:00","eventName":"n8n.node.finished","message":"n8n.node.finished","payload":{"workflowId":"djKoqbJYAtFuGd81","workflowName":"PizzerIA - Delivery","executionId":"87","nodeType":"n8n-nodes-base.mySql","nodeName":"Orders Query"}}
{"__type":"$$EventMessageConfirm","confirm":"fa63c120-e220-4569-b709-89a973c68046","ts":"2025-03-25T19:10:42.211+01:00","source":{"id":"0","name":"eventBus"}}
{"__type":"$$EventMessageNode","id":"0a01c779-dd39-420b-a13e-a9ddacbd7737","ts":"2025-03-25T19:10:42.212+01:00","eventName":"n8n.node.started","message":"n8n.node.started","payload":{"workflowId":"djKoqbJYAtFuGd81","workflowName":"PizzerIA - Delivery","executionId":"87","nodeType":"n8n-nodes-base.httpRequest","nodeName":"HTTP Request"}}
{"__type":"$$EventMessageConfirm","confirm":"0a01c779-dd39-420b-a13e-a9ddacbd7737","ts":"2025-03-25T19:10:42.212+01:00","source":{"id":"0","name":"eventBus"}}
{"__type":"$$EventMessageNode","id":"a9251ee4-2dc0-4bec-8eff-c598cdb9d0b9","ts":"2025-03-25T19:10:42.341+01:00","eventName":"n8n.node.finished","message":"n8n.node.finished","payload":{"workflowId":"djKoqbJYAtFuGd81","workflowName":"PizzerIA - Delivery","executionId":"87","nodeType":"n8n-nodes-base.httpRequest","nodeName":"HTTP Request"}}
{"__type":"$$EventMessageConfirm","confirm":"a9251ee4-2dc0-4bec-8eff-c598cdb9d0b9","ts":"2025-03-25T19:10:42.341+01:00","source":{"id":"0","name":"eventBus"}}
{"__type":"$$EventMessageWorkflow","id":"26c7d290-37bc-405b-87ff-2cd20958011a","ts":"2025-03-25T19:10:42.343+01:00","eventName":"n8n.workflow.failed","message":"n8n.workflow.failed","payload":{"executionId":"87","success":false,"isManual":false,"workflowId":"djKoqbJYAtFuGd81","workflowName":"PizzerIA - Delivery","lastNodeExecuted":"HTTP Request","errorNodeType":"n8n-nodes-base.httpRequest","errorMessage":"Your request is invalid or could not be processed by the service"}}
{"__type":"$$EventMessageConfirm","confirm":"26c7d290-37bc-405b-87ff-2cd20958011a","ts":"2025-03-25T19:10:42.343+01:00","source":{"id":"0","name":"eventBus"}}
{"__type":"$$EventMessageWorkflow","id":"bb4f4261-585b-4849-8f32-137625876770","ts":"2025-03-25T19:15:42.070+01:00","eventName":"n8n.workflow.started","message":"n8n.workflow.started","payload":{"executionId":"88","workflowId":"djKoqbJYAtFuGd81","isManual":false,"workflowName":"PizzerIA - Delivery"}}
{"__type":"$$EventMessageConfirm","confirm":"bb4f4261-585b-4849-8f32-137625876770","ts":"2025-03-25T19:15:42.071+01:00","source":{"id":"0","name":"eventBus"}}
{"__type":"$$EventMessageNode","id":"5714eb72-a8d9-4045-adba-f35737cb5f70","ts":"2025-03-25T19:15:42.071+01:00","eventName":"n8n.node.started","message":"n8n.node.started","payload":{"workflowId":"djKoqbJYAtFuGd81","workflowName":"PizzerIA - Delivery","executionId":"88","nodeType":"n8n-nodes-base.scheduleTrigger","nodeName":"Schedule Trigger"}}
{"__type":"$$EventMessageConfirm","confirm":"5714eb72-a8d9-4045-adba-f35737cb5f70","ts":"2025-03-25T19:15:42.072+01:00","source":{"id":"0","name":"eventBus"}}
{"__type":"$$EventMessageNode","id":"e45e2a0a-476a-44b8-bc78-3f4d9d10e6c6","ts":"2025-03-25T19:15:42.072+01:00","eventName":"n8n.node.finished","message":"n8n.node.finished","payload":{"workflowId":"djKoqbJYAtFuGd81","workflowName":"PizzerIA - Delivery","executionId":"88","nodeType":"n8n-nodes-base.scheduleTrigger","nodeName":"Schedule Trigger"}}
{"__type":"$$EventMessageConfirm","confirm":"e45e2a0a-476a-44b8-bc78-3f4d9d10e6c6","ts":"2025-03-25T19:15:42.072+01:00","source":{"id":"0","name":"eventBus"}}
{"__type":"$$EventMessageNode","id":"7fc1d161-312a-4117-aff0-0b9ddb1a8208","ts":"2025-03-25T19:15:42.072+01:00","eventName":"n8n.node.started","message":"n8n.node.started","payload":{"workflowId":"djKoqbJYAtFuGd81","workflowName":"PizzerIA - Delivery","executionId":"88","nodeType":"n8n-nodes-base.dateTime","nodeName":"Date Formatter"}}
{"__type":"$$EventMessageConfirm","confirm":"7fc1d161-312a-4117-aff0-0b9ddb1a8208","ts":"2025-03-25T19:15:42.072+01:00","source":{"id":"0","name":"eventBus"}}
{"__type":"$$EventMessageNode","id":"400f7dbd-8cec-4e48-8736-082c7e8f4d9c","ts":"2025-03-25T19:15:42.091+01:00","eventName":"n8n.node.finished","message":"n8n.node.finished","payload":{"workflowId":"djKoqbJYAtFuGd81","workflowName":"PizzerIA - Delivery","executionId":"88","nodeType":"n8n-nodes-base.dateTime","nodeName":"Date Formatter"}}
{"__type":"$$EventMessageConfirm","confirm":"400f7dbd-8cec-4e48-8736-082c7e8f4d9c","ts":"2025-03-25T19:15:42.091+01:00","source":{"id":"0","name":"eventBus"}}
{"__type":"$$EventMessageNode","id":"d038aa0c-42ac-46b3-856c-640185aaa2b2","ts":"2025-03-25T19:15:42.092+01:00","eventName":"n8n.node.started","message":"n8n.node.started","payload":{"workflowId":"djKoqbJYAtFuGd81","workflowName":"PizzerIA - Delivery","executionId":"88","nodeType":"n8n-nodes-base.mySql","nodeName":"Orders Query"}}
{"__type":"$$EventMessageConfirm","confirm":"d038aa0c-42ac-46b3-856c-640185aaa2b2","ts":"2025-03-25T19:15:42.092+01:00","source":{"id":"0","name":"eventBus"}}
{"__type":"$$EventMessageNode","id":"44653636-95c0-42b5-8564-e2748f7eb561","ts":"2025-03-25T19:15:42.113+01:00","eventName":"n8n.node.finished","message":"n8n.node.finished","payload":{"workflowId":"djKoqbJYAtFuGd81","workflowName":"PizzerIA - Delivery","executionId":"88","nodeType":"n8n-nodes-base.mySql","nodeName":"Orders Query"}}
{"__type":"$$EventMessageConfirm","confirm":"44653636-95c0-42b5-8564-e2748f7eb561","ts":"2025-03-25T19:15:42.113+01:00","source":{"id":"0","name":"eventBus"}}
{"__type":"$$EventMessageNode","id":"ee6a66df-4879-4981-b2ea-f1591fb5b776","ts":"2025-03-25T19:15:42.113+01:00","eventName":"n8n.node.started","message":"n8n.node.started","payload":{"workflowId":"djKoqbJYAtFuGd81","workflowName":"PizzerIA - Delivery","executionId":"88","nodeType":"n8n-nodes-base.httpRequest","nodeName":"HTTP Request"}}
{"__type":"$$EventMessageConfirm","confirm":"ee6a66df-4879-4981-b2ea-f1591fb5b776","ts":"2025-03-25T19:15:42.113+01:00","source":{"id":"0","name":"eventBus"}}
{"__type":"$$EventMessageNode","id":"a68d92a8-455c-43b8-bca0-950fb527d65e","ts":"2025-03-25T19:15:42.158+01:00","eventName":"n8n.node.finished","message":"n8n.node.finished","payload":{"workflowId":"djKoqbJYAtFuGd81","workflowName":"PizzerIA - Delivery","executionId":"88","nodeType":"n8n-nodes-base.httpRequest","nodeName":"HTTP Request"}}
{"__type":"$$EventMessageConfirm","confirm":"a68d92a8-455c-43b8-bca0-950fb527d65e","ts":"2025-03-25T19:15:42.158+01:00","source":{"id":"0","name":"eventBus"}}
{"__type":"$$EventMessageWorkflow","id":"2feb94c1-75ec-4551-bebf-5785ec7a4f33","ts":"2025-03-25T19:15:42.159+01:00","eventName":"n8n.workflow.failed","message":"n8n.workflow.failed","payload":{"executionId":"88","success":false,"isManual":false,"workflowId":"djKoqbJYAtFuGd81","workflowName":"PizzerIA - Delivery","lastNodeExecuted":"HTTP Request","errorNodeType":"n8n-nodes-base.httpRequest","errorMessage":"Your request is invalid or could not be processed by the service"}}
{"__type":"$$EventMessageConfirm","confirm":"2feb94c1-75ec-4551-bebf-5785ec7a4f33","ts":"2025-03-25T19:15:42.159+01:00","source":{"id":"0","name":"eventBus"}}
{"__type":"$$EventMessageWorkflow","id":"fb681796-dad1-4935-b0f5-af3b9f965e86","ts":"2025-03-25T19:20:42.055+01:00","eventName":"n8n.workflow.started","message":"n8n.workflow.started","payload":{"executionId":"89","workflowId":"djKoqbJYAtFuGd81","isManual":false,"workflowName":"PizzerIA - Delivery"}}
{"__type":"$$EventMessageConfirm","confirm":"fb681796-dad1-4935-b0f5-af3b9f965e86","ts":"2025-03-25T19:20:42.056+01:00","source":{"id":"0","name":"eventBus"}}
{"__type":"$$EventMessageNode","id":"b2605f93-ead4-44ce-b374-f7af7851359b","ts":"2025-03-25T19:20:42.056+01:00","eventName":"n8n.node.started","message":"n8n.node.started","payload":{"workflowId":"djKoqbJYAtFuGd81","workflowName":"PizzerIA - Delivery","executionId":"89","nodeType":"n8n-nodes-base.scheduleTrigger","nodeName":"Schedule Trigger"}}
{"__type":"$$EventMessageConfirm","confirm":"b2605f93-ead4-44ce-b374-f7af7851359b","ts":"2025-03-25T19:20:42.056+01:00","source":{"id":"0","name":"eventBus"}}
{"__type":"$$EventMessageNode","id":"4f998d47-41da-4b7b-8bad-f35d1c170a1f","ts":"2025-03-25T19:20:42.057+01:00","eventName":"n8n.node.finished","message":"n8n.node.finished","payload":{"workflowId":"djKoqbJYAtFuGd81","workflowName":"PizzerIA - Delivery","executionId":"89","nodeType":"n8n-nodes-base.scheduleTrigger","nodeName":"Schedule Trigger"}}
{"__type":"$$EventMessageConfirm","confirm":"4f998d47-41da-4b7b-8bad-f35d1c170a1f","ts":"2025-03-25T19:20:42.057+01:00","source":{"id":"0","name":"eventBus"}}
{"__type":"$$EventMessageNode","id":"dd54cf91-a95c-4858-a501-e102d4c52d83","ts":"2025-03-25T19:20:42.057+01:00","eventName":"n8n.node.started","message":"n8n.node.started","payload":{"workflowId":"djKoqbJYAtFuGd81","workflowName":"PizzerIA - Delivery","executionId":"89","nodeType":"n8n-nodes-base.dateTime","nodeName":"Date Formatter"}}
{"__type":"$$EventMessageConfirm","confirm":"dd54cf91-a95c-4858-a501-e102d4c52d83","ts":"2025-03-25T19:20:42.057+01:00","source":{"id":"0","name":"eventBus"}}
{"__type":"$$EventMessageNode","id":"4bf23b4a-012c-44de-9f84-c9af41ecbf5e","ts":"2025-03-25T19:20:42.064+01:00","eventName":"n8n.node.finished","message":"n8n.node.finished","payload":{"workflowId":"djKoqbJYAtFuGd81","workflowName":"PizzerIA - Delivery","executionId":"89","nodeType":"n8n-nodes-base.dateTime","nodeName":"Date Formatter"}}
{"__type":"$$EventMessageConfirm","confirm":"4bf23b4a-012c-44de-9f84-c9af41ecbf5e","ts":"2025-03-25T19:20:42.064+01:00","source":{"id":"0","name":"eventBus"}}
{"__type":"$$EventMessageNode","id":"82024a93-6b06-4cbe-bf17-4cc2ebca42a5","ts":"2025-03-25T19:20:42.064+01:00","eventName":"n8n.node.started","message":"n8n.node.started","payload":{"workflowId":"djKoqbJYAtFuGd81","workflowName":"PizzerIA - Delivery","executionId":"89","nodeType":"n8n-nodes-base.mySql","nodeName":"Orders Query"}}
{"__type":"$$EventMessageConfirm","confirm":"82024a93-6b06-4cbe-bf17-4cc2ebca42a5","ts":"2025-03-25T19:20:42.064+01:00","source":{"id":"0","name":"eventBus"}}
{"__type":"$$EventMessageNode","id":"5bd23703-d6e4-4b3e-b5bf-75eb1b24c9b0","ts":"2025-03-25T19:20:42.077+01:00","eventName":"n8n.node.finished","message":"n8n.node.finished","payload":{"workflowId":"djKoqbJYAtFuGd81","workflowName":"PizzerIA - Delivery","executionId":"89","nodeType":"n8n-nodes-base.mySql","nodeName":"Orders Query"}}
{"__type":"$$EventMessageConfirm","confirm":"5bd23703-d6e4-4b3e-b5bf-75eb1b24c9b0","ts":"2025-03-25T19:20:42.078+01:00","source":{"id":"0","name":"eventBus"}}
{"__type":"$$EventMessageNode","id":"fde1404c-10e2-46a5-aff3-a835b5c5ef8a","ts":"2025-03-25T19:20:42.078+01:00","eventName":"n8n.node.started","message":"n8n.node.started","payload":{"workflowId":"djKoqbJYAtFuGd81","workflowName":"PizzerIA - Delivery","executionId":"89","nodeType":"n8n-nodes-base.httpRequest","nodeName":"HTTP Request"}}
{"__type":"$$EventMessageConfirm","confirm":"fde1404c-10e2-46a5-aff3-a835b5c5ef8a","ts":"2025-03-25T19:20:42.078+01:00","source":{"id":"0","name":"eventBus"}}
{"__type":"$$EventMessageNode","id":"528cf975-20fd-4d80-a0e5-8245ddc4747f","ts":"2025-03-25T19:20:42.093+01:00","eventName":"n8n.node.finished","message":"n8n.node.finished","payload":{"workflowId":"djKoqbJYAtFuGd81","workflowName":"PizzerIA - Delivery","executionId":"89","nodeType":"n8n-nodes-base.httpRequest","nodeName":"HTTP Request"}}
{"__type":"$$EventMessageConfirm","confirm":"528cf975-20fd-4d80-a0e5-8245ddc4747f","ts":"2025-03-25T19:20:42.093+01:00","source":{"id":"0","name":"eventBus"}}
{"__type":"$$EventMessageWorkflow","id":"fae40e55-a3ee-43d8-b861-d6be4a0a85b8","ts":"2025-03-25T19:20:42.094+01:00","eventName":"n8n.workflow.failed","message":"n8n.workflow.failed","payload":{"executionId":"89","success":false,"isManual":false,"workflowId":"djKoqbJYAtFuGd81","workflowName":"PizzerIA - Delivery","lastNodeExecuted":"HTTP Request","errorNodeType":"n8n-nodes-base.httpRequest","errorMessage":"Your request is invalid or could not be processed by the service"}}
{"__type":"$$EventMessageConfirm","confirm":"fae40e55-a3ee-43d8-b861-d6be4a0a85b8","ts":"2025-03-25T19:20:42.094+01:00","source":{"id":"0","name":"eventBus"}}
{"__type":"$$EventMessageWorkflow","id":"28af871e-650b-49b7-ac5a-7d7c95ed2caa","ts":"2025-03-25T19:51:25.928+01:00","eventName":"n8n.workflow.started","message":"n8n.workflow.started","payload":{"executionId":"90","workflowId":"djKoqbJYAtFuGd81","isManual":false,"workflowName":"PizzerIA - Delivery"}}
{"__type":"$$EventMessageConfirm","confirm":"28af871e-650b-49b7-ac5a-7d7c95ed2caa","ts":"2025-03-25T19:51:25.928+01:00","source":{"id":"0","name":"eventBus"}}
{"__type":"$$EventMessageNode","id":"7448912f-b6be-4f90-b56e-b6d6901b48d9","ts":"2025-03-25T19:51:25.929+01:00","eventName":"n8n.node.started","message":"n8n.node.started","payload":{"workflowId":"djKoqbJYAtFuGd81","workflowName":"PizzerIA - Delivery","executionId":"90","nodeType":"n8n-nodes-base.scheduleTrigger","nodeName":"Schedule Trigger"}}
{"__type":"$$EventMessageConfirm","confirm":"7448912f-b6be-4f90-b56e-b6d6901b48d9","ts":"2025-03-25T19:51:25.929+01:00","source":{"id":"0","name":"eventBus"}}
{"__type":"$$EventMessageNode","id":"2190446d-7917-4816-96ca-586e21f10377","ts":"2025-03-25T19:51:25.930+01:00","eventName":"n8n.node.finished","message":"n8n.node.finished","payload":{"workflowId":"djKoqbJYAtFuGd81","workflowName":"PizzerIA - Delivery","executionId":"90","nodeType":"n8n-nodes-base.scheduleTrigger","nodeName":"Schedule Trigger"}}
{"__type":"$$EventMessageConfirm","confirm":"2190446d-7917-4816-96ca-586e21f10377","ts":"2025-03-25T19:51:25.930+01:00","source":{"id":"0","name":"eventBus"}}
{"__type":"$$EventMessageNode","id":"8bd9cc5b-8176-4c3d-8bb2-c5a65a28db8e","ts":"2025-03-25T19:51:25.930+01:00","eventName":"n8n.node.started","message":"n8n.node.started","payload":{"workflowId":"djKoqbJYAtFuGd81","workflowName":"PizzerIA - Delivery","executionId":"90","nodeType":"n8n-nodes-base.dateTime","nodeName":"Date Formatter"}}
{"__type":"$$EventMessageConfirm","confirm":"8bd9cc5b-8176-4c3d-8bb2-c5a65a28db8e","ts":"2025-03-25T19:51:25.930+01:00","source":{"id":"0","name":"eventBus"}}
{"__type":"$$EventMessageNode","id":"fce10347-ec24-469d-8d57-d4b5388ce3ba","ts":"2025-03-25T19:51:25.935+01:00","eventName":"n8n.node.finished","message":"n8n.node.finished","payload":{"workflowId":"djKoqbJYAtFuGd81","workflowName":"PizzerIA - Delivery","executionId":"90","nodeType":"n8n-nodes-base.dateTime","nodeName":"Date Formatter"}}
{"__type":"$$EventMessageConfirm","confirm":"fce10347-ec24-469d-8d57-d4b5388ce3ba","ts":"2025-03-25T19:51:25.936+01:00","source":{"id":"0","name":"eventBus"}}
{"__type":"$$EventMessageNode","id":"bce35766-95fd-4ae0-a151-9fab2cb17252","ts":"2025-03-25T19:51:25.936+01:00","eventName":"n8n.node.started","message":"n8n.node.started","payload":{"workflowId":"djKoqbJYAtFuGd81","workflowName":"PizzerIA - Delivery","executionId":"90","nodeType":"n8n-nodes-base.mySql","nodeName":"Orders Query"}}
{"__type":"$$EventMessageConfirm","confirm":"bce35766-95fd-4ae0-a151-9fab2cb17252","ts":"2025-03-25T19:51:25.936+01:00","source":{"id":"0","name":"eventBus"}}
{"__type":"$$EventMessageNode","id":"150395f5-8cdb-4e82-b756-e6eabab305df","ts":"2025-03-25T19:51:25.990+01:00","eventName":"n8n.node.finished","message":"n8n.node.finished","payload":{"workflowId":"djKoqbJYAtFuGd81","workflowName":"PizzerIA - Delivery","executionId":"90","nodeType":"n8n-nodes-base.mySql","nodeName":"Orders Query"}}
{"__type":"$$EventMessageConfirm","confirm":"150395f5-8cdb-4e82-b756-e6eabab305df","ts":"2025-03-25T19:51:25.990+01:00","source":{"id":"0","name":"eventBus"}}
{"__type":"$$EventMessageNode","id":"b6c1243a-c65b-4eca-a78e-b976ef040c2b","ts":"2025-03-25T19:51:25.990+01:00","eventName":"n8n.node.started","message":"n8n.node.started","payload":{"workflowId":"djKoqbJYAtFuGd81","workflowName":"PizzerIA - Delivery","executionId":"90","nodeType":"n8n-nodes-base.httpRequest","nodeName":"HTTP Request"}}
{"__type":"$$EventMessageConfirm","confirm":"b6c1243a-c65b-4eca-a78e-b976ef040c2b","ts":"2025-03-25T19:51:25.990+01:00","source":{"id":"0","name":"eventBus"}}
{"__type":"$$EventMessageNode","id":"7e8070e6-e1ad-4ba7-a4ee-b7ebee6785b9","ts":"2025-03-25T19:51:26.022+01:00","eventName":"n8n.node.finished","message":"n8n.node.finished","payload":{"workflowId":"djKoqbJYAtFuGd81","workflowName":"PizzerIA - Delivery","executionId":"90","nodeType":"n8n-nodes-base.httpRequest","nodeName":"HTTP Request"}}
{"__type":"$$EventMessageConfirm","confirm":"7e8070e6-e1ad-4ba7-a4ee-b7ebee6785b9","ts":"2025-03-25T19:51:26.023+01:00","source":{"id":"0","name":"eventBus"}}
{"__type":"$$EventMessageWorkflow","id":"4682bfa9-557d-4735-9bc2-a1bc6ddeaf23","ts":"2025-03-25T19:51:26.023+01:00","eventName":"n8n.workflow.failed","message":"n8n.workflow.failed","payload":{"executionId":"90","success":false,"isManual":false,"workflowId":"djKoqbJYAtFuGd81","workflowName":"PizzerIA - Delivery","lastNodeExecuted":"HTTP Request","errorNodeType":"n8n-nodes-base.httpRequest","errorMessage":"Your request is invalid or could not be processed by the service"}}
{"__type":"$$EventMessageConfirm","confirm":"4682bfa9-557d-4735-9bc2-a1bc6ddeaf23","ts":"2025-03-25T19:51:26.023+01:00","source":{"id":"0","name":"eventBus"}}
{"__type":"$$EventMessageWorkflow","id":"25908eb2-5f08-4271-95f7-bd92204e09df","ts":"2025-03-25T20:09:14.837+01:00","eventName":"n8n.workflow.started","message":"n8n.workflow.started","payload":{"executionId":"91","workflowId":"djKoqbJYAtFuGd81","isManual":false,"workflowName":"PizzerIA - Delivery"}}
{"__type":"$$EventMessageConfirm","confirm":"25908eb2-5f08-4271-95f7-bd92204e09df","ts":"2025-03-25T20:09:14.915+01:00","source":{"id":"0","name":"eventBus"}}
{"__type":"$$EventMessageNode","id":"59290c0f-5aab-4eb5-983f-98e0c83537ca","ts":"2025-03-25T20:09:14.952+01:00","eventName":"n8n.node.started","message":"n8n.node.started","payload":{"workflowId":"djKoqbJYAtFuGd81","workflowName":"PizzerIA - Delivery","executionId":"91","nodeType":"n8n-nodes-base.scheduleTrigger","nodeName":"Schedule Trigger"}}
{"__type":"$$EventMessageConfirm","confirm":"59290c0f-5aab-4eb5-983f-98e0c83537ca","ts":"2025-03-25T20:09:14.982+01:00","source":{"id":"0","name":"eventBus"}}
{"__type":"$$EventMessageNode","id":"a2e8f46c-eae2-44e1-bb24-bb131f238c4b","ts":"2025-03-25T20:09:15.059+01:00","eventName":"n8n.node.finished","message":"n8n.node.finished","payload":{"workflowId":"djKoqbJYAtFuGd81","workflowName":"PizzerIA - Delivery","executionId":"91","nodeType":"n8n-nodes-base.scheduleTrigger","nodeName":"Schedule Trigger"}}
{"__type":"$$EventMessageConfirm","confirm":"a2e8f46c-eae2-44e1-bb24-bb131f238c4b","ts":"2025-03-25T20:09:15.118+01:00","source":{"id":"0","name":"eventBus"}}
{"__type":"$$EventMessageNode","id":"fcfda848-7980-44b4-88de-dd4df3b8122f","ts":"2025-03-25T20:09:15.267+01:00","eventName":"n8n.node.started","message":"n8n.node.started","payload":{"workflowId":"djKoqbJYAtFuGd81","workflowName":"PizzerIA - Delivery","executionId":"91","nodeType":"n8n-nodes-base.dateTime","nodeName":"Date Formatter"}}
{"__type":"$$EventMessageConfirm","confirm":"fcfda848-7980-44b4-88de-dd4df3b8122f","ts":"2025-03-25T20:09:15.274+01:00","source":{"id":"0","name":"eventBus"}}
{"__type":"$$EventMessageNode","id":"0bd8f4ac-9e6e-41b9-afe6-da131c1fa76b","ts":"2025-03-25T20:09:17.341+01:00","eventName":"n8n.node.finished","message":"n8n.node.finished","payload":{"workflowId":"djKoqbJYAtFuGd81","workflowName":"PizzerIA - Delivery","executionId":"91","nodeType":"n8n-nodes-base.dateTime","nodeName":"Date Formatter"}}
{"__type":"$$EventMessageConfirm","confirm":"0bd8f4ac-9e6e-41b9-afe6-da131c1fa76b","ts":"2025-03-25T20:09:17.441+01:00","source":{"id":"0","name":"eventBus"}}
{"__type":"$$EventMessageNode","id":"4d523f75-29f6-4405-a281-10d653ba0ad3","ts":"2025-03-25T20:09:17.449+01:00","eventName":"n8n.node.started","message":"n8n.node.started","payload":{"workflowId":"djKoqbJYAtFuGd81","workflowName":"PizzerIA - Delivery","executionId":"91","nodeType":"n8n-nodes-base.mySql","nodeName":"Orders Query"}}
{"__type":"$$EventMessageConfirm","confirm":"4d523f75-29f6-4405-a281-10d653ba0ad3","ts":"2025-03-25T20:09:17.483+01:00","source":{"id":"0","name":"eventBus"}}
{"__type":"$$EventMessageNode","id":"0f8b2666-e204-46a0-b543-419c8814deba","ts":"2025-03-25T20:09:20.696+01:00","eventName":"n8n.node.finished","message":"n8n.node.finished","payload":{"workflowId":"djKoqbJYAtFuGd81","workflowName":"PizzerIA - Delivery","executionId":"91","nodeType":"n8n-nodes-base.mySql","nodeName":"Orders Query"}}
{"__type":"$$EventMessageConfirm","confirm":"0f8b2666-e204-46a0-b543-419c8814deba","ts":"2025-03-25T20:09:20.705+01:00","source":{"id":"0","name":"eventBus"}}
{"__type":"$$EventMessageNode","id":"4a626882-418b-4af3-873b-8f3323cd1f1c","ts":"2025-03-25T20:09:20.714+01:00","eventName":"n8n.node.started","message":"n8n.node.started","payload":{"workflowId":"djKoqbJYAtFuGd81","workflowName":"PizzerIA - Delivery","executionId":"91","nodeType":"n8n-nodes-base.httpRequest","nodeName":"HTTP Request"}}
{"__type":"$$EventMessageConfirm","confirm":"4a626882-418b-4af3-873b-8f3323cd1f1c","ts":"2025-03-25T20:09:20.716+01:00","source":{"id":"0","name":"eventBus"}}
{"__type":"$$EventMessageNode","id":"97ca7ed0-d6c0-4249-985e-deb793aeb1fb","ts":"2025-03-25T20:09:26.162+01:00","eventName":"n8n.node.finished","message":"n8n.node.finished","payload":{"workflowId":"djKoqbJYAtFuGd81","workflowName":"PizzerIA - Delivery","executionId":"91","nodeType":"n8n-nodes-base.httpRequest","nodeName":"HTTP Request"}}
{"__type":"$$EventMessageConfirm","confirm":"97ca7ed0-d6c0-4249-985e-deb793aeb1fb","ts":"2025-03-25T20:09:26.167+01:00","source":{"id":"0","name":"eventBus"}}
{"__type":"$$EventMessageWorkflow","id":"6a1b3739-5473-47ea-bac7-7f51b308db7a","ts":"2025-03-25T20:09:26.800+01:00","eventName":"n8n.workflow.failed","message":"n8n.workflow.failed","payload":{"executionId":"91","success":false,"isManual":false,"workflowId":"djKoqbJYAtFuGd81","workflowName":"PizzerIA - Delivery","lastNodeExecuted":"HTTP Request","errorNodeType":"n8n-nodes-base.httpRequest","errorMessage":"Your request is invalid or could not be processed by the service"}}
{"__type":"$$EventMessageConfirm","confirm":"6a1b3739-5473-47ea-bac7-7f51b308db7a","ts":"2025-03-25T20:09:26.803+01:00","source":{"id":"0","name":"eventBus"}}
{"__type":"$$EventMessageWorkflow","id":"8c902116-6840-44da-8b5b-c2fd5c25cfdb","ts":"2025-03-25T20:10:42.657+01:00","eventName":"n8n.workflow.started","message":"n8n.workflow.started","payload":{"executionId":"92","workflowId":"djKoqbJYAtFuGd81","isManual":false,"workflowName":"PizzerIA - Delivery"}}
{"__type":"$$EventMessageConfirm","confirm":"8c902116-6840-44da-8b5b-c2fd5c25cfdb","ts":"2025-03-25T20:10:42.657+01:00","source":{"id":"0","name":"eventBus"}}
{"__type":"$$EventMessageNode","id":"3925a9f2-48dd-4e74-b37b-6d7d07df25ed","ts":"2025-03-25T20:10:42.658+01:00","eventName":"n8n.node.started","message":"n8n.node.started","payload":{"workflowId":"djKoqbJYAtFuGd81","workflowName":"PizzerIA - Delivery","executionId":"92","nodeType":"n8n-nodes-base.scheduleTrigger","nodeName":"Schedule Trigger"}}
{"__type":"$$EventMessageConfirm","confirm":"3925a9f2-48dd-4e74-b37b-6d7d07df25ed","ts":"2025-03-25T20:10:42.659+01:00","source":{"id":"0","name":"eventBus"}}
{"__type":"$$EventMessageNode","id":"50bf9ed7-4978-4a89-9a99-d0274a990e0a","ts":"2025-03-25T20:10:42.660+01:00","eventName":"n8n.node.finished","message":"n8n.node.finished","payload":{"workflowId":"djKoqbJYAtFuGd81","workflowName":"PizzerIA - Delivery","executionId":"92","nodeType":"n8n-nodes-base.scheduleTrigger","nodeName":"Schedule Trigger"}}
{"__type":"$$EventMessageConfirm","confirm":"50bf9ed7-4978-4a89-9a99-d0274a990e0a","ts":"2025-03-25T20:10:42.661+01:00","source":{"id":"0","name":"eventBus"}}
{"__type":"$$EventMessageNode","id":"ce1d29d4-9ffc-45ec-97ad-633c8d7f000b","ts":"2025-03-25T20:10:42.665+01:00","eventName":"n8n.node.started","message":"n8n.node.started","payload":{"workflowId":"djKoqbJYAtFuGd81","workflowName":"PizzerIA - Delivery","executionId":"92","nodeType":"n8n-nodes-base.dateTime","nodeName":"Date Formatter"}}
{"__type":"$$EventMessageConfirm","confirm":"ce1d29d4-9ffc-45ec-97ad-633c8d7f000b","ts":"2025-03-25T20:10:42.666+01:00","source":{"id":"0","name":"eventBus"}}
{"__type":"$$EventMessageNode","id":"7972eca6-706b-4613-8a63-d6d1ab274b89","ts":"2025-03-25T20:10:42.685+01:00","eventName":"n8n.node.finished","message":"n8n.node.finished","payload":{"workflowId":"djKoqbJYAtFuGd81","workflowName":"PizzerIA - Delivery","executionId":"92","nodeType":"n8n-nodes-base.dateTime","nodeName":"Date Formatter"}}
{"__type":"$$EventMessageConfirm","confirm":"7972eca6-706b-4613-8a63-d6d1ab274b89","ts":"2025-03-25T20:10:42.685+01:00","source":{"id":"0","name":"eventBus"}}
{"__type":"$$EventMessageNode","id":"c9ba0bcc-95ef-4aaa-aa55-ee8a9a194667","ts":"2025-03-25T20:10:42.685+01:00","eventName":"n8n.node.started","message":"n8n.node.started","payload":{"workflowId":"djKoqbJYAtFuGd81","workflowName":"PizzerIA - Delivery","executionId":"92","nodeType":"n8n-nodes-base.mySql","nodeName":"Orders Query"}}
{"__type":"$$EventMessageConfirm","confirm":"c9ba0bcc-95ef-4aaa-aa55-ee8a9a194667","ts":"2025-03-25T20:10:42.685+01:00","source":{"id":"0","name":"eventBus"}}
{"__type":"$$EventMessageNode","id":"b9609900-f06c-4c6a-aa2f-047ed44f0db9","ts":"2025-03-25T20:10:42.761+01:00","eventName":"n8n.node.finished","message":"n8n.node.finished","payload":{"workflowId":"djKoqbJYAtFuGd81","workflowName":"PizzerIA - Delivery","executionId":"92","nodeType":"n8n-nodes-base.mySql","nodeName":"Orders Query"}}
{"__type":"$$EventMessageConfirm","confirm":"b9609900-f06c-4c6a-aa2f-047ed44f0db9","ts":"2025-03-25T20:10:42.762+01:00","source":{"id":"0","name":"eventBus"}}
{"__type":"$$EventMessageNode","id":"5b0c323d-b9af-4059-bb8d-85735406af11","ts":"2025-03-25T20:10:42.762+01:00","eventName":"n8n.node.started","message":"n8n.node.started","payload":{"workflowId":"djKoqbJYAtFuGd81","workflowName":"PizzerIA - Delivery","executionId":"92","nodeType":"n8n-nodes-base.httpRequest","nodeName":"HTTP Request"}}
{"__type":"$$EventMessageConfirm","confirm":"5b0c323d-b9af-4059-bb8d-85735406af11","ts":"2025-03-25T20:10:42.762+01:00","source":{"id":"0","name":"eventBus"}}
{"__type":"$$EventMessageNode","id":"5d97db44-dec8-405a-aa20-551822140568","ts":"2025-03-25T20:10:42.797+01:00","eventName":"n8n.node.finished","message":"n8n.node.finished","payload":{"workflowId":"djKoqbJYAtFuGd81","workflowName":"PizzerIA - Delivery","executionId":"92","nodeType":"n8n-nodes-base.httpRequest","nodeName":"HTTP Request"}}
{"__type":"$$EventMessageConfirm","confirm":"5d97db44-dec8-405a-aa20-551822140568","ts":"2025-03-25T20:10:42.797+01:00","source":{"id":"0","name":"eventBus"}}
{"__type":"$$EventMessageWorkflow","id":"6e48a67b-aefb-4e8b-afec-78fe7d6ffe8d","ts":"2025-03-25T20:10:42.799+01:00","eventName":"n8n.workflow.failed","message":"n8n.workflow.failed","payload":{"executionId":"92","success":false,"isManual":false,"workflowId":"djKoqbJYAtFuGd81","workflowName":"PizzerIA - Delivery","lastNodeExecuted":"HTTP Request","errorNodeType":"n8n-nodes-base.httpRequest","errorMessage":"Your request is invalid or could not be processed by the service"}}
{"__type":"$$EventMessageConfirm","confirm":"6e48a67b-aefb-4e8b-afec-78fe7d6ffe8d","ts":"2025-03-25T20:10:42.801+01:00","source":{"id":"0","name":"eventBus"}}
{"__type":"$$EventMessageWorkflow","id":"ab62106a-769c-4001-bb8a-707e406a1d7a","ts":"2025-03-25T20:15:42.087+01:00","eventName":"n8n.workflow.started","message":"n8n.workflow.started","payload":{"executionId":"93","workflowId":"djKoqbJYAtFuGd81","isManual":false,"workflowName":"PizzerIA - Delivery"}}
{"__type":"$$EventMessageConfirm","confirm":"ab62106a-769c-4001-bb8a-707e406a1d7a","ts":"2025-03-25T20:15:42.089+01:00","source":{"id":"0","name":"eventBus"}}
{"__type":"$$EventMessageNode","id":"4bf09739-7751-4769-86d4-b05cdb7b7698","ts":"2025-03-25T20:15:42.089+01:00","eventName":"n8n.node.started","message":"n8n.node.started","payload":{"workflowId":"djKoqbJYAtFuGd81","workflowName":"PizzerIA - Delivery","executionId":"93","nodeType":"n8n-nodes-base.scheduleTrigger","nodeName":"Schedule Trigger"}}
{"__type":"$$EventMessageConfirm","confirm":"4bf09739-7751-4769-86d4-b05cdb7b7698","ts":"2025-03-25T20:15:42.089+01:00","source":{"id":"0","name":"eventBus"}}
{"__type":"$$EventMessageNode","id":"31434eb4-0fd5-4c06-9511-8798478f3231","ts":"2025-03-25T20:15:42.090+01:00","eventName":"n8n.node.finished","message":"n8n.node.finished","payload":{"workflowId":"djKoqbJYAtFuGd81","workflowName":"PizzerIA - Delivery","executionId":"93","nodeType":"n8n-nodes-base.scheduleTrigger","nodeName":"Schedule Trigger"}}
{"__type":"$$EventMessageConfirm","confirm":"31434eb4-0fd5-4c06-9511-8798478f3231","ts":"2025-03-25T20:15:42.090+01:00","source":{"id":"0","name":"eventBus"}}
{"__type":"$$EventMessageNode","id":"0046b385-1a0b-427d-858f-9368fce81276","ts":"2025-03-25T20:15:42.090+01:00","eventName":"n8n.node.started","message":"n8n.node.started","payload":{"workflowId":"djKoqbJYAtFuGd81","workflowName":"PizzerIA - Delivery","executionId":"93","nodeType":"n8n-nodes-base.dateTime","nodeName":"Date Formatter"}}
{"__type":"$$EventMessageConfirm","confirm":"0046b385-1a0b-427d-858f-9368fce81276","ts":"2025-03-25T20:15:42.090+01:00","source":{"id":"0","name":"eventBus"}}
{"__type":"$$EventMessageNode","id":"7baf8c48-5673-43c4-874c-7c8f3abf3e70","ts":"2025-03-25T20:15:42.097+01:00","eventName":"n8n.node.finished","message":"n8n.node.finished","payload":{"workflowId":"djKoqbJYAtFuGd81","workflowName":"PizzerIA - Delivery","executionId":"93","nodeType":"n8n-nodes-base.dateTime","nodeName":"Date Formatter"}}
{"__type":"$$EventMessageConfirm","confirm":"7baf8c48-5673-43c4-874c-7c8f3abf3e70","ts":"2025-03-25T20:15:42.097+01:00","source":{"id":"0","name":"eventBus"}}
{"__type":"$$EventMessageNode","id":"25de1b23-c2e8-486a-ac02-13c3c0b264c6","ts":"2025-03-25T20:15:42.097+01:00","eventName":"n8n.node.started","message":"n8n.node.started","payload":{"workflowId":"djKoqbJYAtFuGd81","workflowName":"PizzerIA - Delivery","executionId":"93","nodeType":"n8n-nodes-base.mySql","nodeName":"Orders Query"}}
{"__type":"$$EventMessageConfirm","confirm":"25de1b23-c2e8-486a-ac02-13c3c0b264c6","ts":"2025-03-25T20:15:42.097+01:00","source":{"id":"0","name":"eventBus"}}
{"__type":"$$EventMessageNode","id":"2a950b17-e79d-4ceb-a66f-36a3a9509c98","ts":"2025-03-25T20:15:42.130+01:00","eventName":"n8n.node.finished","message":"n8n.node.finished","payload":{"workflowId":"djKoqbJYAtFuGd81","workflowName":"PizzerIA - Delivery","executionId":"93","nodeType":"n8n-nodes-base.mySql","nodeName":"Orders Query"}}
{"__type":"$$EventMessageConfirm","confirm":"2a950b17-e79d-4ceb-a66f-36a3a9509c98","ts":"2025-03-25T20:15:42.130+01:00","source":{"id":"0","name":"eventBus"}}
{"__type":"$$EventMessageNode","id":"bd243ce2-14e0-4bcc-a8a7-c0963b7cc07e","ts":"2025-03-25T20:15:42.131+01:00","eventName":"n8n.node.started","message":"n8n.node.started","payload":{"workflowId":"djKoqbJYAtFuGd81","workflowName":"PizzerIA - Delivery","executionId":"93","nodeType":"n8n-nodes-base.httpRequest","nodeName":"HTTP Request"}}
{"__type":"$$EventMessageConfirm","confirm":"bd243ce2-14e0-4bcc-a8a7-c0963b7cc07e","ts":"2025-03-25T20:15:42.131+01:00","source":{"id":"0","name":"eventBus"}}
{"__type":"$$EventMessageNode","id":"1664ff3e-956e-47b9-9029-758dc2681125","ts":"2025-03-25T20:15:42.160+01:00","eventName":"n8n.node.finished","message":"n8n.node.finished","payload":{"workflowId":"djKoqbJYAtFuGd81","workflowName":"PizzerIA - Delivery","executionId":"93","nodeType":"n8n-nodes-base.httpRequest","nodeName":"HTTP Request"}}
{"__type":"$$EventMessageConfirm","confirm":"1664ff3e-956e-47b9-9029-758dc2681125","ts":"2025-03-25T20:15:42.161+01:00","source":{"id":"0","name":"eventBus"}}
{"__type":"$$EventMessageWorkflow","id":"b258c23a-6c1b-4520-b121-b5f849bae4a5","ts":"2025-03-25T20:15:42.162+01:00","eventName":"n8n.workflow.failed","message":"n8n.workflow.failed","payload":{"executionId":"93","success":false,"isManual":false,"workflowId":"djKoqbJYAtFuGd81","workflowName":"PizzerIA - Delivery","lastNodeExecuted":"HTTP Request","errorNodeType":"n8n-nodes-base.httpRequest","errorMessage":"Your request is invalid or could not be processed by the service"}}
{"__type":"$$EventMessageConfirm","confirm":"b258c23a-6c1b-4520-b121-b5f849bae4a5","ts":"2025-03-25T20:15:42.163+01:00","source":{"id":"0","name":"eventBus"}}
{"__type":"$$EventMessageWorkflow","id":"f9a45acb-51cb-4ecc-b270-e2f8ce6d8ead","ts":"2025-03-25T20:20:42.086+01:00","eventName":"n8n.workflow.started","message":"n8n.workflow.started","payload":{"executionId":"94","workflowId":"djKoqbJYAtFuGd81","isManual":false,"workflowName":"PizzerIA - Delivery"}}
{"__type":"$$EventMessageConfirm","confirm":"f9a45acb-51cb-4ecc-b270-e2f8ce6d8ead","ts":"2025-03-25T20:20:42.086+01:00","source":{"id":"0","name":"eventBus"}}
{"__type":"$$EventMessageNode","id":"dc7aa52d-bac0-455c-8202-7edfa0d2627a","ts":"2025-03-25T20:20:42.086+01:00","eventName":"n8n.node.started","message":"n8n.node.started","payload":{"workflowId":"djKoqbJYAtFuGd81","workflowName":"PizzerIA - Delivery","executionId":"94","nodeType":"n8n-nodes-base.scheduleTrigger","nodeName":"Schedule Trigger"}}
{"__type":"$$EventMessageConfirm","confirm":"dc7aa52d-bac0-455c-8202-7edfa0d2627a","ts":"2025-03-25T20:20:42.086+01:00","source":{"id":"0","name":"eventBus"}}
{"__type":"$$EventMessageNode","id":"3e015abc-a9db-43b5-91ff-9e8a18ff88c8","ts":"2025-03-25T20:20:42.086+01:00","eventName":"n8n.node.finished","message":"n8n.node.finished","payload":{"workflowId":"djKoqbJYAtFuGd81","workflowName":"PizzerIA - Delivery","executionId":"94","nodeType":"n8n-nodes-base.scheduleTrigger","nodeName":"Schedule Trigger"}}
{"__type":"$$EventMessageConfirm","confirm":"3e015abc-a9db-43b5-91ff-9e8a18ff88c8","ts":"2025-03-25T20:20:42.087+01:00","source":{"id":"0","name":"eventBus"}}
{"__type":"$$EventMessageNode","id":"22f5092a-ffa2-45d0-8192-b86c2017a5c9","ts":"2025-03-25T20:20:42.087+01:00","eventName":"n8n.node.started","message":"n8n.node.started","payload":{"workflowId":"djKoqbJYAtFuGd81","workflowName":"PizzerIA - Delivery","executionId":"94","nodeType":"n8n-nodes-base.dateTime","nodeName":"Date Formatter"}}
{"__type":"$$EventMessageConfirm","confirm":"22f5092a-ffa2-45d0-8192-b86c2017a5c9","ts":"2025-03-25T20:20:42.087+01:00","source":{"id":"0","name":"eventBus"}}
{"__type":"$$EventMessageNode","id":"bb525561-3ce3-4e06-89a6-fe620daca7b3","ts":"2025-03-25T20:20:42.096+01:00","eventName":"n8n.node.finished","message":"n8n.node.finished","payload":{"workflowId":"djKoqbJYAtFuGd81","workflowName":"PizzerIA - Delivery","executionId":"94","nodeType":"n8n-nodes-base.dateTime","nodeName":"Date Formatter"}}
{"__type":"$$EventMessageConfirm","confirm":"bb525561-3ce3-4e06-89a6-fe620daca7b3","ts":"2025-03-25T20:20:42.096+01:00","source":{"id":"0","name":"eventBus"}}
{"__type":"$$EventMessageNode","id":"5ab6d8d7-71b6-4fa1-a859-5d708daa98c3","ts":"2025-03-25T20:20:42.096+01:00","eventName":"n8n.node.started","message":"n8n.node.started","payload":{"workflowId":"djKoqbJYAtFuGd81","workflowName":"PizzerIA - Delivery","executionId":"94","nodeType":"n8n-nodes-base.mySql","nodeName":"Orders Query"}}
{"__type":"$$EventMessageConfirm","confirm":"5ab6d8d7-71b6-4fa1-a859-5d708daa98c3","ts":"2025-03-25T20:20:42.096+01:00","source":{"id":"0","name":"eventBus"}}
{"__type":"$$EventMessageNode","id":"d96a6fa1-734a-4c45-b642-57f2417e95b5","ts":"2025-03-25T20:20:42.119+01:00","eventName":"n8n.node.finished","message":"n8n.node.finished","payload":{"workflowId":"djKoqbJYAtFuGd81","workflowName":"PizzerIA - Delivery","executionId":"94","nodeType":"n8n-nodes-base.mySql","nodeName":"Orders Query"}}
{"__type":"$$EventMessageConfirm","confirm":"d96a6fa1-734a-4c45-b642-57f2417e95b5","ts":"2025-03-25T20:20:42.119+01:00","source":{"id":"0","name":"eventBus"}}
{"__type":"$$EventMessageNode","id":"5ba5b3b5-9933-4300-9a8f-a493f367b77e","ts":"2025-03-25T20:20:42.120+01:00","eventName":"n8n.node.started","message":"n8n.node.started","payload":{"workflowId":"djKoqbJYAtFuGd81","workflowName":"PizzerIA - Delivery","executionId":"94","nodeType":"n8n-nodes-base.httpRequest","nodeName":"HTTP Request"}}
{"__type":"$$EventMessageConfirm","confirm":"5ba5b3b5-9933-4300-9a8f-a493f367b77e","ts":"2025-03-25T20:20:42.120+01:00","source":{"id":"0","name":"eventBus"}}
{"__type":"$$EventMessageNode","id":"bae442ab-39d9-4452-884e-80be7fed507f","ts":"2025-03-25T20:20:42.140+01:00","eventName":"n8n.node.finished","message":"n8n.node.finished","payload":{"workflowId":"djKoqbJYAtFuGd81","workflowName":"PizzerIA - Delivery","executionId":"94","nodeType":"n8n-nodes-base.httpRequest","nodeName":"HTTP Request"}}
{"__type":"$$EventMessageConfirm","confirm":"bae442ab-39d9-4452-884e-80be7fed507f","ts":"2025-03-25T20:20:42.141+01:00","source":{"id":"0","name":"eventBus"}}
{"__type":"$$EventMessageWorkflow","id":"9ff7522b-78ec-47cf-a904-9812e3288904","ts":"2025-03-25T20:20:42.142+01:00","eventName":"n8n.workflow.failed","message":"n8n.workflow.failed","payload":{"executionId":"94","success":false,"isManual":false,"workflowId":"djKoqbJYAtFuGd81","workflowName":"PizzerIA - Delivery","lastNodeExecuted":"HTTP Request","errorNodeType":"n8n-nodes-base.httpRequest","errorMessage":"Your request is invalid or could not be processed by the service"}}
{"__type":"$$EventMessageConfirm","confirm":"9ff7522b-78ec-47cf-a904-9812e3288904","ts":"2025-03-25T20:20:42.142+01:00","source":{"id":"0","name":"eventBus"}}
{"__type":"$$EventMessageWorkflow","id":"1aae507f-db0d-4293-a27f-e182260aa361","ts":"2025-03-25T20:25:42.079+01:00","eventName":"n8n.workflow.started","message":"n8n.workflow.started","payload":{"executionId":"95","workflowId":"djKoqbJYAtFuGd81","isManual":false,"workflowName":"PizzerIA - Delivery"}}
{"__type":"$$EventMessageConfirm","confirm":"1aae507f-db0d-4293-a27f-e182260aa361","ts":"2025-03-25T20:25:42.079+01:00","source":{"id":"0","name":"eventBus"}}
{"__type":"$$EventMessageNode","id":"daecea51-bc30-48d6-9027-c8d534afc330","ts":"2025-03-25T20:25:42.080+01:00","eventName":"n8n.node.started","message":"n8n.node.started","payload":{"workflowId":"djKoqbJYAtFuGd81","workflowName":"PizzerIA - Delivery","executionId":"95","nodeType":"n8n-nodes-base.scheduleTrigger","nodeName":"Schedule Trigger"}}
{"__type":"$$EventMessageConfirm","confirm":"daecea51-bc30-48d6-9027-c8d534afc330","ts":"2025-03-25T20:25:42.080+01:00","source":{"id":"0","name":"eventBus"}}
{"__type":"$$EventMessageNode","id":"8682cff7-9b7e-42d9-9570-98aabbaa5399","ts":"2025-03-25T20:25:42.080+01:00","eventName":"n8n.node.finished","message":"n8n.node.finished","payload":{"workflowId":"djKoqbJYAtFuGd81","workflowName":"PizzerIA - Delivery","executionId":"95","nodeType":"n8n-nodes-base.scheduleTrigger","nodeName":"Schedule Trigger"}}
{"__type":"$$EventMessageConfirm","confirm":"8682cff7-9b7e-42d9-9570-98aabbaa5399","ts":"2025-03-25T20:25:42.081+01:00","source":{"id":"0","name":"eventBus"}}
{"__type":"$$EventMessageNode","id":"bb6306cb-8f8a-436e-aaff-e0eb90a0b846","ts":"2025-03-25T20:25:42.081+01:00","eventName":"n8n.node.started","message":"n8n.node.started","payload":{"workflowId":"djKoqbJYAtFuGd81","workflowName":"PizzerIA - Delivery","executionId":"95","nodeType":"n8n-nodes-base.dateTime","nodeName":"Date Formatter"}}
{"__type":"$$EventMessageConfirm","confirm":"bb6306cb-8f8a-436e-aaff-e0eb90a0b846","ts":"2025-03-25T20:25:42.081+01:00","source":{"id":"0","name":"eventBus"}}
{"__type":"$$EventMessageNode","id":"7241e994-0a83-40c0-906d-b7f6abf60bee","ts":"2025-03-25T20:25:42.086+01:00","eventName":"n8n.node.finished","message":"n8n.node.finished","payload":{"workflowId":"djKoqbJYAtFuGd81","workflowName":"PizzerIA - Delivery","executionId":"95","nodeType":"n8n-nodes-base.dateTime","nodeName":"Date Formatter"}}
{"__type":"$$EventMessageConfirm","confirm":"7241e994-0a83-40c0-906d-b7f6abf60bee","ts":"2025-03-25T20:25:42.086+01:00","source":{"id":"0","name":"eventBus"}}
{"__type":"$$EventMessageNode","id":"7f34b449-0874-401e-abe1-3abc7af4f8a1","ts":"2025-03-25T20:25:42.092+01:00","eventName":"n8n.node.started","message":"n8n.node.started","payload":{"workflowId":"djKoqbJYAtFuGd81","workflowName":"PizzerIA - Delivery","executionId":"95","nodeType":"n8n-nodes-base.mySql","nodeName":"Orders Query"}}
{"__type":"$$EventMessageConfirm","confirm":"7f34b449-0874-401e-abe1-3abc7af4f8a1","ts":"2025-03-25T20:25:42.093+01:00","source":{"id":"0","name":"eventBus"}}
{"__type":"$$EventMessageNode","id":"ade9b511-8ede-4d1a-a8e8-a233a654e3df","ts":"2025-03-25T20:25:42.112+01:00","eventName":"n8n.node.finished","message":"n8n.node.finished","payload":{"workflowId":"djKoqbJYAtFuGd81","workflowName":"PizzerIA - Delivery","executionId":"95","nodeType":"n8n-nodes-base.mySql","nodeName":"Orders Query"}}
{"__type":"$$EventMessageConfirm","confirm":"ade9b511-8ede-4d1a-a8e8-a233a654e3df","ts":"2025-03-25T20:25:42.113+01:00","source":{"id":"0","name":"eventBus"}}
{"__type":"$$EventMessageNode","id":"dcd4fa0c-fbfb-41a8-ac04-54302d988a36","ts":"2025-03-25T20:25:42.113+01:00","eventName":"n8n.node.started","message":"n8n.node.started","payload":{"workflowId":"djKoqbJYAtFuGd81","workflowName":"PizzerIA - Delivery","executionId":"95","nodeType":"n8n-nodes-base.httpRequest","nodeName":"HTTP Request"}}
{"__type":"$$EventMessageConfirm","confirm":"dcd4fa0c-fbfb-41a8-ac04-54302d988a36","ts":"2025-03-25T20:25:42.113+01:00","source":{"id":"0","name":"eventBus"}}
{"__type":"$$EventMessageNode","id":"5f2aff73-62c8-4e02-be63-19512c9aed59","ts":"2025-03-25T20:25:42.131+01:00","eventName":"n8n.node.finished","message":"n8n.node.finished","payload":{"workflowId":"djKoqbJYAtFuGd81","workflowName":"PizzerIA - Delivery","executionId":"95","nodeType":"n8n-nodes-base.httpRequest","nodeName":"HTTP Request"}}
{"__type":"$$EventMessageConfirm","confirm":"5f2aff73-62c8-4e02-be63-19512c9aed59","ts":"2025-03-25T20:25:42.132+01:00","source":{"id":"0","name":"eventBus"}}
{"__type":"$$EventMessageWorkflow","id":"56cbbc56-3f44-4e02-a7c9-97edf95117d5","ts":"2025-03-25T20:25:42.133+01:00","eventName":"n8n.workflow.failed","message":"n8n.workflow.failed","payload":{"executionId":"95","success":false,"isManual":false,"workflowId":"djKoqbJYAtFuGd81","workflowName":"PizzerIA - Delivery","lastNodeExecuted":"HTTP Request","errorNodeType":"n8n-nodes-base.httpRequest","errorMessage":"Your request is invalid or could not be processed by the service"}}
{"__type":"$$EventMessageConfirm","confirm":"56cbbc56-3f44-4e02-a7c9-97edf95117d5","ts":"2025-03-25T20:25:42.133+01:00","source":{"id":"0","name":"eventBus"}}
{"__type":"$$EventMessageWorkflow","id":"435ffbc5-6c4f-44d2-bb56-656486af7a82","ts":"2025-03-25T20:43:08.720+01:00","eventName":"n8n.workflow.started","message":"n8n.workflow.started","payload":{"executionId":"96","workflowId":"djKoqbJYAtFuGd81","isManual":false,"workflowName":"PizzerIA - Delivery"}}
{"__type":"$$EventMessageConfirm","confirm":"435ffbc5-6c4f-44d2-bb56-656486af7a82","ts":"2025-03-25T20:43:08.721+01:00","source":{"id":"0","name":"eventBus"}}
{"__type":"$$EventMessageNode","id":"baf0cc69-7073-4761-ab45-2705b547386b","ts":"2025-03-25T20:43:08.723+01:00","eventName":"n8n.node.started","message":"n8n.node.started","payload":{"workflowId":"djKoqbJYAtFuGd81","workflowName":"PizzerIA - Delivery","executionId":"96","nodeType":"n8n-nodes-base.scheduleTrigger","nodeName":"Schedule Trigger"}}
{"__type":"$$EventMessageConfirm","confirm":"baf0cc69-7073-4761-ab45-2705b547386b","ts":"2025-03-25T20:43:08.723+01:00","source":{"id":"0","name":"eventBus"}}
{"__type":"$$EventMessageNode","id":"070eb957-140b-459c-acfb-73ffe97c0ec4","ts":"2025-03-25T20:43:08.724+01:00","eventName":"n8n.node.finished","message":"n8n.node.finished","payload":{"workflowId":"djKoqbJYAtFuGd81","workflowName":"PizzerIA - Delivery","executionId":"96","nodeType":"n8n-nodes-base.scheduleTrigger","nodeName":"Schedule Trigger"}}
{"__type":"$$EventMessageConfirm","confirm":"070eb957-140b-459c-acfb-73ffe97c0ec4","ts":"2025-03-25T20:43:08.724+01:00","source":{"id":"0","name":"eventBus"}}
{"__type":"$$EventMessageNode","id":"a19a1d77-3908-4b39-a6b0-e3ed054f23fa","ts":"2025-03-25T20:43:08.725+01:00","eventName":"n8n.node.started","message":"n8n.node.started","payload":{"workflowId":"djKoqbJYAtFuGd81","workflowName":"PizzerIA - Delivery","executionId":"96","nodeType":"n8n-nodes-base.dateTime","nodeName":"Date Formatter"}}
{"__type":"$$EventMessageConfirm","confirm":"a19a1d77-3908-4b39-a6b0-e3ed054f23fa","ts":"2025-03-25T20:43:08.725+01:00","source":{"id":"0","name":"eventBus"}}
{"__type":"$$EventMessageNode","id":"1b27a436-9816-42f2-85c2-cc1b7cba326d","ts":"2025-03-25T20:43:08.730+01:00","eventName":"n8n.node.finished","message":"n8n.node.finished","payload":{"workflowId":"djKoqbJYAtFuGd81","workflowName":"PizzerIA - Delivery","executionId":"96","nodeType":"n8n-nodes-base.dateTime","nodeName":"Date Formatter"}}
{"__type":"$$EventMessageConfirm","confirm":"1b27a436-9816-42f2-85c2-cc1b7cba326d","ts":"2025-03-25T20:43:08.731+01:00","source":{"id":"0","name":"eventBus"}}
{"__type":"$$EventMessageNode","id":"e90057a8-6876-4bd1-8f18-77137b7e25ab","ts":"2025-03-25T20:43:08.731+01:00","eventName":"n8n.node.started","message":"n8n.node.started","payload":{"workflowId":"djKoqbJYAtFuGd81","workflowName":"PizzerIA - Delivery","executionId":"96","nodeType":"n8n-nodes-base.mySql","nodeName":"Orders Query"}}
{"__type":"$$EventMessageConfirm","confirm":"e90057a8-6876-4bd1-8f18-77137b7e25ab","ts":"2025-03-25T20:43:08.731+01:00","source":{"id":"0","name":"eventBus"}}
{"__type":"$$EventMessageNode","id":"4e92aca3-8fb9-43ca-9358-e1c950e68716","ts":"2025-03-25T20:43:08.884+01:00","eventName":"n8n.node.finished","message":"n8n.node.finished","payload":{"workflowId":"djKoqbJYAtFuGd81","workflowName":"PizzerIA - Delivery","executionId":"96","nodeType":"n8n-nodes-base.mySql","nodeName":"Orders Query"}}
{"__type":"$$EventMessageConfirm","confirm":"4e92aca3-8fb9-43ca-9358-e1c950e68716","ts":"2025-03-25T20:43:08.884+01:00","source":{"id":"0","name":"eventBus"}}
{"__type":"$$EventMessageNode","id":"4f7f71aa-ff4d-46de-83b1-a256a2cd123f","ts":"2025-03-25T20:43:08.952+01:00","eventName":"n8n.node.started","message":"n8n.node.started","payload":{"workflowId":"djKoqbJYAtFuGd81","workflowName":"PizzerIA - Delivery","executionId":"96","nodeType":"n8n-nodes-base.httpRequest","nodeName":"HTTP Request"}}
{"__type":"$$EventMessageConfirm","confirm":"4f7f71aa-ff4d-46de-83b1-a256a2cd123f","ts":"2025-03-25T20:43:08.953+01:00","source":{"id":"0","name":"eventBus"}}
{"__type":"$$EventMessageNode","id":"4587512b-0c96-4cc6-a4f5-575fdacbe19b","ts":"2025-03-25T20:43:09.025+01:00","eventName":"n8n.node.finished","message":"n8n.node.finished","payload":{"workflowId":"djKoqbJYAtFuGd81","workflowName":"PizzerIA - Delivery","executionId":"96","nodeType":"n8n-nodes-base.httpRequest","nodeName":"HTTP Request"}}
{"__type":"$$EventMessageConfirm","confirm":"4587512b-0c96-4cc6-a4f5-575fdacbe19b","ts":"2025-03-25T20:43:09.025+01:00","source":{"id":"0","name":"eventBus"}}
{"__type":"$$EventMessageWorkflow","id":"03ff1b89-abe9-4de9-bdd9-764f2c881af6","ts":"2025-03-25T20:43:09.026+01:00","eventName":"n8n.workflow.failed","message":"n8n.workflow.failed","payload":{"executionId":"96","success":false,"isManual":false,"workflowId":"djKoqbJYAtFuGd81","workflowName":"PizzerIA - Delivery","lastNodeExecuted":"HTTP Request","errorNodeType":"n8n-nodes-base.httpRequest","errorMessage":"Your request is invalid or could not be processed by the service"}}
{"__type":"$$EventMessageConfirm","confirm":"03ff1b89-abe9-4de9-bdd9-764f2c881af6","ts":"2025-03-25T20:43:09.026+01:00","source":{"id":"0","name":"eventBus"}}
{"__type":"$$EventMessageWorkflow","id":"4fc1e55e-d034-42ef-ad09-275bf40a61a1","ts":"2025-03-25T20:45:42.123+01:00","eventName":"n8n.workflow.started","message":"n8n.workflow.started","payload":{"executionId":"97","workflowId":"djKoqbJYAtFuGd81","isManual":false,"workflowName":"PizzerIA - Delivery"}}
{"__type":"$$EventMessageConfirm","confirm":"4fc1e55e-d034-42ef-ad09-275bf40a61a1","ts":"2025-03-25T20:45:42.123+01:00","source":{"id":"0","name":"eventBus"}}
{"__type":"$$EventMessageNode","id":"7cc8d9cf-3cb4-4687-b3e2-ec2caf81f740","ts":"2025-03-25T20:45:42.124+01:00","eventName":"n8n.node.started","message":"n8n.node.started","payload":{"workflowId":"djKoqbJYAtFuGd81","workflowName":"PizzerIA - Delivery","executionId":"97","nodeType":"n8n-nodes-base.scheduleTrigger","nodeName":"Schedule Trigger"}}
{"__type":"$$EventMessageConfirm","confirm":"7cc8d9cf-3cb4-4687-b3e2-ec2caf81f740","ts":"2025-03-25T20:45:42.124+01:00","source":{"id":"0","name":"eventBus"}}
{"__type":"$$EventMessageNode","id":"513ee62d-3642-4ed8-8a5d-800e36e93bf9","ts":"2025-03-25T20:45:42.124+01:00","eventName":"n8n.node.finished","message":"n8n.node.finished","payload":{"workflowId":"djKoqbJYAtFuGd81","workflowName":"PizzerIA - Delivery","executionId":"97","nodeType":"n8n-nodes-base.scheduleTrigger","nodeName":"Schedule Trigger"}}
{"__type":"$$EventMessageConfirm","confirm":"513ee62d-3642-4ed8-8a5d-800e36e93bf9","ts":"2025-03-25T20:45:42.124+01:00","source":{"id":"0","name":"eventBus"}}
{"__type":"$$EventMessageNode","id":"02a35c81-d206-424f-8037-071926676a3d","ts":"2025-03-25T20:45:42.125+01:00","eventName":"n8n.node.started","message":"n8n.node.started","payload":{"workflowId":"djKoqbJYAtFuGd81","workflowName":"PizzerIA - Delivery","executionId":"97","nodeType":"n8n-nodes-base.dateTime","nodeName":"Date Formatter"}}
{"__type":"$$EventMessageConfirm","confirm":"02a35c81-d206-424f-8037-071926676a3d","ts":"2025-03-25T20:45:42.125+01:00","source":{"id":"0","name":"eventBus"}}
{"__type":"$$EventMessageNode","id":"03ecfb98-c7d7-499d-83b6-498a03c3621c","ts":"2025-03-25T20:45:42.127+01:00","eventName":"n8n.node.finished","message":"n8n.node.finished","payload":{"workflowId":"djKoqbJYAtFuGd81","workflowName":"PizzerIA - Delivery","executionId":"97","nodeType":"n8n-nodes-base.dateTime","nodeName":"Date Formatter"}}
{"__type":"$$EventMessageConfirm","confirm":"03ecfb98-c7d7-499d-83b6-498a03c3621c","ts":"2025-03-25T20:45:42.128+01:00","source":{"id":"0","name":"eventBus"}}
{"__type":"$$EventMessageNode","id":"eb08c492-24ce-4680-8e84-ba4a031bed1c","ts":"2025-03-25T20:45:42.128+01:00","eventName":"n8n.node.started","message":"n8n.node.started","payload":{"workflowId":"djKoqbJYAtFuGd81","workflowName":"PizzerIA - Delivery","executionId":"97","nodeType":"n8n-nodes-base.mySql","nodeName":"Orders Query"}}
{"__type":"$$EventMessageConfirm","confirm":"eb08c492-24ce-4680-8e84-ba4a031bed1c","ts":"2025-03-25T20:45:42.128+01:00","source":{"id":"0","name":"eventBus"}}
{"__type":"$$EventMessageNode","id":"25db802e-f911-4ae9-99a2-af1effad8b18","ts":"2025-03-25T20:45:42.149+01:00","eventName":"n8n.node.finished","message":"n8n.node.finished","payload":{"workflowId":"djKoqbJYAtFuGd81","workflowName":"PizzerIA - Delivery","executionId":"97","nodeType":"n8n-nodes-base.mySql","nodeName":"Orders Query"}}
{"__type":"$$EventMessageConfirm","confirm":"25db802e-f911-4ae9-99a2-af1effad8b18","ts":"2025-03-25T20:45:42.149+01:00","source":{"id":"0","name":"eventBus"}}
{"__type":"$$EventMessageNode","id":"6cd2c548-2e80-4e2c-9660-dc38760f5c05","ts":"2025-03-25T20:45:42.149+01:00","eventName":"n8n.node.started","message":"n8n.node.started","payload":{"workflowId":"djKoqbJYAtFuGd81","workflowName":"PizzerIA - Delivery","executionId":"97","nodeType":"n8n-nodes-base.httpRequest","nodeName":"HTTP Request"}}
{"__type":"$$EventMessageConfirm","confirm":"6cd2c548-2e80-4e2c-9660-dc38760f5c05","ts":"2025-03-25T20:45:42.149+01:00","source":{"id":"0","name":"eventBus"}}
{"__type":"$$EventMessageNode","id":"131408ff-9a23-4959-8a61-8a8f2a3440b9","ts":"2025-03-25T20:45:42.162+01:00","eventName":"n8n.node.finished","message":"n8n.node.finished","payload":{"workflowId":"djKoqbJYAtFuGd81","workflowName":"PizzerIA - Delivery","executionId":"97","nodeType":"n8n-nodes-base.httpRequest","nodeName":"HTTP Request"}}
{"__type":"$$EventMessageConfirm","confirm":"131408ff-9a23-4959-8a61-8a8f2a3440b9","ts":"2025-03-25T20:45:42.164+01:00","source":{"id":"0","name":"eventBus"}}
{"__type":"$$EventMessageWorkflow","id":"f8302541-f0c7-424e-b38d-2b562f06f2cf","ts":"2025-03-25T20:45:42.165+01:00","eventName":"n8n.workflow.failed","message":"n8n.workflow.failed","payload":{"executionId":"97","success":false,"isManual":false,"workflowId":"djKoqbJYAtFuGd81","workflowName":"PizzerIA - Delivery","lastNodeExecuted":"HTTP Request","errorNodeType":"n8n-nodes-base.httpRequest","errorMessage":"Your request is invalid or could not be processed by the service"}}
{"__type":"$$EventMessageConfirm","confirm":"f8302541-f0c7-424e-b38d-2b562f06f2cf","ts":"2025-03-25T20:45:42.166+01:00","source":{"id":"0","name":"eventBus"}}
{"__type":"$$EventMessageWorkflow","id":"cb5d1053-664a-42e4-9056-14bd1db662bd","ts":"2025-03-25T20:51:03.507+01:00","eventName":"n8n.workflow.started","message":"n8n.workflow.started","payload":{"executionId":"98","workflowId":"djKoqbJYAtFuGd81","isManual":false,"workflowName":"PizzerIA - Delivery"}}
{"__type":"$$EventMessageConfirm","confirm":"cb5d1053-664a-42e4-9056-14bd1db662bd","ts":"2025-03-25T20:51:03.508+01:00","source":{"id":"0","name":"eventBus"}}
{"__type":"$$EventMessageNode","id":"512c3295-17b6-4e44-b767-a2c35611739b","ts":"2025-03-25T20:51:03.509+01:00","eventName":"n8n.node.started","message":"n8n.node.started","payload":{"workflowId":"djKoqbJYAtFuGd81","workflowName":"PizzerIA - Delivery","executionId":"98","nodeType":"n8n-nodes-base.scheduleTrigger","nodeName":"Schedule Trigger"}}
{"__type":"$$EventMessageConfirm","confirm":"512c3295-17b6-4e44-b767-a2c35611739b","ts":"2025-03-25T20:51:03.509+01:00","source":{"id":"0","name":"eventBus"}}
{"__type":"$$EventMessageNode","id":"ec1ba707-09e8-4edf-98fc-5d2caf0c6d4e","ts":"2025-03-25T20:51:03.509+01:00","eventName":"n8n.node.finished","message":"n8n.node.finished","payload":{"workflowId":"djKoqbJYAtFuGd81","workflowName":"PizzerIA - Delivery","executionId":"98","nodeType":"n8n-nodes-base.scheduleTrigger","nodeName":"Schedule Trigger"}}
{"__type":"$$EventMessageConfirm","confirm":"ec1ba707-09e8-4edf-98fc-5d2caf0c6d4e","ts":"2025-03-25T20:51:03.509+01:00","source":{"id":"0","name":"eventBus"}}
{"__type":"$$EventMessageNode","id":"caa4774f-3de6-40e8-ab87-4d032fb64269","ts":"2025-03-25T20:51:03.510+01:00","eventName":"n8n.node.started","message":"n8n.node.started","payload":{"workflowId":"djKoqbJYAtFuGd81","workflowName":"PizzerIA - Delivery","executionId":"98","nodeType":"n8n-nodes-base.dateTime","nodeName":"Date Formatter"}}
{"__type":"$$EventMessageConfirm","confirm":"caa4774f-3de6-40e8-ab87-4d032fb64269","ts":"2025-03-25T20:51:03.510+01:00","source":{"id":"0","name":"eventBus"}}
{"__type":"$$EventMessageNode","id":"9a847ade-d71f-45b8-9f6c-0ea99ea97951","ts":"2025-03-25T20:51:03.514+01:00","eventName":"n8n.node.finished","message":"n8n.node.finished","payload":{"workflowId":"djKoqbJYAtFuGd81","workflowName":"PizzerIA - Delivery","executionId":"98","nodeType":"n8n-nodes-base.dateTime","nodeName":"Date Formatter"}}
{"__type":"$$EventMessageConfirm","confirm":"9a847ade-d71f-45b8-9f6c-0ea99ea97951","ts":"2025-03-25T20:51:03.514+01:00","source":{"id":"0","name":"eventBus"}}
{"__type":"$$EventMessageNode","id":"ca6a11e7-f951-4b59-b968-f2979bdd3886","ts":"2025-03-25T20:51:03.514+01:00","eventName":"n8n.node.started","message":"n8n.node.started","payload":{"workflowId":"djKoqbJYAtFuGd81","workflowName":"PizzerIA - Delivery","executionId":"98","nodeType":"n8n-nodes-base.mySql","nodeName":"Orders Query"}}
{"__type":"$$EventMessageConfirm","confirm":"ca6a11e7-f951-4b59-b968-f2979bdd3886","ts":"2025-03-25T20:51:03.515+01:00","source":{"id":"0","name":"eventBus"}}
{"__type":"$$EventMessageNode","id":"8505c92f-0a37-4009-831b-aa5e12c081d1","ts":"2025-03-25T20:51:03.800+01:00","eventName":"n8n.node.finished","message":"n8n.node.finished","payload":{"workflowId":"djKoqbJYAtFuGd81","workflowName":"PizzerIA - Delivery","executionId":"98","nodeType":"n8n-nodes-base.mySql","nodeName":"Orders Query"}}
{"__type":"$$EventMessageConfirm","confirm":"8505c92f-0a37-4009-831b-aa5e12c081d1","ts":"2025-03-25T20:51:03.800+01:00","source":{"id":"0","name":"eventBus"}}
{"__type":"$$EventMessageNode","id":"ff112829-bcac-4bd4-97c2-bcb2689164b4","ts":"2025-03-25T20:51:03.801+01:00","eventName":"n8n.node.started","message":"n8n.node.started","payload":{"workflowId":"djKoqbJYAtFuGd81","workflowName":"PizzerIA - Delivery","executionId":"98","nodeType":"n8n-nodes-base.httpRequest","nodeName":"HTTP Request"}}
{"__type":"$$EventMessageConfirm","confirm":"ff112829-bcac-4bd4-97c2-bcb2689164b4","ts":"2025-03-25T20:51:03.801+01:00","source":{"id":"0","name":"eventBus"}}
{"__type":"$$EventMessageNode","id":"5900229c-2434-4cbd-8dd8-b6525fec82c0","ts":"2025-03-25T20:51:03.821+01:00","eventName":"n8n.node.finished","message":"n8n.node.finished","payload":{"workflowId":"djKoqbJYAtFuGd81","workflowName":"PizzerIA - Delivery","executionId":"98","nodeType":"n8n-nodes-base.httpRequest","nodeName":"HTTP Request"}}
{"__type":"$$EventMessageConfirm","confirm":"5900229c-2434-4cbd-8dd8-b6525fec82c0","ts":"2025-03-25T20:51:03.821+01:00","source":{"id":"0","name":"eventBus"}}
{"__type":"$$EventMessageWorkflow","id":"5c45264c-a8ac-45f2-a8ee-968596e561bf","ts":"2025-03-25T20:51:03.821+01:00","eventName":"n8n.workflow.failed","message":"n8n.workflow.failed","payload":{"executionId":"98","success":false,"isManual":false,"workflowId":"djKoqbJYAtFuGd81","workflowName":"PizzerIA - Delivery","lastNodeExecuted":"HTTP Request","errorNodeType":"n8n-nodes-base.httpRequest","errorMessage":"Your request is invalid or could not be processed by the service"}}
{"__type":"$$EventMessageConfirm","confirm":"5c45264c-a8ac-45f2-a8ee-968596e561bf","ts":"2025-03-25T20:51:03.821+01:00","source":{"id":"0","name":"eventBus"}}
{"__type":"$$EventMessageWorkflow","id":"80e650c6-915f-447b-ae17-92b46bc1a73b","ts":"2025-03-25T21:22:53.167+01:00","eventName":"n8n.workflow.started","message":"n8n.workflow.started","payload":{"executionId":"99","workflowId":"djKoqbJYAtFuGd81","isManual":false,"workflowName":"PizzerIA - Delivery"}}
{"__type":"$$EventMessageConfirm","confirm":"80e650c6-915f-447b-ae17-92b46bc1a73b","ts":"2025-03-25T21:22:53.168+01:00","source":{"id":"0","name":"eventBus"}}
{"__type":"$$EventMessageNode","id":"5dbcb66d-975b-419a-996a-b03ef6f0ebb1","ts":"2025-03-25T21:22:53.168+01:00","eventName":"n8n.node.started","message":"n8n.node.started","payload":{"workflowId":"djKoqbJYAtFuGd81","workflowName":"PizzerIA - Delivery","executionId":"99","nodeType":"n8n-nodes-base.scheduleTrigger","nodeName":"Schedule Trigger"}}
{"__type":"$$EventMessageConfirm","confirm":"5dbcb66d-975b-419a-996a-b03ef6f0ebb1","ts":"2025-03-25T21:22:53.168+01:00","source":{"id":"0","name":"eventBus"}}
{"__type":"$$EventMessageNode","id":"4d63d4b1-cd45-4894-a465-39d6f37431f0","ts":"2025-03-25T21:22:53.168+01:00","eventName":"n8n.node.finished","message":"n8n.node.finished","payload":{"workflowId":"djKoqbJYAtFuGd81","workflowName":"PizzerIA - Delivery","executionId":"99","nodeType":"n8n-nodes-base.scheduleTrigger","nodeName":"Schedule Trigger"}}
{"__type":"$$EventMessageConfirm","confirm":"4d63d4b1-cd45-4894-a465-39d6f37431f0","ts":"2025-03-25T21:22:53.169+01:00","source":{"id":"0","name":"eventBus"}}
{"__type":"$$EventMessageNode","id":"c6f8fe3f-e6e6-45e7-8fdb-ac98cad3ac68","ts":"2025-03-25T21:22:53.169+01:00","eventName":"n8n.node.started","message":"n8n.node.started","payload":{"workflowId":"djKoqbJYAtFuGd81","workflowName":"PizzerIA - Delivery","executionId":"99","nodeType":"n8n-nodes-base.dateTime","nodeName":"Date Formatter"}}
{"__type":"$$EventMessageConfirm","confirm":"c6f8fe3f-e6e6-45e7-8fdb-ac98cad3ac68","ts":"2025-03-25T21:22:53.169+01:00","source":{"id":"0","name":"eventBus"}}
{"__type":"$$EventMessageNode","id":"a4fc6161-82e2-45cd-8708-803771b3c8b7","ts":"2025-03-25T21:22:53.216+01:00","eventName":"n8n.node.finished","message":"n8n.node.finished","payload":{"workflowId":"djKoqbJYAtFuGd81","workflowName":"PizzerIA - Delivery","executionId":"99","nodeType":"n8n-nodes-base.dateTime","nodeName":"Date Formatter"}}
{"__type":"$$EventMessageConfirm","confirm":"a4fc6161-82e2-45cd-8708-803771b3c8b7","ts":"2025-03-25T21:22:53.216+01:00","source":{"id":"0","name":"eventBus"}}
{"__type":"$$EventMessageNode","id":"2988be04-51d7-4d15-b01d-4e97f0cf0948","ts":"2025-03-25T21:22:53.217+01:00","eventName":"n8n.node.started","message":"n8n.node.started","payload":{"workflowId":"djKoqbJYAtFuGd81","workflowName":"PizzerIA - Delivery","executionId":"99","nodeType":"n8n-nodes-base.mySql","nodeName":"Orders Query"}}
{"__type":"$$EventMessageConfirm","confirm":"2988be04-51d7-4d15-b01d-4e97f0cf0948","ts":"2025-03-25T21:22:53.217+01:00","source":{"id":"0","name":"eventBus"}}
{"__type":"$$EventMessageNode","id":"2fcc0a7a-fa64-4377-8766-d7f909b86668","ts":"2025-03-25T21:22:54.096+01:00","eventName":"n8n.node.finished","message":"n8n.node.finished","payload":{"workflowId":"djKoqbJYAtFuGd81","workflowName":"PizzerIA - Delivery","executionId":"99","nodeType":"n8n-nodes-base.mySql","nodeName":"Orders Query"}}
{"__type":"$$EventMessageConfirm","confirm":"2fcc0a7a-fa64-4377-8766-d7f909b86668","ts":"2025-03-25T21:22:54.097+01:00","source":{"id":"0","name":"eventBus"}}
{"__type":"$$EventMessageNode","id":"a0d6f2eb-eae0-44fc-9fcf-67fcb4f1ee0a","ts":"2025-03-25T21:22:54.098+01:00","eventName":"n8n.node.started","message":"n8n.node.started","payload":{"workflowId":"djKoqbJYAtFuGd81","workflowName":"PizzerIA - Delivery","executionId":"99","nodeType":"n8n-nodes-base.httpRequest","nodeName":"HTTP Request"}}
{"__type":"$$EventMessageConfirm","confirm":"a0d6f2eb-eae0-44fc-9fcf-67fcb4f1ee0a","ts":"2025-03-25T21:22:54.098+01:00","source":{"id":"0","name":"eventBus"}}
{"__type":"$$EventMessageNode","id":"7a1d4d84-9bf1-4112-83a0-5084197c647a","ts":"2025-03-25T21:22:54.181+01:00","eventName":"n8n.node.finished","message":"n8n.node.finished","payload":{"workflowId":"djKoqbJYAtFuGd81","workflowName":"PizzerIA - Delivery","executionId":"99","nodeType":"n8n-nodes-base.httpRequest","nodeName":"HTTP Request"}}
{"__type":"$$EventMessageConfirm","confirm":"7a1d4d84-9bf1-4112-83a0-5084197c647a","ts":"2025-03-25T21:22:54.182+01:00","source":{"id":"0","name":"eventBus"}}
{"__type":"$$EventMessageWorkflow","id":"2f64ca56-2d37-4491-a25d-f4b28916f39d","ts":"2025-03-25T21:22:54.182+01:00","eventName":"n8n.workflow.failed","message":"n8n.workflow.failed","payload":{"executionId":"99","success":false,"isManual":false,"workflowId":"djKoqbJYAtFuGd81","workflowName":"PizzerIA - Delivery","lastNodeExecuted":"HTTP Request","errorNodeType":"n8n-nodes-base.httpRequest","errorMessage":"Your request is invalid or could not be processed by the service"}}
{"__type":"$$EventMessageConfirm","confirm":"2f64ca56-2d37-4491-a25d-f4b28916f39d","ts":"2025-03-25T21:22:54.189+01:00","source":{"id":"0","name":"eventBus"}}
{"__type":"$$EventMessageWorkflow","id":"804defa8-899b-4a0d-b1de-b30778c3c109","ts":"2025-03-25T21:42:03.106+01:00","eventName":"n8n.workflow.started","message":"n8n.workflow.started","payload":{"executionId":"100","workflowId":"djKoqbJYAtFuGd81","isManual":false,"workflowName":"PizzerIA - Delivery"}}
{"__type":"$$EventMessageConfirm","confirm":"804defa8-899b-4a0d-b1de-b30778c3c109","ts":"2025-03-25T21:42:03.106+01:00","source":{"id":"0","name":"eventBus"}}
{"__type":"$$EventMessageNode","id":"24aa798c-895c-4cb7-8aa4-2dc062259e2c","ts":"2025-03-25T21:42:03.106+01:00","eventName":"n8n.node.started","message":"n8n.node.started","payload":{"workflowId":"djKoqbJYAtFuGd81","workflowName":"PizzerIA - Delivery","executionId":"100","nodeType":"n8n-nodes-base.scheduleTrigger","nodeName":"Schedule Trigger"}}
{"__type":"$$EventMessageConfirm","confirm":"24aa798c-895c-4cb7-8aa4-2dc062259e2c","ts":"2025-03-25T21:42:03.107+01:00","source":{"id":"0","name":"eventBus"}}
{"__type":"$$EventMessageNode","id":"41054e7d-8c4d-4816-938e-b4cafdd9eea9","ts":"2025-03-25T21:42:03.107+01:00","eventName":"n8n.node.finished","message":"n8n.node.finished","payload":{"workflowId":"djKoqbJYAtFuGd81","workflowName":"PizzerIA - Delivery","executionId":"100","nodeType":"n8n-nodes-base.scheduleTrigger","nodeName":"Schedule Trigger"}}
{"__type":"$$EventMessageConfirm","confirm":"41054e7d-8c4d-4816-938e-b4cafdd9eea9","ts":"2025-03-25T21:42:03.107+01:00","source":{"id":"0","name":"eventBus"}}
{"__type":"$$EventMessageNode","id":"29099f29-d9ec-423e-9874-a83b48f50658","ts":"2025-03-25T21:42:03.107+01:00","eventName":"n8n.node.started","message":"n8n.node.started","payload":{"workflowId":"djKoqbJYAtFuGd81","workflowName":"PizzerIA - Delivery","executionId":"100","nodeType":"n8n-nodes-base.dateTime","nodeName":"Date Formatter"}}
{"__type":"$$EventMessageConfirm","confirm":"29099f29-d9ec-423e-9874-a83b48f50658","ts":"2025-03-25T21:42:03.108+01:00","source":{"id":"0","name":"eventBus"}}
{"__type":"$$EventMessageNode","id":"0f083a14-1338-43a5-b0a6-2745fcb8ef6d","ts":"2025-03-25T21:42:03.115+01:00","eventName":"n8n.node.finished","message":"n8n.node.finished","payload":{"workflowId":"djKoqbJYAtFuGd81","workflowName":"PizzerIA - Delivery","executionId":"100","nodeType":"n8n-nodes-base.dateTime","nodeName":"Date Formatter"}}
{"__type":"$$EventMessageConfirm","confirm":"0f083a14-1338-43a5-b0a6-2745fcb8ef6d","ts":"2025-03-25T21:42:03.116+01:00","source":{"id":"0","name":"eventBus"}}
{"__type":"$$EventMessageNode","id":"19fa03cf-a041-44d8-963c-b764fdd498c3","ts":"2025-03-25T21:42:03.116+01:00","eventName":"n8n.node.started","message":"n8n.node.started","payload":{"workflowId":"djKoqbJYAtFuGd81","workflowName":"PizzerIA - Delivery","executionId":"100","nodeType":"n8n-nodes-base.mySql","nodeName":"Orders Query"}}
{"__type":"$$EventMessageConfirm","confirm":"19fa03cf-a041-44d8-963c-b764fdd498c3","ts":"2025-03-25T21:42:03.116+01:00","source":{"id":"0","name":"eventBus"}}
{"__type":"$$EventMessageNode","id":"a2188eae-80cd-40bc-b8d8-6ea1e1b3f6ed","ts":"2025-03-25T21:42:03.154+01:00","eventName":"n8n.node.finished","message":"n8n.node.finished","payload":{"workflowId":"djKoqbJYAtFuGd81","workflowName":"PizzerIA - Delivery","executionId":"100","nodeType":"n8n-nodes-base.mySql","nodeName":"Orders Query"}}
{"__type":"$$EventMessageConfirm","confirm":"a2188eae-80cd-40bc-b8d8-6ea1e1b3f6ed","ts":"2025-03-25T21:42:03.155+01:00","source":{"id":"0","name":"eventBus"}}
{"__type":"$$EventMessageNode","id":"86fe969b-5f83-4833-9c67-d9fd803c24e5","ts":"2025-03-25T21:42:03.155+01:00","eventName":"n8n.node.started","message":"n8n.node.started","payload":{"workflowId":"djKoqbJYAtFuGd81","workflowName":"PizzerIA - Delivery","executionId":"100","nodeType":"n8n-nodes-base.httpRequest","nodeName":"HTTP Request"}}
{"__type":"$$EventMessageConfirm","confirm":"86fe969b-5f83-4833-9c67-d9fd803c24e5","ts":"2025-03-25T21:42:03.155+01:00","source":{"id":"0","name":"eventBus"}}
{"__type":"$$EventMessageNode","id":"6bb0893c-2c37-4e85-87d8-a2df94ce5cee","ts":"2025-03-25T21:42:03.174+01:00","eventName":"n8n.node.finished","message":"n8n.node.finished","payload":{"workflowId":"djKoqbJYAtFuGd81","workflowName":"PizzerIA - Delivery","executionId":"100","nodeType":"n8n-nodes-base.httpRequest","nodeName":"HTTP Request"}}
{"__type":"$$EventMessageConfirm","confirm":"6bb0893c-2c37-4e85-87d8-a2df94ce5cee","ts":"2025-03-25T21:42:03.174+01:00","source":{"id":"0","name":"eventBus"}}
{"__type":"$$EventMessageWorkflow","id":"a73e08f1-df73-46ac-988c-e2d7554f3da4","ts":"2025-03-25T21:42:03.174+01:00","eventName":"n8n.workflow.failed","message":"n8n.workflow.failed","payload":{"executionId":"100","success":false,"isManual":false,"workflowId":"djKoqbJYAtFuGd81","workflowName":"PizzerIA - Delivery","lastNodeExecuted":"HTTP Request","errorNodeType":"n8n-nodes-base.httpRequest","errorMessage":"Your request is invalid or could not be processed by the service"}}
{"__type":"$$EventMessageConfirm","confirm":"a73e08f1-df73-46ac-988c-e2d7554f3da4","ts":"2025-03-25T21:42:03.174+01:00","source":{"id":"0","name":"eventBus"}}
{"__type":"$$EventMessageWorkflow","id":"7bb7f0ab-9d94-490d-ad6b-427a309c3d2b","ts":"2025-03-25T21:45:52.515+01:00","eventName":"n8n.workflow.started","message":"n8n.workflow.started","payload":{"executionId":"101","workflowId":"djKoqbJYAtFuGd81","isManual":false,"workflowName":"PizzerIA - Delivery"}}
{"__type":"$$EventMessageConfirm","confirm":"7bb7f0ab-9d94-490d-ad6b-427a309c3d2b","ts":"2025-03-25T21:45:52.523+01:00","source":{"id":"0","name":"eventBus"}}
{"__type":"$$EventMessageNode","id":"44964a16-9af8-4d81-a575-e9f51a016974","ts":"2025-03-25T21:45:52.617+01:00","eventName":"n8n.node.started","message":"n8n.node.started","payload":{"workflowId":"djKoqbJYAtFuGd81","workflowName":"PizzerIA - Delivery","executionId":"101","nodeType":"n8n-nodes-base.scheduleTrigger","nodeName":"Schedule Trigger"}}
{"__type":"$$EventMessageConfirm","confirm":"44964a16-9af8-4d81-a575-e9f51a016974","ts":"2025-03-25T21:45:52.630+01:00","source":{"id":"0","name":"eventBus"}}
{"__type":"$$EventMessageNode","id":"ed3feca1-b060-4d99-9380-1a9149073812","ts":"2025-03-25T21:45:52.634+01:00","eventName":"n8n.node.finished","message":"n8n.node.finished","payload":{"workflowId":"djKoqbJYAtFuGd81","workflowName":"PizzerIA - Delivery","executionId":"101","nodeType":"n8n-nodes-base.scheduleTrigger","nodeName":"Schedule Trigger"}}
{"__type":"$$EventMessageConfirm","confirm":"ed3feca1-b060-4d99-9380-1a9149073812","ts":"2025-03-25T21:45:52.635+01:00","source":{"id":"0","name":"eventBus"}}
{"__type":"$$EventMessageNode","id":"75af6236-7db7-41d8-b28d-7007565f8645","ts":"2025-03-25T21:45:52.636+01:00","eventName":"n8n.node.started","message":"n8n.node.started","payload":{"workflowId":"djKoqbJYAtFuGd81","workflowName":"PizzerIA - Delivery","executionId":"101","nodeType":"n8n-nodes-base.dateTime","nodeName":"Date Formatter"}}
{"__type":"$$EventMessageConfirm","confirm":"75af6236-7db7-41d8-b28d-7007565f8645","ts":"2025-03-25T21:45:52.637+01:00","source":{"id":"0","name":"eventBus"}}
{"__type":"$$EventMessageNode","id":"404533f0-1af6-4e13-b6a8-6ba4b888e019","ts":"2025-03-25T21:45:54.016+01:00","eventName":"n8n.node.finished","message":"n8n.node.finished","payload":{"workflowId":"djKoqbJYAtFuGd81","workflowName":"PizzerIA - Delivery","executionId":"101","nodeType":"n8n-nodes-base.dateTime","nodeName":"Date Formatter"}}
{"__type":"$$EventMessageConfirm","confirm":"404533f0-1af6-4e13-b6a8-6ba4b888e019","ts":"2025-03-25T21:45:54.080+01:00","source":{"id":"0","name":"eventBus"}}
{"__type":"$$EventMessageNode","id":"628a5df4-9244-478b-9a6c-a4d7ca8d1e37","ts":"2025-03-25T21:45:54.200+01:00","eventName":"n8n.node.started","message":"n8n.node.started","payload":{"workflowId":"djKoqbJYAtFuGd81","workflowName":"PizzerIA - Delivery","executionId":"101","nodeType":"n8n-nodes-base.mySql","nodeName":"Orders Query"}}
{"__type":"$$EventMessageConfirm","confirm":"628a5df4-9244-478b-9a6c-a4d7ca8d1e37","ts":"2025-03-25T21:45:54.263+01:00","source":{"id":"0","name":"eventBus"}}
{"__type":"$$EventMessageNode","id":"afaf61f8-7afd-4e27-bcdb-e9af2c842c43","ts":"2025-03-25T21:45:55.385+01:00","eventName":"n8n.node.finished","message":"n8n.node.finished","payload":{"workflowId":"djKoqbJYAtFuGd81","workflowName":"PizzerIA - Delivery","executionId":"101","nodeType":"n8n-nodes-base.mySql","nodeName":"Orders Query"}}
{"__type":"$$EventMessageConfirm","confirm":"afaf61f8-7afd-4e27-bcdb-e9af2c842c43","ts":"2025-03-25T21:45:55.395+01:00","source":{"id":"0","name":"eventBus"}}
{"__type":"$$EventMessageNode","id":"788015ba-f031-4e1f-b33d-bd32c75ae0c3","ts":"2025-03-25T21:45:55.401+01:00","eventName":"n8n.node.started","message":"n8n.node.started","payload":{"workflowId":"djKoqbJYAtFuGd81","workflowName":"PizzerIA - Delivery","executionId":"101","nodeType":"n8n-nodes-base.httpRequest","nodeName":"HTTP Request"}}
{"__type":"$$EventMessageConfirm","confirm":"788015ba-f031-4e1f-b33d-bd32c75ae0c3","ts":"2025-03-25T21:45:55.405+01:00","source":{"id":"0","name":"eventBus"}}
{"__type":"$$EventMessageNode","id":"67ad5003-4be1-4c50-a3ee-d8b0173f1fda","ts":"2025-03-25T21:46:00.784+01:00","eventName":"n8n.node.finished","message":"n8n.node.finished","payload":{"workflowId":"djKoqbJYAtFuGd81","workflowName":"PizzerIA - Delivery","executionId":"101","nodeType":"n8n-nodes-base.httpRequest","nodeName":"HTTP Request"}}
{"__type":"$$EventMessageConfirm","confirm":"67ad5003-4be1-4c50-a3ee-d8b0173f1fda","ts":"2025-03-25T21:46:00.786+01:00","source":{"id":"0","name":"eventBus"}}
{"__type":"$$EventMessageWorkflow","id":"aa4d3716-1d4d-4bbc-abea-45928ac376cc","ts":"2025-03-25T21:46:00.821+01:00","eventName":"n8n.workflow.failed","message":"n8n.workflow.failed","payload":{"executionId":"101","success":false,"isManual":false,"workflowId":"djKoqbJYAtFuGd81","workflowName":"PizzerIA - Delivery","lastNodeExecuted":"HTTP Request","errorNodeType":"n8n-nodes-base.httpRequest","errorMessage":"Your request is invalid or could not be processed by the service"}}
{"__type":"$$EventMessageConfirm","confirm":"aa4d3716-1d4d-4bbc-abea-45928ac376cc","ts":"2025-03-25T21:46:00.829+01:00","source":{"id":"0","name":"eventBus"}}
{"__type":"$$EventMessageWorkflow","id":"730856f5-ee97-4b7f-b536-a238c7e03753","ts":"2025-03-25T22:04:08.358+01:00","eventName":"n8n.workflow.started","message":"n8n.workflow.started","payload":{"executionId":"102","workflowId":"djKoqbJYAtFuGd81","isManual":false,"workflowName":"PizzerIA - Delivery"}}
{"__type":"$$EventMessageConfirm","confirm":"730856f5-ee97-4b7f-b536-a238c7e03753","ts":"2025-03-25T22:04:08.358+01:00","source":{"id":"0","name":"eventBus"}}
{"__type":"$$EventMessageNode","id":"0fea2a49-ff8c-4215-b57a-bf64cee3af4b","ts":"2025-03-25T22:04:08.359+01:00","eventName":"n8n.node.started","message":"n8n.node.started","payload":{"workflowId":"djKoqbJYAtFuGd81","workflowName":"PizzerIA - Delivery","executionId":"102","nodeType":"n8n-nodes-base.scheduleTrigger","nodeName":"Schedule Trigger"}}
{"__type":"$$EventMessageConfirm","confirm":"0fea2a49-ff8c-4215-b57a-bf64cee3af4b","ts":"2025-03-25T22:04:08.359+01:00","source":{"id":"0","name":"eventBus"}}
{"__type":"$$EventMessageNode","id":"9b97a6fa-03a7-4a0e-9a01-10e68b799539","ts":"2025-03-25T22:04:08.360+01:00","eventName":"n8n.node.finished","message":"n8n.node.finished","payload":{"workflowId":"djKoqbJYAtFuGd81","workflowName":"PizzerIA - Delivery","executionId":"102","nodeType":"n8n-nodes-base.scheduleTrigger","nodeName":"Schedule Trigger"}}
{"__type":"$$EventMessageConfirm","confirm":"9b97a6fa-03a7-4a0e-9a01-10e68b799539","ts":"2025-03-25T22:04:08.360+01:00","source":{"id":"0","name":"eventBus"}}
{"__type":"$$EventMessageNode","id":"b80d32a7-e5b6-4d38-84b8-49b9cdac2d21","ts":"2025-03-25T22:04:08.360+01:00","eventName":"n8n.node.started","message":"n8n.node.started","payload":{"workflowId":"djKoqbJYAtFuGd81","workflowName":"PizzerIA - Delivery","executionId":"102","nodeType":"n8n-nodes-base.dateTime","nodeName":"Date Formatter"}}
{"__type":"$$EventMessageConfirm","confirm":"b80d32a7-e5b6-4d38-84b8-49b9cdac2d21","ts":"2025-03-25T22:04:08.360+01:00","source":{"id":"0","name":"eventBus"}}
{"__type":"$$EventMessageNode","id":"d1e966ba-4106-450e-9546-541d3a9ff835","ts":"2025-03-25T22:04:08.371+01:00","eventName":"n8n.node.finished","message":"n8n.node.finished","payload":{"workflowId":"djKoqbJYAtFuGd81","workflowName":"PizzerIA - Delivery","executionId":"102","nodeType":"n8n-nodes-base.dateTime","nodeName":"Date Formatter"}}
{"__type":"$$EventMessageConfirm","confirm":"d1e966ba-4106-450e-9546-541d3a9ff835","ts":"2025-03-25T22:04:08.372+01:00","source":{"id":"0","name":"eventBus"}}
{"__type":"$$EventMessageNode","id":"7bf9f064-ce23-46b6-af6c-1c5cbffa4290","ts":"2025-03-25T22:04:08.372+01:00","eventName":"n8n.node.started","message":"n8n.node.started","payload":{"workflowId":"djKoqbJYAtFuGd81","workflowName":"PizzerIA - Delivery","executionId":"102","nodeType":"n8n-nodes-base.mySql","nodeName":"Orders Query"}}
{"__type":"$$EventMessageConfirm","confirm":"7bf9f064-ce23-46b6-af6c-1c5cbffa4290","ts":"2025-03-25T22:04:08.373+01:00","source":{"id":"0","name":"eventBus"}}
{"__type":"$$EventMessageNode","id":"36870689-95d3-4de0-acd6-314f11440a17","ts":"2025-03-25T22:04:08.407+01:00","eventName":"n8n.node.finished","message":"n8n.node.finished","payload":{"workflowId":"djKoqbJYAtFuGd81","workflowName":"PizzerIA - Delivery","executionId":"102","nodeType":"n8n-nodes-base.mySql","nodeName":"Orders Query"}}
{"__type":"$$EventMessageConfirm","confirm":"36870689-95d3-4de0-acd6-314f11440a17","ts":"2025-03-25T22:04:08.407+01:00","source":{"id":"0","name":"eventBus"}}
{"__type":"$$EventMessageNode","id":"781f01f3-c0ee-4e2a-8621-2f84542c237e","ts":"2025-03-25T22:04:08.407+01:00","eventName":"n8n.node.started","message":"n8n.node.started","payload":{"workflowId":"djKoqbJYAtFuGd81","workflowName":"PizzerIA - Delivery","executionId":"102","nodeType":"n8n-nodes-base.httpRequest","nodeName":"HTTP Request"}}
{"__type":"$$EventMessageConfirm","confirm":"781f01f3-c0ee-4e2a-8621-2f84542c237e","ts":"2025-03-25T22:04:08.407+01:00","source":{"id":"0","name":"eventBus"}}
{"__type":"$$EventMessageNode","id":"19af6792-6083-47c8-b74d-85de5c5ea711","ts":"2025-03-25T22:04:09.000+01:00","eventName":"n8n.node.finished","message":"n8n.node.finished","payload":{"workflowId":"djKoqbJYAtFuGd81","workflowName":"PizzerIA - Delivery","executionId":"102","nodeType":"n8n-nodes-base.httpRequest","nodeName":"HTTP Request"}}
{"__type":"$$EventMessageConfirm","confirm":"19af6792-6083-47c8-b74d-85de5c5ea711","ts":"2025-03-25T22:04:09.001+01:00","source":{"id":"0","name":"eventBus"}}
{"__type":"$$EventMessageWorkflow","id":"66500747-00da-46be-a2cc-1cd32b0cda89","ts":"2025-03-25T22:04:09.001+01:00","eventName":"n8n.workflow.failed","message":"n8n.workflow.failed","payload":{"executionId":"102","success":false,"isManual":false,"workflowId":"djKoqbJYAtFuGd81","workflowName":"PizzerIA - Delivery","lastNodeExecuted":"HTTP Request","errorNodeType":"n8n-nodes-base.httpRequest","errorMessage":"Your request is invalid or could not be processed by the service"}}
{"__type":"$$EventMessageConfirm","confirm":"66500747-00da-46be-a2cc-1cd32b0cda89","ts":"2025-03-25T22:04:09.002+01:00","source":{"id":"0","name":"eventBus"}}
{"__type":"$$EventMessageWorkflow","id":"71a31d9c-9f21-4952-ace2-2c4c17ccf9ec","ts":"2025-03-25T22:05:44.072+01:00","eventName":"n8n.workflow.started","message":"n8n.workflow.started","payload":{"executionId":"103","workflowId":"djKoqbJYAtFuGd81","isManual":false,"workflowName":"PizzerIA - Delivery"}}
{"__type":"$$EventMessageConfirm","confirm":"71a31d9c-9f21-4952-ace2-2c4c17ccf9ec","ts":"2025-03-25T22:05:44.073+01:00","source":{"id":"0","name":"eventBus"}}
{"__type":"$$EventMessageNode","id":"febbd389-27c9-483c-9ea8-a29b231e9b54","ts":"2025-03-25T22:05:44.074+01:00","eventName":"n8n.node.started","message":"n8n.node.started","payload":{"workflowId":"djKoqbJYAtFuGd81","workflowName":"PizzerIA - Delivery","executionId":"103","nodeType":"n8n-nodes-base.scheduleTrigger","nodeName":"Schedule Trigger"}}
{"__type":"$$EventMessageConfirm","confirm":"febbd389-27c9-483c-9ea8-a29b231e9b54","ts":"2025-03-25T22:05:44.074+01:00","source":{"id":"0","name":"eventBus"}}
{"__type":"$$EventMessageNode","id":"528f890f-3dc1-49a7-8fbb-f356a0dbb656","ts":"2025-03-25T22:05:44.075+01:00","eventName":"n8n.node.finished","message":"n8n.node.finished","payload":{"workflowId":"djKoqbJYAtFuGd81","workflowName":"PizzerIA - Delivery","executionId":"103","nodeType":"n8n-nodes-base.scheduleTrigger","nodeName":"Schedule Trigger"}}
{"__type":"$$EventMessageConfirm","confirm":"528f890f-3dc1-49a7-8fbb-f356a0dbb656","ts":"2025-03-25T22:05:44.076+01:00","source":{"id":"0","name":"eventBus"}}
{"__type":"$$EventMessageNode","id":"48dab975-d292-4d0e-a597-0cfd023c62d1","ts":"2025-03-25T22:05:44.076+01:00","eventName":"n8n.node.started","message":"n8n.node.started","payload":{"workflowId":"djKoqbJYAtFuGd81","workflowName":"PizzerIA - Delivery","executionId":"103","nodeType":"n8n-nodes-base.dateTime","nodeName":"Date Formatter"}}
{"__type":"$$EventMessageConfirm","confirm":"48dab975-d292-4d0e-a597-0cfd023c62d1","ts":"2025-03-25T22:05:44.076+01:00","source":{"id":"0","name":"eventBus"}}
{"__type":"$$EventMessageNode","id":"771aad8d-3297-4995-92cd-92c73a15df66","ts":"2025-03-25T22:05:44.232+01:00","eventName":"n8n.node.finished","message":"n8n.node.finished","payload":{"workflowId":"djKoqbJYAtFuGd81","workflowName":"PizzerIA - Delivery","executionId":"103","nodeType":"n8n-nodes-base.dateTime","nodeName":"Date Formatter"}}
{"__type":"$$EventMessageConfirm","confirm":"771aad8d-3297-4995-92cd-92c73a15df66","ts":"2025-03-25T22:05:44.232+01:00","source":{"id":"0","name":"eventBus"}}
{"__type":"$$EventMessageNode","id":"f3744837-c462-4dce-ac68-1e5587fdeea5","ts":"2025-03-25T22:05:44.233+01:00","eventName":"n8n.node.started","message":"n8n.node.started","payload":{"workflowId":"djKoqbJYAtFuGd81","workflowName":"PizzerIA - Delivery","executionId":"103","nodeType":"n8n-nodes-base.mySql","nodeName":"Orders Query"}}
{"__type":"$$EventMessageConfirm","confirm":"f3744837-c462-4dce-ac68-1e5587fdeea5","ts":"2025-03-25T22:05:44.233+01:00","source":{"id":"0","name":"eventBus"}}
{"__type":"$$EventMessageNode","id":"110ed937-0d06-42fb-8a92-a07e96ef27f8","ts":"2025-03-25T22:05:45.598+01:00","eventName":"n8n.node.finished","message":"n8n.node.finished","payload":{"workflowId":"djKoqbJYAtFuGd81","workflowName":"PizzerIA - Delivery","executionId":"103","nodeType":"n8n-nodes-base.mySql","nodeName":"Orders Query"}}
{"__type":"$$EventMessageConfirm","confirm":"110ed937-0d06-42fb-8a92-a07e96ef27f8","ts":"2025-03-25T22:05:45.598+01:00","source":{"id":"0","name":"eventBus"}}
{"__type":"$$EventMessageNode","id":"3af1b6b8-67c2-4f6c-a8f6-971b33762f69","ts":"2025-03-25T22:05:45.598+01:00","eventName":"n8n.node.started","message":"n8n.node.started","payload":{"workflowId":"djKoqbJYAtFuGd81","workflowName":"PizzerIA - Delivery","executionId":"103","nodeType":"n8n-nodes-base.httpRequest","nodeName":"HTTP Request"}}
{"__type":"$$EventMessageConfirm","confirm":"3af1b6b8-67c2-4f6c-a8f6-971b33762f69","ts":"2025-03-25T22:05:45.598+01:00","source":{"id":"0","name":"eventBus"}}
{"__type":"$$EventMessageNode","id":"33ccea6f-eb6d-473a-87c2-553a21381c98","ts":"2025-03-25T22:05:47.098+01:00","eventName":"n8n.node.finished","message":"n8n.node.finished","payload":{"workflowId":"djKoqbJYAtFuGd81","workflowName":"PizzerIA - Delivery","executionId":"103","nodeType":"n8n-nodes-base.httpRequest","nodeName":"HTTP Request"}}
{"__type":"$$EventMessageConfirm","confirm":"33ccea6f-eb6d-473a-87c2-553a21381c98","ts":"2025-03-25T22:05:47.098+01:00","source":{"id":"0","name":"eventBus"}}
{"__type":"$$EventMessageWorkflow","id":"90d24eb9-c9a0-46ff-8d38-389c8e5d886e","ts":"2025-03-25T22:05:47.101+01:00","eventName":"n8n.workflow.failed","message":"n8n.workflow.failed","payload":{"executionId":"103","success":false,"isManual":false,"workflowId":"djKoqbJYAtFuGd81","workflowName":"PizzerIA - Delivery","lastNodeExecuted":"HTTP Request","errorNodeType":"n8n-nodes-base.httpRequest","errorMessage":"Your request is invalid or could not be processed by the service"}}
{"__type":"$$EventMessageConfirm","confirm":"90d24eb9-c9a0-46ff-8d38-389c8e5d886e","ts":"2025-03-25T22:05:47.102+01:00","source":{"id":"0","name":"eventBus"}}
