{"__type":"$$EventMessageWorkflow","id":"6864a04d-eb61-4635-8845-1b9b8c4b1a1b","ts":"2025-03-25T17:51:56.473+01:00","eventName":"n8n.workflow.started","message":"n8n.workflow.started","payload":{"executionId":"56","workflowId":"djKoqbJYAtFuGd81","isManual":false,"workflowName":"PizzerIA - Delivery"}}
{"__type":"$$EventMessageConfirm","confirm":"6864a04d-eb61-4635-8845-1b9b8c4b1a1b","ts":"2025-03-25T17:51:56.474+01:00","source":{"id":"0","name":"eventBus"}}
{"__type":"$$EventMessageNode","id":"2e7df746-239d-47b8-b999-979bf63f7977","ts":"2025-03-25T17:51:56.477+01:00","eventName":"n8n.node.started","message":"n8n.node.started","payload":{"workflowId":"djKoqbJYAtFuGd81","workflowName":"PizzerIA - Delivery","executionId":"56","nodeType":"n8n-nodes-base.scheduleTrigger","nodeName":"Schedule Trigger"}}
{"__type":"$$EventMessageConfirm","confirm":"2e7df746-239d-47b8-b999-979bf63f7977","ts":"2025-03-25T17:51:56.477+01:00","source":{"id":"0","name":"eventBus"}}
{"__type":"$$EventMessageNode","id":"9e4d20f9-3004-49a2-baac-73bb27b51dda","ts":"2025-03-25T17:51:56.514+01:00","eventName":"n8n.node.finished","message":"n8n.node.finished","payload":{"workflowId":"djKoqbJYAtFuGd81","workflowName":"PizzerIA - Delivery","executionId":"56","nodeType":"n8n-nodes-base.scheduleTrigger","nodeName":"Schedule Trigger"}}
{"__type":"$$EventMessageConfirm","confirm":"9e4d20f9-3004-49a2-baac-73bb27b51dda","ts":"2025-03-25T17:51:56.514+01:00","source":{"id":"0","name":"eventBus"}}
{"__type":"$$EventMessageNode","id":"11a72e9a-4a74-46ec-9a08-eb07351611a2","ts":"2025-03-25T17:51:56.516+01:00","eventName":"n8n.node.started","message":"n8n.node.started","payload":{"workflowId":"djKoqbJYAtFuGd81","workflowName":"PizzerIA - Delivery","executionId":"56","nodeType":"n8n-nodes-base.dateTime","nodeName":"Date Formatter"}}
{"__type":"$$EventMessageConfirm","confirm":"11a72e9a-4a74-46ec-9a08-eb07351611a2","ts":"2025-03-25T17:51:56.516+01:00","source":{"id":"0","name":"eventBus"}}
{"__type":"$$EventMessageNode","id":"c837128d-6ed1-4086-8a93-c4932daa9a85","ts":"2025-03-25T17:51:56.582+01:00","eventName":"n8n.node.finished","message":"n8n.node.finished","payload":{"workflowId":"djKoqbJYAtFuGd81","workflowName":"PizzerIA - Delivery","executionId":"56","nodeType":"n8n-nodes-base.dateTime","nodeName":"Date Formatter"}}
{"__type":"$$EventMessageConfirm","confirm":"c837128d-6ed1-4086-8a93-c4932daa9a85","ts":"2025-03-25T17:51:56.583+01:00","source":{"id":"0","name":"eventBus"}}
{"__type":"$$EventMessageNode","id":"c4e4bcbd-7b40-4d0f-8474-efd8a679cde1","ts":"2025-03-25T17:51:56.584+01:00","eventName":"n8n.node.started","message":"n8n.node.started","payload":{"workflowId":"djKoqbJYAtFuGd81","workflowName":"PizzerIA - Delivery","executionId":"56","nodeType":"n8n-nodes-base.mySql","nodeName":"MySQL"}}
{"__type":"$$EventMessageConfirm","confirm":"c4e4bcbd-7b40-4d0f-8474-efd8a679cde1","ts":"2025-03-25T17:51:56.584+01:00","source":{"id":"0","name":"eventBus"}}
{"__type":"$$EventMessageNode","id":"419ca477-44f3-46c2-a1ce-cf0c2f4a514a","ts":"2025-03-25T17:51:56.726+01:00","eventName":"n8n.node.finished","message":"n8n.node.finished","payload":{"workflowId":"djKoqbJYAtFuGd81","workflowName":"PizzerIA - Delivery","executionId":"56","nodeType":"n8n-nodes-base.mySql","nodeName":"MySQL"}}
{"__type":"$$EventMessageConfirm","confirm":"419ca477-44f3-46c2-a1ce-cf0c2f4a514a","ts":"2025-03-25T17:51:56.727+01:00","source":{"id":"0","name":"eventBus"}}
{"__type":"$$EventMessageWorkflow","id":"aa6a995f-defe-4344-9703-e4356706e20b","ts":"2025-03-25T17:51:56.744+01:00","eventName":"n8n.workflow.success","message":"n8n.workflow.success","payload":{"executionId":"56","userId":"eb36a747-851f-49c4-8756-c6d432282c50","success":true,"isManual":true,"workflowId":"djKoqbJYAtFuGd81","workflowName":"PizzerIA - Delivery"}}
{"__type":"$$EventMessageConfirm","confirm":"aa6a995f-defe-4344-9703-e4356706e20b","ts":"2025-03-25T17:51:56.744+01:00","source":{"id":"0","name":"eventBus"}}
{"__type":"$$EventMessageWorkflow","id":"2b642c5b-9f6d-4e87-9d56-539168ab474b","ts":"2025-03-25T17:52:17.375+01:00","eventName":"n8n.workflow.started","message":"n8n.workflow.started","payload":{"executionId":"57","workflowId":"djKoqbJYAtFuGd81","isManual":false,"workflowName":"PizzerIA - Delivery"}}
{"__type":"$$EventMessageConfirm","confirm":"2b642c5b-9f6d-4e87-9d56-539168ab474b","ts":"2025-03-25T17:52:17.375+01:00","source":{"id":"0","name":"eventBus"}}
{"__type":"$$EventMessageNode","id":"c6784b5e-1e77-4e27-be68-997f7c6d040d","ts":"2025-03-25T17:52:17.377+01:00","eventName":"n8n.node.started","message":"n8n.node.started","payload":{"workflowId":"djKoqbJYAtFuGd81","workflowName":"PizzerIA - Delivery","executionId":"57","nodeType":"n8n-nodes-base.mySql","nodeName":"MySQL"}}
{"__type":"$$EventMessageConfirm","confirm":"c6784b5e-1e77-4e27-be68-997f7c6d040d","ts":"2025-03-25T17:52:17.377+01:00","source":{"id":"0","name":"eventBus"}}
{"__type":"$$EventMessageNode","id":"1c058dfd-4b71-4d78-bf14-438cc8405985","ts":"2025-03-25T17:52:17.433+01:00","eventName":"n8n.node.finished","message":"n8n.node.finished","payload":{"workflowId":"djKoqbJYAtFuGd81","workflowName":"PizzerIA - Delivery","executionId":"57","nodeType":"n8n-nodes-base.mySql","nodeName":"MySQL"}}
{"__type":"$$EventMessageConfirm","confirm":"1c058dfd-4b71-4d78-bf14-438cc8405985","ts":"2025-03-25T17:52:17.434+01:00","source":{"id":"0","name":"eventBus"}}
{"__type":"$$EventMessageWorkflow","id":"8d3dc7b2-d388-41e6-a089-d6cb624e4e50","ts":"2025-03-25T17:52:17.439+01:00","eventName":"n8n.workflow.success","message":"n8n.workflow.success","payload":{"executionId":"57","userId":"eb36a747-851f-49c4-8756-c6d432282c50","success":true,"isManual":true,"workflowId":"djKoqbJYAtFuGd81","workflowName":"PizzerIA - Delivery"}}
{"__type":"$$EventMessageConfirm","confirm":"8d3dc7b2-d388-41e6-a089-d6cb624e4e50","ts":"2025-03-25T17:52:17.440+01:00","source":{"id":"0","name":"eventBus"}}
{"__type":"$$EventMessageWorkflow","id":"aabbf424-ec9e-475d-9f6a-bc979a6c9f8b","ts":"2025-03-25T17:52:23.736+01:00","eventName":"n8n.workflow.started","message":"n8n.workflow.started","payload":{"executionId":"58","workflowId":"djKoqbJYAtFuGd81","isManual":false,"workflowName":"PizzerIA - Delivery"}}
{"__type":"$$EventMessageConfirm","confirm":"aabbf424-ec9e-475d-9f6a-bc979a6c9f8b","ts":"2025-03-25T17:52:23.736+01:00","source":{"id":"0","name":"eventBus"}}
{"__type":"$$EventMessageNode","id":"7ed82dfb-ee1d-450f-ad50-4919aa99a5de","ts":"2025-03-25T17:52:23.738+01:00","eventName":"n8n.node.started","message":"n8n.node.started","payload":{"workflowId":"djKoqbJYAtFuGd81","workflowName":"PizzerIA - Delivery","executionId":"58","nodeType":"n8n-nodes-base.mySql","nodeName":"MySQL"}}
{"__type":"$$EventMessageConfirm","confirm":"7ed82dfb-ee1d-450f-ad50-4919aa99a5de","ts":"2025-03-25T17:52:23.738+01:00","source":{"id":"0","name":"eventBus"}}
{"__type":"$$EventMessageNode","id":"b5c2a50c-a486-48bc-801d-d5c4a119a71d","ts":"2025-03-25T17:52:23.808+01:00","eventName":"n8n.node.finished","message":"n8n.node.finished","payload":{"workflowId":"djKoqbJYAtFuGd81","workflowName":"PizzerIA - Delivery","executionId":"58","nodeType":"n8n-nodes-base.mySql","nodeName":"MySQL"}}
{"__type":"$$EventMessageConfirm","confirm":"b5c2a50c-a486-48bc-801d-d5c4a119a71d","ts":"2025-03-25T17:52:23.808+01:00","source":{"id":"0","name":"eventBus"}}
{"__type":"$$EventMessageWorkflow","id":"5d549b46-a13f-47e2-8df6-a0911740a043","ts":"2025-03-25T17:52:23.815+01:00","eventName":"n8n.workflow.success","message":"n8n.workflow.success","payload":{"executionId":"58","userId":"eb36a747-851f-49c4-8756-c6d432282c50","success":true,"isManual":true,"workflowId":"djKoqbJYAtFuGd81","workflowName":"PizzerIA - Delivery"}}
{"__type":"$$EventMessageConfirm","confirm":"5d549b46-a13f-47e2-8df6-a0911740a043","ts":"2025-03-25T17:52:23.815+01:00","source":{"id":"0","name":"eventBus"}}
{"__type":"$$EventMessageWorkflow","id":"2b287924-68ef-4b6f-bf28-09de77682556","ts":"2025-03-25T17:53:22.708+01:00","eventName":"n8n.workflow.started","message":"n8n.workflow.started","payload":{"executionId":"59","workflowId":"djKoqbJYAtFuGd81","isManual":false,"workflowName":"PizzerIA - Delivery"}}
{"__type":"$$EventMessageConfirm","confirm":"2b287924-68ef-4b6f-bf28-09de77682556","ts":"2025-03-25T17:53:22.709+01:00","source":{"id":"0","name":"eventBus"}}
{"__type":"$$EventMessageNode","id":"72f39b90-7324-4ff5-9f71-9af7c4cd7116","ts":"2025-03-25T17:53:22.710+01:00","eventName":"n8n.node.started","message":"n8n.node.started","payload":{"workflowId":"djKoqbJYAtFuGd81","workflowName":"PizzerIA - Delivery","executionId":"59","nodeType":"n8n-nodes-base.dateTime","nodeName":"Date Formatter"}}
{"__type":"$$EventMessageConfirm","confirm":"72f39b90-7324-4ff5-9f71-9af7c4cd7116","ts":"2025-03-25T17:53:22.711+01:00","source":{"id":"0","name":"eventBus"}}
{"__type":"$$EventMessageNode","id":"b8e10ec9-be27-4fc9-b240-b9083a944710","ts":"2025-03-25T17:53:22.723+01:00","eventName":"n8n.node.finished","message":"n8n.node.finished","payload":{"workflowId":"djKoqbJYAtFuGd81","workflowName":"PizzerIA - Delivery","executionId":"59","nodeType":"n8n-nodes-base.dateTime","nodeName":"Date Formatter"}}
{"__type":"$$EventMessageConfirm","confirm":"b8e10ec9-be27-4fc9-b240-b9083a944710","ts":"2025-03-25T17:53:22.723+01:00","source":{"id":"0","name":"eventBus"}}
{"__type":"$$EventMessageWorkflow","id":"23da13fa-8dd1-40e3-b310-5e20353da332","ts":"2025-03-25T17:53:22.730+01:00","eventName":"n8n.workflow.success","message":"n8n.workflow.success","payload":{"executionId":"59","userId":"eb36a747-851f-49c4-8756-c6d432282c50","success":true,"isManual":true,"workflowId":"djKoqbJYAtFuGd81","workflowName":"PizzerIA - Delivery"}}
{"__type":"$$EventMessageConfirm","confirm":"23da13fa-8dd1-40e3-b310-5e20353da332","ts":"2025-03-25T17:53:22.730+01:00","source":{"id":"0","name":"eventBus"}}
{"__type":"$$EventMessageWorkflow","id":"51791aa6-964c-40c6-b1a2-edaf929b42c0","ts":"2025-03-25T17:53:29.611+01:00","eventName":"n8n.workflow.started","message":"n8n.workflow.started","payload":{"executionId":"60","workflowId":"djKoqbJYAtFuGd81","isManual":false,"workflowName":"PizzerIA - Delivery"}}
{"__type":"$$EventMessageConfirm","confirm":"51791aa6-964c-40c6-b1a2-edaf929b42c0","ts":"2025-03-25T17:53:29.612+01:00","source":{"id":"0","name":"eventBus"}}
{"__type":"$$EventMessageNode","id":"e2f87156-70b4-4693-b282-47747acd554e","ts":"2025-03-25T17:53:29.612+01:00","eventName":"n8n.node.started","message":"n8n.node.started","payload":{"workflowId":"djKoqbJYAtFuGd81","workflowName":"PizzerIA - Delivery","executionId":"60","nodeType":"n8n-nodes-base.dateTime","nodeName":"Date Formatter"}}
{"__type":"$$EventMessageConfirm","confirm":"e2f87156-70b4-4693-b282-47747acd554e","ts":"2025-03-25T17:53:29.613+01:00","source":{"id":"0","name":"eventBus"}}
{"__type":"$$EventMessageNode","id":"c2fea71a-6c90-4d06-87d9-4932b19f5a3f","ts":"2025-03-25T17:53:29.621+01:00","eventName":"n8n.node.finished","message":"n8n.node.finished","payload":{"workflowId":"djKoqbJYAtFuGd81","workflowName":"PizzerIA - Delivery","executionId":"60","nodeType":"n8n-nodes-base.dateTime","nodeName":"Date Formatter"}}
{"__type":"$$EventMessageConfirm","confirm":"c2fea71a-6c90-4d06-87d9-4932b19f5a3f","ts":"2025-03-25T17:53:29.621+01:00","source":{"id":"0","name":"eventBus"}}
{"__type":"$$EventMessageWorkflow","id":"009bf580-1c2f-48d4-8c02-6ff2cd5d4065","ts":"2025-03-25T17:53:29.626+01:00","eventName":"n8n.workflow.success","message":"n8n.workflow.success","payload":{"executionId":"60","userId":"eb36a747-851f-49c4-8756-c6d432282c50","success":true,"isManual":true,"workflowId":"djKoqbJYAtFuGd81","workflowName":"PizzerIA - Delivery"}}
{"__type":"$$EventMessageConfirm","confirm":"009bf580-1c2f-48d4-8c02-6ff2cd5d4065","ts":"2025-03-25T17:53:29.626+01:00","source":{"id":"0","name":"eventBus"}}
{"__type":"$$EventMessageWorkflow","id":"aac3c86b-b08a-4807-b01b-dec174c43c4b","ts":"2025-03-25T17:53:43.327+01:00","eventName":"n8n.workflow.started","message":"n8n.workflow.started","payload":{"executionId":"61","workflowId":"djKoqbJYAtFuGd81","isManual":false,"workflowName":"PizzerIA - Delivery"}}
{"__type":"$$EventMessageConfirm","confirm":"aac3c86b-b08a-4807-b01b-dec174c43c4b","ts":"2025-03-25T17:53:43.327+01:00","source":{"id":"0","name":"eventBus"}}
{"__type":"$$EventMessageNode","id":"3d87981d-40f8-42fc-ad89-088509905908","ts":"2025-03-25T17:53:43.328+01:00","eventName":"n8n.node.started","message":"n8n.node.started","payload":{"workflowId":"djKoqbJYAtFuGd81","workflowName":"PizzerIA - Delivery","executionId":"61","nodeType":"n8n-nodes-base.dateTime","nodeName":"Date Formatter"}}
{"__type":"$$EventMessageConfirm","confirm":"3d87981d-40f8-42fc-ad89-088509905908","ts":"2025-03-25T17:53:43.328+01:00","source":{"id":"0","name":"eventBus"}}
{"__type":"$$EventMessageNode","id":"732db85c-f117-4af7-8340-73ee893e7cf3","ts":"2025-03-25T17:53:43.335+01:00","eventName":"n8n.node.finished","message":"n8n.node.finished","payload":{"workflowId":"djKoqbJYAtFuGd81","workflowName":"PizzerIA - Delivery","executionId":"61","nodeType":"n8n-nodes-base.dateTime","nodeName":"Date Formatter"}}
{"__type":"$$EventMessageConfirm","confirm":"732db85c-f117-4af7-8340-73ee893e7cf3","ts":"2025-03-25T17:53:43.336+01:00","source":{"id":"0","name":"eventBus"}}
{"__type":"$$EventMessageWorkflow","id":"cc22c7b4-272a-4bc8-8207-e9cb38f49c76","ts":"2025-03-25T17:53:43.344+01:00","eventName":"n8n.workflow.success","message":"n8n.workflow.success","payload":{"executionId":"61","userId":"eb36a747-851f-49c4-8756-c6d432282c50","success":true,"isManual":true,"workflowId":"djKoqbJYAtFuGd81","workflowName":"PizzerIA - Delivery"}}
{"__type":"$$EventMessageConfirm","confirm":"cc22c7b4-272a-4bc8-8207-e9cb38f49c76","ts":"2025-03-25T17:53:43.344+01:00","source":{"id":"0","name":"eventBus"}}
{"__type":"$$EventMessageWorkflow","id":"378500d6-377d-461c-b04f-8f2687d6f49d","ts":"2025-03-25T17:55:10.117+01:00","eventName":"n8n.workflow.started","message":"n8n.workflow.started","payload":{"executionId":"62","workflowId":"djKoqbJYAtFuGd81","isManual":false,"workflowName":"PizzerIA - Delivery"}}
{"__type":"$$EventMessageConfirm","confirm":"378500d6-377d-461c-b04f-8f2687d6f49d","ts":"2025-03-25T17:55:10.117+01:00","source":{"id":"0","name":"eventBus"}}
{"__type":"$$EventMessageNode","id":"8ac57a22-3eb2-4a81-8e6e-656a5a144eff","ts":"2025-03-25T17:55:10.118+01:00","eventName":"n8n.node.started","message":"n8n.node.started","payload":{"workflowId":"djKoqbJYAtFuGd81","workflowName":"PizzerIA - Delivery","executionId":"62","nodeType":"n8n-nodes-base.dateTime","nodeName":"Date Formatter"}}
{"__type":"$$EventMessageConfirm","confirm":"8ac57a22-3eb2-4a81-8e6e-656a5a144eff","ts":"2025-03-25T17:55:10.118+01:00","source":{"id":"0","name":"eventBus"}}
{"__type":"$$EventMessageNode","id":"f22b545d-0d49-4cf1-8632-1f44f92ed0c8","ts":"2025-03-25T17:55:10.131+01:00","eventName":"n8n.node.finished","message":"n8n.node.finished","payload":{"workflowId":"djKoqbJYAtFuGd81","workflowName":"PizzerIA - Delivery","executionId":"62","nodeType":"n8n-nodes-base.dateTime","nodeName":"Date Formatter"}}
{"__type":"$$EventMessageConfirm","confirm":"f22b545d-0d49-4cf1-8632-1f44f92ed0c8","ts":"2025-03-25T17:55:10.132+01:00","source":{"id":"0","name":"eventBus"}}
{"__type":"$$EventMessageWorkflow","id":"4ad8677f-08cb-4710-8256-78768770c763","ts":"2025-03-25T17:55:10.135+01:00","eventName":"n8n.workflow.success","message":"n8n.workflow.success","payload":{"executionId":"62","userId":"eb36a747-851f-49c4-8756-c6d432282c50","success":true,"isManual":true,"workflowId":"djKoqbJYAtFuGd81","workflowName":"PizzerIA - Delivery"}}
{"__type":"$$EventMessageConfirm","confirm":"4ad8677f-08cb-4710-8256-78768770c763","ts":"2025-03-25T17:55:10.135+01:00","source":{"id":"0","name":"eventBus"}}
{"__type":"$$EventMessageWorkflow","id":"6f823076-4379-4cc1-bd80-c58a0728490e","ts":"2025-03-25T17:55:20.966+01:00","eventName":"n8n.workflow.started","message":"n8n.workflow.started","payload":{"executionId":"63","workflowId":"djKoqbJYAtFuGd81","isManual":false,"workflowName":"PizzerIA - Delivery"}}
{"__type":"$$EventMessageConfirm","confirm":"6f823076-4379-4cc1-bd80-c58a0728490e","ts":"2025-03-25T17:55:20.966+01:00","source":{"id":"0","name":"eventBus"}}
{"__type":"$$EventMessageNode","id":"5709f4cd-bce9-4602-ba63-662a3200e023","ts":"2025-03-25T17:55:20.967+01:00","eventName":"n8n.node.started","message":"n8n.node.started","payload":{"workflowId":"djKoqbJYAtFuGd81","workflowName":"PizzerIA - Delivery","executionId":"63","nodeType":"n8n-nodes-base.dateTime","nodeName":"Date Formatter"}}
{"__type":"$$EventMessageConfirm","confirm":"5709f4cd-bce9-4602-ba63-662a3200e023","ts":"2025-03-25T17:55:20.967+01:00","source":{"id":"0","name":"eventBus"}}
{"__type":"$$EventMessageNode","id":"e2389574-226f-486a-a6c6-a400526353ff","ts":"2025-03-25T17:55:20.973+01:00","eventName":"n8n.node.finished","message":"n8n.node.finished","payload":{"workflowId":"djKoqbJYAtFuGd81","workflowName":"PizzerIA - Delivery","executionId":"63","nodeType":"n8n-nodes-base.dateTime","nodeName":"Date Formatter"}}
{"__type":"$$EventMessageConfirm","confirm":"e2389574-226f-486a-a6c6-a400526353ff","ts":"2025-03-25T17:55:20.973+01:00","source":{"id":"0","name":"eventBus"}}
{"__type":"$$EventMessageWorkflow","id":"9001ac84-83b5-483f-90da-69091ceb2edd","ts":"2025-03-25T17:55:20.976+01:00","eventName":"n8n.workflow.success","message":"n8n.workflow.success","payload":{"executionId":"63","userId":"eb36a747-851f-49c4-8756-c6d432282c50","success":true,"isManual":true,"workflowId":"djKoqbJYAtFuGd81","workflowName":"PizzerIA - Delivery"}}
{"__type":"$$EventMessageConfirm","confirm":"9001ac84-83b5-483f-90da-69091ceb2edd","ts":"2025-03-25T17:55:20.977+01:00","source":{"id":"0","name":"eventBus"}}
{"__type":"$$EventMessageWorkflow","id":"aff4ad06-e813-4e49-8dba-024144f12866","ts":"2025-03-25T17:56:17.356+01:00","eventName":"n8n.workflow.started","message":"n8n.workflow.started","payload":{"executionId":"64","workflowId":"djKoqbJYAtFuGd81","isManual":false,"workflowName":"PizzerIA - Delivery"}}
{"__type":"$$EventMessageConfirm","confirm":"aff4ad06-e813-4e49-8dba-024144f12866","ts":"2025-03-25T17:56:17.356+01:00","source":{"id":"0","name":"eventBus"}}
{"__type":"$$EventMessageNode","id":"1161d1c3-60e9-449e-acde-2fa24769830e","ts":"2025-03-25T17:56:17.357+01:00","eventName":"n8n.node.started","message":"n8n.node.started","payload":{"workflowId":"djKoqbJYAtFuGd81","workflowName":"PizzerIA - Delivery","executionId":"64","nodeType":"n8n-nodes-base.dateTime","nodeName":"Date Formatter"}}
{"__type":"$$EventMessageConfirm","confirm":"1161d1c3-60e9-449e-acde-2fa24769830e","ts":"2025-03-25T17:56:17.357+01:00","source":{"id":"0","name":"eventBus"}}
{"__type":"$$EventMessageNode","id":"20e0cf3c-e5ad-425f-9c9a-ac945e2be891","ts":"2025-03-25T17:56:17.362+01:00","eventName":"n8n.node.finished","message":"n8n.node.finished","payload":{"workflowId":"djKoqbJYAtFuGd81","workflowName":"PizzerIA - Delivery","executionId":"64","nodeType":"n8n-nodes-base.dateTime","nodeName":"Date Formatter"}}
{"__type":"$$EventMessageConfirm","confirm":"20e0cf3c-e5ad-425f-9c9a-ac945e2be891","ts":"2025-03-25T17:56:17.362+01:00","source":{"id":"0","name":"eventBus"}}
{"__type":"$$EventMessageWorkflow","id":"6f32c4e2-5a0a-470f-948b-35d90c874885","ts":"2025-03-25T17:56:17.367+01:00","eventName":"n8n.workflow.success","message":"n8n.workflow.success","payload":{"executionId":"64","userId":"eb36a747-851f-49c4-8756-c6d432282c50","success":true,"isManual":true,"workflowId":"djKoqbJYAtFuGd81","workflowName":"PizzerIA - Delivery"}}
{"__type":"$$EventMessageConfirm","confirm":"6f32c4e2-5a0a-470f-948b-35d90c874885","ts":"2025-03-25T17:56:17.368+01:00","source":{"id":"0","name":"eventBus"}}
{"__type":"$$EventMessageWorkflow","id":"38ce479e-1834-43f8-b9c2-58b94b921437","ts":"2025-03-25T17:58:35.269+01:00","eventName":"n8n.workflow.started","message":"n8n.workflow.started","payload":{"executionId":"65","workflowId":"djKoqbJYAtFuGd81","isManual":false,"workflowName":"PizzerIA - Delivery"}}
{"__type":"$$EventMessageConfirm","confirm":"38ce479e-1834-43f8-b9c2-58b94b921437","ts":"2025-03-25T17:58:35.269+01:00","source":{"id":"0","name":"eventBus"}}
{"__type":"$$EventMessageNode","id":"ec024705-0c11-4792-ad80-6241b5b5645d","ts":"2025-03-25T17:58:35.270+01:00","eventName":"n8n.node.started","message":"n8n.node.started","payload":{"workflowId":"djKoqbJYAtFuGd81","workflowName":"PizzerIA - Delivery","executionId":"65","nodeType":"n8n-nodes-base.mySql","nodeName":"Orders Query"}}
{"__type":"$$EventMessageConfirm","confirm":"ec024705-0c11-4792-ad80-6241b5b5645d","ts":"2025-03-25T17:58:35.270+01:00","source":{"id":"0","name":"eventBus"}}
{"__type":"$$EventMessageNode","id":"0e20cfca-b8fa-4425-90da-0553179a85f0","ts":"2025-03-25T17:58:35.324+01:00","eventName":"n8n.node.finished","message":"n8n.node.finished","payload":{"workflowId":"djKoqbJYAtFuGd81","workflowName":"PizzerIA - Delivery","executionId":"65","nodeType":"n8n-nodes-base.mySql","nodeName":"Orders Query"}}
{"__type":"$$EventMessageConfirm","confirm":"0e20cfca-b8fa-4425-90da-0553179a85f0","ts":"2025-03-25T17:58:35.324+01:00","source":{"id":"0","name":"eventBus"}}
{"__type":"$$EventMessageWorkflow","id":"cd4c5c8f-2566-4134-bdb8-5f26eda1f5f0","ts":"2025-03-25T17:58:35.329+01:00","eventName":"n8n.workflow.success","message":"n8n.workflow.success","payload":{"executionId":"65","userId":"eb36a747-851f-49c4-8756-c6d432282c50","success":true,"isManual":true,"workflowId":"djKoqbJYAtFuGd81","workflowName":"PizzerIA - Delivery"}}
{"__type":"$$EventMessageConfirm","confirm":"cd4c5c8f-2566-4134-bdb8-5f26eda1f5f0","ts":"2025-03-25T17:58:35.329+01:00","source":{"id":"0","name":"eventBus"}}
{"__type":"$$EventMessageWorkflow","id":"7de22e6d-ba7b-43d6-89ef-077432f874f9","ts":"2025-03-25T18:03:06.250+01:00","eventName":"n8n.workflow.started","message":"n8n.workflow.started","payload":{"executionId":"66","workflowId":"djKoqbJYAtFuGd81","isManual":false,"workflowName":"PizzerIA - Delivery"}}
{"__type":"$$EventMessageConfirm","confirm":"7de22e6d-ba7b-43d6-89ef-077432f874f9","ts":"2025-03-25T18:03:06.250+01:00","source":{"id":"0","name":"eventBus"}}
{"__type":"$$EventMessageNode","id":"adfd8a8c-c39e-4024-bc41-2558e0993076","ts":"2025-03-25T18:03:06.256+01:00","eventName":"n8n.node.started","message":"n8n.node.started","payload":{"workflowId":"djKoqbJYAtFuGd81","workflowName":"PizzerIA - Delivery","executionId":"66","nodeType":"n8n-nodes-base.mySql","nodeName":"Orders Query"}}
{"__type":"$$EventMessageConfirm","confirm":"adfd8a8c-c39e-4024-bc41-2558e0993076","ts":"2025-03-25T18:03:06.256+01:00","source":{"id":"0","name":"eventBus"}}
{"__type":"$$EventMessageNode","id":"5bb27489-927c-4e08-a211-81fed9169d73","ts":"2025-03-25T18:03:06.291+01:00","eventName":"n8n.node.finished","message":"n8n.node.finished","payload":{"workflowId":"djKoqbJYAtFuGd81","workflowName":"PizzerIA - Delivery","executionId":"66","nodeType":"n8n-nodes-base.mySql","nodeName":"Orders Query"}}
{"__type":"$$EventMessageConfirm","confirm":"5bb27489-927c-4e08-a211-81fed9169d73","ts":"2025-03-25T18:03:06.291+01:00","source":{"id":"0","name":"eventBus"}}
{"__type":"$$EventMessageNode","id":"1741b66c-7b5d-4d7a-8573-8c4c74c10938","ts":"2025-03-25T18:03:06.292+01:00","eventName":"n8n.node.started","message":"n8n.node.started","payload":{"workflowId":"djKoqbJYAtFuGd81","workflowName":"PizzerIA - Delivery","executionId":"66","nodeType":"n8n-nodes-base.httpRequest","nodeName":"HTTP Request"}}
{"__type":"$$EventMessageConfirm","confirm":"1741b66c-7b5d-4d7a-8573-8c4c74c10938","ts":"2025-03-25T18:03:06.292+01:00","source":{"id":"0","name":"eventBus"}}
{"__type":"$$EventMessageNode","id":"6d769fef-f2eb-4820-94e7-f9a3d1e3e871","ts":"2025-03-25T18:03:06.725+01:00","eventName":"n8n.node.finished","message":"n8n.node.finished","payload":{"workflowId":"djKoqbJYAtFuGd81","workflowName":"PizzerIA - Delivery","executionId":"66","nodeType":"n8n-nodes-base.httpRequest","nodeName":"HTTP Request"}}
{"__type":"$$EventMessageConfirm","confirm":"6d769fef-f2eb-4820-94e7-f9a3d1e3e871","ts":"2025-03-25T18:03:06.726+01:00","source":{"id":"0","name":"eventBus"}}
{"__type":"$$EventMessageWorkflow","id":"afaaf29c-5113-4ed3-9ec6-1b2c0dcc9148","ts":"2025-03-25T18:03:06.732+01:00","eventName":"n8n.workflow.failed","message":"n8n.workflow.failed","payload":{"executionId":"66","userId":"eb36a747-851f-49c4-8756-c6d432282c50","success":false,"isManual":true,"workflowId":"djKoqbJYAtFuGd81","workflowName":"PizzerIA - Delivery","lastNodeExecuted":"HTTP Request","errorNodeType":"n8n-nodes-base.httpRequest","errorMessage":"The service refused the connection - perhaps it is offline"}}
{"__type":"$$EventMessageConfirm","confirm":"afaaf29c-5113-4ed3-9ec6-1b2c0dcc9148","ts":"2025-03-25T18:03:06.733+01:00","source":{"id":"0","name":"eventBus"}}
{"__type":"$$EventMessageWorkflow","id":"2b39bbc8-162a-4692-8717-4b30978e92e2","ts":"2025-03-25T18:04:16.874+01:00","eventName":"n8n.workflow.started","message":"n8n.workflow.started","payload":{"executionId":"67","workflowId":"djKoqbJYAtFuGd81","isManual":false,"workflowName":"PizzerIA - Delivery"}}
{"__type":"$$EventMessageConfirm","confirm":"2b39bbc8-162a-4692-8717-4b30978e92e2","ts":"2025-03-25T18:04:16.875+01:00","source":{"id":"0","name":"eventBus"}}
{"__type":"$$EventMessageNode","id":"08a3dfbb-4d59-43b7-aa71-09061ad3d96b","ts":"2025-03-25T18:04:16.876+01:00","eventName":"n8n.node.started","message":"n8n.node.started","payload":{"workflowId":"djKoqbJYAtFuGd81","workflowName":"PizzerIA - Delivery","executionId":"67","nodeType":"n8n-nodes-base.httpRequest","nodeName":"HTTP Request"}}
{"__type":"$$EventMessageConfirm","confirm":"08a3dfbb-4d59-43b7-aa71-09061ad3d96b","ts":"2025-03-25T18:04:16.876+01:00","source":{"id":"0","name":"eventBus"}}
{"__type":"$$EventMessageNode","id":"036c957e-fede-4ac6-8ad9-8a12ea837c5c","ts":"2025-03-25T18:04:16.908+01:00","eventName":"n8n.node.finished","message":"n8n.node.finished","payload":{"workflowId":"djKoqbJYAtFuGd81","workflowName":"PizzerIA - Delivery","executionId":"67","nodeType":"n8n-nodes-base.httpRequest","nodeName":"HTTP Request"}}
{"__type":"$$EventMessageConfirm","confirm":"036c957e-fede-4ac6-8ad9-8a12ea837c5c","ts":"2025-03-25T18:04:16.909+01:00","source":{"id":"0","name":"eventBus"}}
{"__type":"$$EventMessageWorkflow","id":"b7804c10-4d34-4294-b9e5-12ba4d133e53","ts":"2025-03-25T18:04:16.914+01:00","eventName":"n8n.workflow.failed","message":"n8n.workflow.failed","payload":{"executionId":"67","userId":"eb36a747-851f-49c4-8756-c6d432282c50","success":false,"isManual":true,"workflowId":"djKoqbJYAtFuGd81","workflowName":"PizzerIA - Delivery","lastNodeExecuted":"HTTP Request","errorNodeType":"n8n-nodes-base.httpRequest","errorMessage":"The service refused the connection - perhaps it is offline"}}
{"__type":"$$EventMessageConfirm","confirm":"b7804c10-4d34-4294-b9e5-12ba4d133e53","ts":"2025-03-25T18:04:16.914+01:00","source":{"id":"0","name":"eventBus"}}
{"__type":"$$EventMessageWorkflow","id":"787db014-3353-4a5d-8762-914a3640b709","ts":"2025-03-25T18:06:15.177+01:00","eventName":"n8n.workflow.started","message":"n8n.workflow.started","payload":{"executionId":"68","workflowId":"djKoqbJYAtFuGd81","isManual":false,"workflowName":"PizzerIA - Delivery"}}
{"__type":"$$EventMessageConfirm","confirm":"787db014-3353-4a5d-8762-914a3640b709","ts":"2025-03-25T18:06:15.178+01:00","source":{"id":"0","name":"eventBus"}}
{"__type":"$$EventMessageNode","id":"f567e6f4-0f14-4daa-a4f3-ab6cc99a269d","ts":"2025-03-25T18:06:15.179+01:00","eventName":"n8n.node.started","message":"n8n.node.started","payload":{"workflowId":"djKoqbJYAtFuGd81","workflowName":"PizzerIA - Delivery","executionId":"68","nodeType":"n8n-nodes-base.httpRequest","nodeName":"HTTP Request"}}
{"__type":"$$EventMessageConfirm","confirm":"f567e6f4-0f14-4daa-a4f3-ab6cc99a269d","ts":"2025-03-25T18:06:15.180+01:00","source":{"id":"0","name":"eventBus"}}
{"__type":"$$EventMessageNode","id":"5621ecb5-0bb6-4cce-9d74-4b8b4f8a6e67","ts":"2025-03-25T18:06:15.227+01:00","eventName":"n8n.node.finished","message":"n8n.node.finished","payload":{"workflowId":"djKoqbJYAtFuGd81","workflowName":"PizzerIA - Delivery","executionId":"68","nodeType":"n8n-nodes-base.httpRequest","nodeName":"HTTP Request"}}
{"__type":"$$EventMessageConfirm","confirm":"5621ecb5-0bb6-4cce-9d74-4b8b4f8a6e67","ts":"2025-03-25T18:06:15.227+01:00","source":{"id":"0","name":"eventBus"}}
{"__type":"$$EventMessageWorkflow","id":"d60a34e1-36b2-402e-a1c9-904feab85758","ts":"2025-03-25T18:06:15.237+01:00","eventName":"n8n.workflow.failed","message":"n8n.workflow.failed","payload":{"executionId":"68","userId":"eb36a747-851f-49c4-8756-c6d432282c50","success":false,"isManual":true,"workflowId":"djKoqbJYAtFuGd81","workflowName":"PizzerIA - Delivery","lastNodeExecuted":"HTTP Request","errorNodeType":"n8n-nodes-base.httpRequest","errorMessage":"The service refused the connection - perhaps it is offline"}}
{"__type":"$$EventMessageConfirm","confirm":"d60a34e1-36b2-402e-a1c9-904feab85758","ts":"2025-03-25T18:06:15.238+01:00","source":{"id":"0","name":"eventBus"}}
{"__type":"$$EventMessageWorkflow","id":"1fbcfc56-55ba-4ca6-bb31-73a62a1891cb","ts":"2025-03-25T18:07:59.769+01:00","eventName":"n8n.workflow.started","message":"n8n.workflow.started","payload":{"executionId":"69","workflowId":"djKoqbJYAtFuGd81","isManual":false,"workflowName":"PizzerIA - Delivery"}}
{"__type":"$$EventMessageConfirm","confirm":"1fbcfc56-55ba-4ca6-bb31-73a62a1891cb","ts":"2025-03-25T18:07:59.770+01:00","source":{"id":"0","name":"eventBus"}}
{"__type":"$$EventMessageNode","id":"0d7004ad-9833-481c-bbf8-c3bffdbc5bca","ts":"2025-03-25T18:07:59.772+01:00","eventName":"n8n.node.started","message":"n8n.node.started","payload":{"workflowId":"djKoqbJYAtFuGd81","workflowName":"PizzerIA - Delivery","executionId":"69","nodeType":"n8n-nodes-base.httpRequest","nodeName":"HTTP Request"}}
{"__type":"$$EventMessageConfirm","confirm":"0d7004ad-9833-481c-bbf8-c3bffdbc5bca","ts":"2025-03-25T18:07:59.772+01:00","source":{"id":"0","name":"eventBus"}}
{"__type":"$$EventMessageNode","id":"d7cf54e6-02ad-4a23-a14a-bb5fe31397bb","ts":"2025-03-25T18:07:59.893+01:00","eventName":"n8n.node.finished","message":"n8n.node.finished","payload":{"workflowId":"djKoqbJYAtFuGd81","workflowName":"PizzerIA - Delivery","executionId":"69","nodeType":"n8n-nodes-base.httpRequest","nodeName":"HTTP Request"}}
{"__type":"$$EventMessageConfirm","confirm":"d7cf54e6-02ad-4a23-a14a-bb5fe31397bb","ts":"2025-03-25T18:07:59.893+01:00","source":{"id":"0","name":"eventBus"}}
{"__type":"$$EventMessageWorkflow","id":"a0812f22-eba4-4389-a47f-1b0c9d4a1527","ts":"2025-03-25T18:07:59.903+01:00","eventName":"n8n.workflow.failed","message":"n8n.workflow.failed","payload":{"executionId":"69","userId":"eb36a747-851f-49c4-8756-c6d432282c50","success":false,"isManual":true,"workflowId":"djKoqbJYAtFuGd81","workflowName":"PizzerIA - Delivery","lastNodeExecuted":"HTTP Request","errorNodeType":"n8n-nodes-base.httpRequest","errorMessage":"The service refused the connection - perhaps it is offline"}}
{"__type":"$$EventMessageConfirm","confirm":"a0812f22-eba4-4389-a47f-1b0c9d4a1527","ts":"2025-03-25T18:07:59.903+01:00","source":{"id":"0","name":"eventBus"}}
{"__type":"$$EventMessageWorkflow","id":"cff32555-7c68-40b0-ae34-537a97e777a1","ts":"2025-03-25T18:08:29.651+01:00","eventName":"n8n.workflow.started","message":"n8n.workflow.started","payload":{"executionId":"70","workflowId":"djKoqbJYAtFuGd81","isManual":false,"workflowName":"PizzerIA - Delivery"}}
{"__type":"$$EventMessageConfirm","confirm":"cff32555-7c68-40b0-ae34-537a97e777a1","ts":"2025-03-25T18:08:29.651+01:00","source":{"id":"0","name":"eventBus"}}
{"__type":"$$EventMessageNode","id":"480823e0-8312-4a22-b7dc-072008d97da5","ts":"2025-03-25T18:08:29.652+01:00","eventName":"n8n.node.started","message":"n8n.node.started","payload":{"workflowId":"djKoqbJYAtFuGd81","workflowName":"PizzerIA - Delivery","executionId":"70","nodeType":"n8n-nodes-base.httpRequest","nodeName":"HTTP Request"}}
{"__type":"$$EventMessageConfirm","confirm":"480823e0-8312-4a22-b7dc-072008d97da5","ts":"2025-03-25T18:08:29.653+01:00","source":{"id":"0","name":"eventBus"}}
{"__type":"$$EventMessageNode","id":"53bb71fa-cc6a-4680-8647-99b63705b262","ts":"2025-03-25T18:08:29.681+01:00","eventName":"n8n.node.finished","message":"n8n.node.finished","payload":{"workflowId":"djKoqbJYAtFuGd81","workflowName":"PizzerIA - Delivery","executionId":"70","nodeType":"n8n-nodes-base.httpRequest","nodeName":"HTTP Request"}}
{"__type":"$$EventMessageConfirm","confirm":"53bb71fa-cc6a-4680-8647-99b63705b262","ts":"2025-03-25T18:08:29.681+01:00","source":{"id":"0","name":"eventBus"}}
{"__type":"$$EventMessageWorkflow","id":"383ad17b-379e-4258-bb63-a7a9d019f258","ts":"2025-03-25T18:08:29.685+01:00","eventName":"n8n.workflow.failed","message":"n8n.workflow.failed","payload":{"executionId":"70","userId":"eb36a747-851f-49c4-8756-c6d432282c50","success":false,"isManual":true,"workflowId":"djKoqbJYAtFuGd81","workflowName":"PizzerIA - Delivery","lastNodeExecuted":"HTTP Request","errorNodeType":"n8n-nodes-base.httpRequest","errorMessage":"The service refused the connection - perhaps it is offline"}}
{"__type":"$$EventMessageConfirm","confirm":"383ad17b-379e-4258-bb63-a7a9d019f258","ts":"2025-03-25T18:08:29.687+01:00","source":{"id":"0","name":"eventBus"}}
{"__type":"$$EventMessageWorkflow","id":"5b0cfb0a-de59-4050-849b-e50d3b743224","ts":"2025-03-25T18:08:46.106+01:00","eventName":"n8n.workflow.started","message":"n8n.workflow.started","payload":{"executionId":"71","workflowId":"djKoqbJYAtFuGd81","isManual":false,"workflowName":"PizzerIA - Delivery"}}
{"__type":"$$EventMessageConfirm","confirm":"5b0cfb0a-de59-4050-849b-e50d3b743224","ts":"2025-03-25T18:08:46.106+01:00","source":{"id":"0","name":"eventBus"}}
{"__type":"$$EventMessageNode","id":"c2b60a97-86b7-4a7b-8256-2d88bed14fc5","ts":"2025-03-25T18:08:46.107+01:00","eventName":"n8n.node.started","message":"n8n.node.started","payload":{"workflowId":"djKoqbJYAtFuGd81","workflowName":"PizzerIA - Delivery","executionId":"71","nodeType":"n8n-nodes-base.httpRequest","nodeName":"HTTP Request"}}
{"__type":"$$EventMessageConfirm","confirm":"c2b60a97-86b7-4a7b-8256-2d88bed14fc5","ts":"2025-03-25T18:08:46.108+01:00","source":{"id":"0","name":"eventBus"}}
{"__type":"$$EventMessageNode","id":"f5a0eb0d-45a6-4488-aca6-8ac1e2887e4a","ts":"2025-03-25T18:08:46.137+01:00","eventName":"n8n.node.finished","message":"n8n.node.finished","payload":{"workflowId":"djKoqbJYAtFuGd81","workflowName":"PizzerIA - Delivery","executionId":"71","nodeType":"n8n-nodes-base.httpRequest","nodeName":"HTTP Request"}}
{"__type":"$$EventMessageConfirm","confirm":"f5a0eb0d-45a6-4488-aca6-8ac1e2887e4a","ts":"2025-03-25T18:08:46.137+01:00","source":{"id":"0","name":"eventBus"}}
{"__type":"$$EventMessageWorkflow","id":"8a09eb92-2113-4d47-919a-e092873d03d8","ts":"2025-03-25T18:08:46.141+01:00","eventName":"n8n.workflow.failed","message":"n8n.workflow.failed","payload":{"executionId":"71","userId":"eb36a747-851f-49c4-8756-c6d432282c50","success":false,"isManual":true,"workflowId":"djKoqbJYAtFuGd81","workflowName":"PizzerIA - Delivery","lastNodeExecuted":"HTTP Request","errorNodeType":"n8n-nodes-base.httpRequest","errorMessage":"The service refused the connection - perhaps it is offline"}}
{"__type":"$$EventMessageConfirm","confirm":"8a09eb92-2113-4d47-919a-e092873d03d8","ts":"2025-03-25T18:08:46.141+01:00","source":{"id":"0","name":"eventBus"}}
{"__type":"$$EventMessageAudit","id":"1c2b9c74-233e-4ae6-8516-588cf20a95d2","ts":"2025-03-25T18:09:19.728+01:00","eventName":"n8n.audit.workflow.updated","message":"n8n.audit.workflow.updated","payload":{"userId":"eb36a747-851f-49c4-8756-c6d432282c50","_email":"victor.j.madrid@gmail.com","_firstName":"Victor","_lastName":"Madrid","globalRole":"global:owner","workflowId":"djKoqbJYAtFuGd81","workflowName":"PizzerIA - Delivery"}}
{"__type":"$$EventMessageConfirm","confirm":"1c2b9c74-233e-4ae6-8516-588cf20a95d2","ts":"2025-03-25T18:09:19.728+01:00","source":{"id":"0","name":"eventBus"}}
{"__type":"$$EventMessageWorkflow","id":"b88efa54-ac70-4d1c-a934-a3aab7f7dc3a","ts":"2025-03-25T18:09:59.303+01:00","eventName":"n8n.workflow.started","message":"n8n.workflow.started","payload":{"executionId":"72","workflowId":"djKoqbJYAtFuGd81","isManual":false,"workflowName":"PizzerIA - Delivery"}}
{"__type":"$$EventMessageConfirm","confirm":"b88efa54-ac70-4d1c-a934-a3aab7f7dc3a","ts":"2025-03-25T18:09:59.304+01:00","source":{"id":"0","name":"eventBus"}}
{"__type":"$$EventMessageNode","id":"a04a58b4-582d-42ba-9996-ca378c5697e0","ts":"2025-03-25T18:09:59.305+01:00","eventName":"n8n.node.started","message":"n8n.node.started","payload":{"workflowId":"djKoqbJYAtFuGd81","workflowName":"PizzerIA - Delivery","executionId":"72","nodeType":"n8n-nodes-base.httpRequest","nodeName":"HTTP Request"}}
{"__type":"$$EventMessageConfirm","confirm":"a04a58b4-582d-42ba-9996-ca378c5697e0","ts":"2025-03-25T18:09:59.305+01:00","source":{"id":"0","name":"eventBus"}}
{"__type":"$$EventMessageNode","id":"363d0fff-9b25-45e7-9d0c-62eb670317b4","ts":"2025-03-25T18:09:59.328+01:00","eventName":"n8n.node.finished","message":"n8n.node.finished","payload":{"workflowId":"djKoqbJYAtFuGd81","workflowName":"PizzerIA - Delivery","executionId":"72","nodeType":"n8n-nodes-base.httpRequest","nodeName":"HTTP Request"}}
{"__type":"$$EventMessageConfirm","confirm":"363d0fff-9b25-45e7-9d0c-62eb670317b4","ts":"2025-03-25T18:09:59.328+01:00","source":{"id":"0","name":"eventBus"}}
{"__type":"$$EventMessageWorkflow","id":"ec977210-20d9-452b-83b4-76c97652b4f0","ts":"2025-03-25T18:09:59.332+01:00","eventName":"n8n.workflow.failed","message":"n8n.workflow.failed","payload":{"executionId":"72","userId":"eb36a747-851f-49c4-8756-c6d432282c50","success":false,"isManual":true,"workflowId":"djKoqbJYAtFuGd81","workflowName":"PizzerIA - Delivery","lastNodeExecuted":"HTTP Request","errorNodeType":"n8n-nodes-base.httpRequest","errorMessage":"The service refused the connection - perhaps it is offline"}}
{"__type":"$$EventMessageConfirm","confirm":"ec977210-20d9-452b-83b4-76c97652b4f0","ts":"2025-03-25T18:09:59.332+01:00","source":{"id":"0","name":"eventBus"}}
{"__type":"$$EventMessageWorkflow","id":"9702535a-9b03-4ac7-af4f-5e00467ff0dd","ts":"2025-03-25T18:11:53.366+01:00","eventName":"n8n.workflow.started","message":"n8n.workflow.started","payload":{"executionId":"73","workflowId":"djKoqbJYAtFuGd81","isManual":false,"workflowName":"PizzerIA - Delivery"}}
{"__type":"$$EventMessageConfirm","confirm":"9702535a-9b03-4ac7-af4f-5e00467ff0dd","ts":"2025-03-25T18:11:53.366+01:00","source":{"id":"0","name":"eventBus"}}
{"__type":"$$EventMessageNode","id":"b0802b23-8b7c-44dc-9cb6-6e61e9a09dbb","ts":"2025-03-25T18:11:53.367+01:00","eventName":"n8n.node.started","message":"n8n.node.started","payload":{"workflowId":"djKoqbJYAtFuGd81","workflowName":"PizzerIA - Delivery","executionId":"73","nodeType":"n8n-nodes-base.httpRequest","nodeName":"HTTP Request"}}
{"__type":"$$EventMessageConfirm","confirm":"b0802b23-8b7c-44dc-9cb6-6e61e9a09dbb","ts":"2025-03-25T18:11:53.367+01:00","source":{"id":"0","name":"eventBus"}}
{"__type":"$$EventMessageNode","id":"b46d1d0c-3054-4ba4-b5ee-5920163d3348","ts":"2025-03-25T18:11:53.400+01:00","eventName":"n8n.node.finished","message":"n8n.node.finished","payload":{"workflowId":"djKoqbJYAtFuGd81","workflowName":"PizzerIA - Delivery","executionId":"73","nodeType":"n8n-nodes-base.httpRequest","nodeName":"HTTP Request"}}
{"__type":"$$EventMessageConfirm","confirm":"b46d1d0c-3054-4ba4-b5ee-5920163d3348","ts":"2025-03-25T18:11:53.401+01:00","source":{"id":"0","name":"eventBus"}}
{"__type":"$$EventMessageWorkflow","id":"8a6f6f8e-70ce-4134-a644-996b956e2d1f","ts":"2025-03-25T18:11:53.404+01:00","eventName":"n8n.workflow.failed","message":"n8n.workflow.failed","payload":{"executionId":"73","userId":"eb36a747-851f-49c4-8756-c6d432282c50","success":false,"isManual":true,"workflowId":"djKoqbJYAtFuGd81","workflowName":"PizzerIA - Delivery","lastNodeExecuted":"HTTP Request","errorNodeType":"n8n-nodes-base.httpRequest","errorMessage":"The service refused the connection - perhaps it is offline"}}
{"__type":"$$EventMessageConfirm","confirm":"8a6f6f8e-70ce-4134-a644-996b956e2d1f","ts":"2025-03-25T18:11:53.405+01:00","source":{"id":"0","name":"eventBus"}}
{"__type":"$$EventMessageWorkflow","id":"dcee3a6e-8886-428d-b974-402c9fba1059","ts":"2025-03-25T18:12:13.727+01:00","eventName":"n8n.workflow.started","message":"n8n.workflow.started","payload":{"executionId":"74","workflowId":"djKoqbJYAtFuGd81","isManual":false,"workflowName":"PizzerIA - Delivery"}}
{"__type":"$$EventMessageConfirm","confirm":"dcee3a6e-8886-428d-b974-402c9fba1059","ts":"2025-03-25T18:12:13.727+01:00","source":{"id":"0","name":"eventBus"}}
{"__type":"$$EventMessageNode","id":"8a76cf7b-8816-4be1-b51b-47e0746f55b6","ts":"2025-03-25T18:12:13.728+01:00","eventName":"n8n.node.started","message":"n8n.node.started","payload":{"workflowId":"djKoqbJYAtFuGd81","workflowName":"PizzerIA - Delivery","executionId":"74","nodeType":"n8n-nodes-base.httpRequest","nodeName":"HTTP Request"}}
{"__type":"$$EventMessageConfirm","confirm":"8a76cf7b-8816-4be1-b51b-47e0746f55b6","ts":"2025-03-25T18:12:13.729+01:00","source":{"id":"0","name":"eventBus"}}
{"__type":"$$EventMessageNode","id":"a6e4d014-e0c6-49dd-8e41-ae50d4ea5093","ts":"2025-03-25T18:12:13.760+01:00","eventName":"n8n.node.finished","message":"n8n.node.finished","payload":{"workflowId":"djKoqbJYAtFuGd81","workflowName":"PizzerIA - Delivery","executionId":"74","nodeType":"n8n-nodes-base.httpRequest","nodeName":"HTTP Request"}}
{"__type":"$$EventMessageConfirm","confirm":"a6e4d014-e0c6-49dd-8e41-ae50d4ea5093","ts":"2025-03-25T18:12:13.760+01:00","source":{"id":"0","name":"eventBus"}}
{"__type":"$$EventMessageWorkflow","id":"2c3d2faf-dc9e-457d-a89d-e092eeaec66d","ts":"2025-03-25T18:12:13.765+01:00","eventName":"n8n.workflow.failed","message":"n8n.workflow.failed","payload":{"executionId":"74","userId":"eb36a747-851f-49c4-8756-c6d432282c50","success":false,"isManual":true,"workflowId":"djKoqbJYAtFuGd81","workflowName":"PizzerIA - Delivery","lastNodeExecuted":"HTTP Request","errorNodeType":"n8n-nodes-base.httpRequest","errorMessage":"The service refused the connection - perhaps it is offline"}}
{"__type":"$$EventMessageConfirm","confirm":"2c3d2faf-dc9e-457d-a89d-e092eeaec66d","ts":"2025-03-25T18:12:13.766+01:00","source":{"id":"0","name":"eventBus"}}
{"__type":"$$EventMessageWorkflow","id":"22ba548e-b73b-4a68-a42e-8f9b388c0593","ts":"2025-03-25T18:14:52.831+01:00","eventName":"n8n.workflow.started","message":"n8n.workflow.started","payload":{"executionId":"75","workflowId":"djKoqbJYAtFuGd81","isManual":false,"workflowName":"PizzerIA - Delivery"}}
{"__type":"$$EventMessageConfirm","confirm":"22ba548e-b73b-4a68-a42e-8f9b388c0593","ts":"2025-03-25T18:14:52.831+01:00","source":{"id":"0","name":"eventBus"}}
{"__type":"$$EventMessageNode","id":"19aaed9e-30a1-4f51-a488-26fb03b964c5","ts":"2025-03-25T18:14:52.832+01:00","eventName":"n8n.node.started","message":"n8n.node.started","payload":{"workflowId":"djKoqbJYAtFuGd81","workflowName":"PizzerIA - Delivery","executionId":"75","nodeType":"n8n-nodes-base.scheduleTrigger","nodeName":"Schedule Trigger"}}
{"__type":"$$EventMessageConfirm","confirm":"19aaed9e-30a1-4f51-a488-26fb03b964c5","ts":"2025-03-25T18:14:52.832+01:00","source":{"id":"0","name":"eventBus"}}
{"__type":"$$EventMessageNode","id":"6e0c4623-600b-4022-997e-5dec29059d38","ts":"2025-03-25T18:14:52.842+01:00","eventName":"n8n.node.finished","message":"n8n.node.finished","payload":{"workflowId":"djKoqbJYAtFuGd81","workflowName":"PizzerIA - Delivery","executionId":"75","nodeType":"n8n-nodes-base.scheduleTrigger","nodeName":"Schedule Trigger"}}
{"__type":"$$EventMessageConfirm","confirm":"6e0c4623-600b-4022-997e-5dec29059d38","ts":"2025-03-25T18:14:52.842+01:00","source":{"id":"0","name":"eventBus"}}
{"__type":"$$EventMessageNode","id":"9596a73b-5e8a-4a10-91a4-37d41660244c","ts":"2025-03-25T18:14:52.849+01:00","eventName":"n8n.node.started","message":"n8n.node.started","payload":{"workflowId":"djKoqbJYAtFuGd81","workflowName":"PizzerIA - Delivery","executionId":"75","nodeType":"n8n-nodes-base.dateTime","nodeName":"Date Formatter"}}
{"__type":"$$EventMessageConfirm","confirm":"9596a73b-5e8a-4a10-91a4-37d41660244c","ts":"2025-03-25T18:14:52.849+01:00","source":{"id":"0","name":"eventBus"}}
{"__type":"$$EventMessageNode","id":"0e8cf727-010f-4f04-870e-395cb2a71e1c","ts":"2025-03-25T18:14:52.859+01:00","eventName":"n8n.node.finished","message":"n8n.node.finished","payload":{"workflowId":"djKoqbJYAtFuGd81","workflowName":"PizzerIA - Delivery","executionId":"75","nodeType":"n8n-nodes-base.dateTime","nodeName":"Date Formatter"}}
{"__type":"$$EventMessageConfirm","confirm":"0e8cf727-010f-4f04-870e-395cb2a71e1c","ts":"2025-03-25T18:14:52.860+01:00","source":{"id":"0","name":"eventBus"}}
{"__type":"$$EventMessageNode","id":"87129f6d-22f0-49d0-add9-7690939a34fe","ts":"2025-03-25T18:14:52.860+01:00","eventName":"n8n.node.started","message":"n8n.node.started","payload":{"workflowId":"djKoqbJYAtFuGd81","workflowName":"PizzerIA - Delivery","executionId":"75","nodeType":"n8n-nodes-base.mySql","nodeName":"Orders Query"}}
{"__type":"$$EventMessageConfirm","confirm":"87129f6d-22f0-49d0-add9-7690939a34fe","ts":"2025-03-25T18:14:52.861+01:00","source":{"id":"0","name":"eventBus"}}
{"__type":"$$EventMessageNode","id":"4f580cb0-424b-40b4-a825-90132c26cdf2","ts":"2025-03-25T18:14:52.919+01:00","eventName":"n8n.node.finished","message":"n8n.node.finished","payload":{"workflowId":"djKoqbJYAtFuGd81","workflowName":"PizzerIA - Delivery","executionId":"75","nodeType":"n8n-nodes-base.mySql","nodeName":"Orders Query"}}
{"__type":"$$EventMessageConfirm","confirm":"4f580cb0-424b-40b4-a825-90132c26cdf2","ts":"2025-03-25T18:14:52.919+01:00","source":{"id":"0","name":"eventBus"}}
{"__type":"$$EventMessageNode","id":"5cfbaf53-6141-4647-953a-29415269a9bf","ts":"2025-03-25T18:14:52.921+01:00","eventName":"n8n.node.started","message":"n8n.node.started","payload":{"workflowId":"djKoqbJYAtFuGd81","workflowName":"PizzerIA - Delivery","executionId":"75","nodeType":"n8n-nodes-base.httpRequest","nodeName":"HTTP Request"}}
{"__type":"$$EventMessageConfirm","confirm":"5cfbaf53-6141-4647-953a-29415269a9bf","ts":"2025-03-25T18:14:52.921+01:00","source":{"id":"0","name":"eventBus"}}
{"__type":"$$EventMessageNode","id":"da01082d-6316-44e8-99da-f5d10e6ea72d","ts":"2025-03-25T18:14:52.961+01:00","eventName":"n8n.node.finished","message":"n8n.node.finished","payload":{"workflowId":"djKoqbJYAtFuGd81","workflowName":"PizzerIA - Delivery","executionId":"75","nodeType":"n8n-nodes-base.httpRequest","nodeName":"HTTP Request"}}
{"__type":"$$EventMessageConfirm","confirm":"da01082d-6316-44e8-99da-f5d10e6ea72d","ts":"2025-03-25T18:14:52.962+01:00","source":{"id":"0","name":"eventBus"}}
{"__type":"$$EventMessageWorkflow","id":"b2216789-60a3-477d-8c75-fba046c90c25","ts":"2025-03-25T18:14:52.965+01:00","eventName":"n8n.workflow.failed","message":"n8n.workflow.failed","payload":{"executionId":"75","userId":"eb36a747-851f-49c4-8756-c6d432282c50","success":false,"isManual":true,"workflowId":"djKoqbJYAtFuGd81","workflowName":"PizzerIA - Delivery","lastNodeExecuted":"HTTP Request","errorNodeType":"n8n-nodes-base.httpRequest","errorMessage":"The service refused the connection - perhaps it is offline"}}
{"__type":"$$EventMessageConfirm","confirm":"b2216789-60a3-477d-8c75-fba046c90c25","ts":"2025-03-25T18:14:52.965+01:00","source":{"id":"0","name":"eventBus"}}
{"__type":"$$EventMessageWorkflow","id":"726e637b-e916-4ac9-b341-f00e850d482d","ts":"2025-03-25T18:15:13.909+01:00","eventName":"n8n.workflow.started","message":"n8n.workflow.started","payload":{"executionId":"76","workflowId":"djKoqbJYAtFuGd81","isManual":false,"workflowName":"PizzerIA - Delivery"}}
{"__type":"$$EventMessageConfirm","confirm":"726e637b-e916-4ac9-b341-f00e850d482d","ts":"2025-03-25T18:15:13.909+01:00","source":{"id":"0","name":"eventBus"}}
{"__type":"$$EventMessageNode","id":"37e24637-7af6-46d4-a0fd-11e939002417","ts":"2025-03-25T18:15:13.911+01:00","eventName":"n8n.node.started","message":"n8n.node.started","payload":{"workflowId":"djKoqbJYAtFuGd81","workflowName":"PizzerIA - Delivery","executionId":"76","nodeType":"n8n-nodes-base.httpRequest","nodeName":"HTTP Request"}}
{"__type":"$$EventMessageConfirm","confirm":"37e24637-7af6-46d4-a0fd-11e939002417","ts":"2025-03-25T18:15:13.912+01:00","source":{"id":"0","name":"eventBus"}}
{"__type":"$$EventMessageNode","id":"3a311fef-1132-4adf-913f-0c2c5e6c4031","ts":"2025-03-25T18:15:13.934+01:00","eventName":"n8n.node.finished","message":"n8n.node.finished","payload":{"workflowId":"djKoqbJYAtFuGd81","workflowName":"PizzerIA - Delivery","executionId":"76","nodeType":"n8n-nodes-base.httpRequest","nodeName":"HTTP Request"}}
{"__type":"$$EventMessageConfirm","confirm":"3a311fef-1132-4adf-913f-0c2c5e6c4031","ts":"2025-03-25T18:15:13.934+01:00","source":{"id":"0","name":"eventBus"}}
{"__type":"$$EventMessageWorkflow","id":"ccd86a6e-40d1-48ef-9a2a-5ddf018d156b","ts":"2025-03-25T18:15:13.938+01:00","eventName":"n8n.workflow.failed","message":"n8n.workflow.failed","payload":{"executionId":"76","userId":"eb36a747-851f-49c4-8756-c6d432282c50","success":false,"isManual":true,"workflowId":"djKoqbJYAtFuGd81","workflowName":"PizzerIA - Delivery","lastNodeExecuted":"HTTP Request","errorNodeType":"n8n-nodes-base.httpRequest","errorMessage":"The service refused the connection - perhaps it is offline"}}
{"__type":"$$EventMessageConfirm","confirm":"ccd86a6e-40d1-48ef-9a2a-5ddf018d156b","ts":"2025-03-25T18:15:13.938+01:00","source":{"id":"0","name":"eventBus"}}
{"__type":"$$EventMessageWorkflow","id":"14da5010-cfa4-4792-b430-85dd1f57e651","ts":"2025-03-25T18:16:12.773+01:00","eventName":"n8n.workflow.started","message":"n8n.workflow.started","payload":{"executionId":"77","workflowId":"djKoqbJYAtFuGd81","isManual":false,"workflowName":"PizzerIA - Delivery"}}
{"__type":"$$EventMessageConfirm","confirm":"14da5010-cfa4-4792-b430-85dd1f57e651","ts":"2025-03-25T18:16:12.774+01:00","source":{"id":"0","name":"eventBus"}}
{"__type":"$$EventMessageNode","id":"52031239-fde6-4f22-919c-f1ba51df1c4a","ts":"2025-03-25T18:16:12.775+01:00","eventName":"n8n.node.started","message":"n8n.node.started","payload":{"workflowId":"djKoqbJYAtFuGd81","workflowName":"PizzerIA - Delivery","executionId":"77","nodeType":"n8n-nodes-base.httpRequest","nodeName":"HTTP Request"}}
{"__type":"$$EventMessageConfirm","confirm":"52031239-fde6-4f22-919c-f1ba51df1c4a","ts":"2025-03-25T18:16:12.775+01:00","source":{"id":"0","name":"eventBus"}}
{"__type":"$$EventMessageNode","id":"046a8498-80cb-4cff-8a1e-cdcf8d19e1f7","ts":"2025-03-25T18:16:12.887+01:00","eventName":"n8n.node.finished","message":"n8n.node.finished","payload":{"workflowId":"djKoqbJYAtFuGd81","workflowName":"PizzerIA - Delivery","executionId":"77","nodeType":"n8n-nodes-base.httpRequest","nodeName":"HTTP Request"}}
{"__type":"$$EventMessageConfirm","confirm":"046a8498-80cb-4cff-8a1e-cdcf8d19e1f7","ts":"2025-03-25T18:16:12.887+01:00","source":{"id":"0","name":"eventBus"}}
{"__type":"$$EventMessageWorkflow","id":"8341e922-1f2a-4868-9352-fb9d743cbfb0","ts":"2025-03-25T18:16:12.892+01:00","eventName":"n8n.workflow.success","message":"n8n.workflow.success","payload":{"executionId":"77","userId":"eb36a747-851f-49c4-8756-c6d432282c50","success":true,"isManual":true,"workflowId":"djKoqbJYAtFuGd81","workflowName":"PizzerIA - Delivery"}}
{"__type":"$$EventMessageConfirm","confirm":"8341e922-1f2a-4868-9352-fb9d743cbfb0","ts":"2025-03-25T18:16:12.893+01:00","source":{"id":"0","name":"eventBus"}}
{"__type":"$$EventMessageAudit","id":"0b32968c-cfc8-4e9f-98f1-7346ab0b92b0","ts":"2025-03-25T18:24:46.855+01:00","eventName":"n8n.audit.workflow.updated","message":"n8n.audit.workflow.updated","payload":{"userId":"eb36a747-851f-49c4-8756-c6d432282c50","_email":"victor.j.madrid@gmail.com","_firstName":"Victor","_lastName":"Madrid","globalRole":"global:owner","workflowId":"djKoqbJYAtFuGd81","workflowName":"PizzerIA - Delivery"}}
{"__type":"$$EventMessageConfirm","confirm":"0b32968c-cfc8-4e9f-98f1-7346ab0b92b0","ts":"2025-03-25T18:24:46.857+01:00","source":{"id":"0","name":"eventBus"}}
{"__type":"$$EventMessageAudit","id":"4dc63785-bb45-427c-b982-888d68944070","ts":"2025-03-25T18:24:51.486+01:00","eventName":"n8n.audit.workflow.updated","message":"n8n.audit.workflow.updated","payload":{"userId":"eb36a747-851f-49c4-8756-c6d432282c50","_email":"victor.j.madrid@gmail.com","_firstName":"Victor","_lastName":"Madrid","globalRole":"global:owner","workflowId":"djKoqbJYAtFuGd81","workflowName":"PizzerIA - Delivery"}}
{"__type":"$$EventMessageConfirm","confirm":"4dc63785-bb45-427c-b982-888d68944070","ts":"2025-03-25T18:24:51.486+01:00","source":{"id":"0","name":"eventBus"}}
