{"__type":"$$EventMessageAudit","id":"e18185c6-48ee-4bb7-8469-82a22d6d9753","ts":"2025-03-25T14:02:33.758+01:00","eventName":"n8n.audit.user.login.success","message":"n8n.audit.user.login.success","payload":{"userId":"eb36a747-851f-49c4-8756-c6d432282c50","_email":"victor.j.madrid@gmail.com","_firstName":"Victor","_lastName":"Madrid","globalRole":"global:owner","authenticationMethod":"email"}}
{"__type":"$$EventMessageConfirm","confirm":"e18185c6-48ee-4bb7-8469-82a22d6d9753","ts":"2025-03-25T14:02:33.759+01:00","source":{"id":"0","name":"eventBus"}}
{"__type":"$$EventMessageWorkflow","id":"2f6a6523-581e-4d2f-921e-f452d7b6b33d","ts":"2025-03-25T14:02:48.559+01:00","eventName":"n8n.workflow.started","message":"n8n.workflow.started","payload":{"executionId":"50","workflowId":"djKoqbJYAtFuGd81","isManual":false,"workflowName":"PizzerIA - Delivery"}}
{"__type":"$$EventMessageConfirm","confirm":"2f6a6523-581e-4d2f-921e-f452d7b6b33d","ts":"2025-03-25T14:02:48.561+01:00","source":{"id":"0","name":"eventBus"}}
{"__type":"$$EventMessageNode","id":"20ada15e-32e3-45a0-8725-8cc62c87707e","ts":"2025-03-25T14:02:48.565+01:00","eventName":"n8n.node.started","message":"n8n.node.started","payload":{"workflowId":"djKoqbJYAtFuGd81","workflowName":"PizzerIA - Delivery","executionId":"50","nodeType":"n8n-nodes-base.scheduleTrigger","nodeName":"Schedule Trigger"}}
{"__type":"$$EventMessageConfirm","confirm":"20ada15e-32e3-45a0-8725-8cc62c87707e","ts":"2025-03-25T14:02:48.566+01:00","source":{"id":"0","name":"eventBus"}}
{"__type":"$$EventMessageNode","id":"b06ceba2-20b4-43c8-b36f-99d221710d2b","ts":"2025-03-25T14:02:48.644+01:00","eventName":"n8n.node.finished","message":"n8n.node.finished","payload":{"workflowId":"djKoqbJYAtFuGd81","workflowName":"PizzerIA - Delivery","executionId":"50","nodeType":"n8n-nodes-base.scheduleTrigger","nodeName":"Schedule Trigger"}}
{"__type":"$$EventMessageConfirm","confirm":"b06ceba2-20b4-43c8-b36f-99d221710d2b","ts":"2025-03-25T14:02:48.644+01:00","source":{"id":"0","name":"eventBus"}}
{"__type":"$$EventMessageWorkflow","id":"f076f49d-5859-46e5-9947-87c770944be0","ts":"2025-03-25T14:02:48.661+01:00","eventName":"n8n.workflow.success","message":"n8n.workflow.success","payload":{"executionId":"50","userId":"eb36a747-851f-49c4-8756-c6d432282c50","success":true,"isManual":true,"workflowId":"djKoqbJYAtFuGd81","workflowName":"PizzerIA - Delivery"}}
{"__type":"$$EventMessageConfirm","confirm":"f076f49d-5859-46e5-9947-87c770944be0","ts":"2025-03-25T14:02:48.661+01:00","source":{"id":"0","name":"eventBus"}}
{"__type":"$$EventMessageWorkflow","id":"aef0e614-26a7-4897-b4bc-2a06d317363b","ts":"2025-03-25T14:03:08.332+01:00","eventName":"n8n.workflow.started","message":"n8n.workflow.started","payload":{"executionId":"51","workflowId":"djKoqbJYAtFuGd81","isManual":false,"workflowName":"PizzerIA - Delivery"}}
{"__type":"$$EventMessageConfirm","confirm":"aef0e614-26a7-4897-b4bc-2a06d317363b","ts":"2025-03-25T14:03:08.333+01:00","source":{"id":"0","name":"eventBus"}}
{"__type":"$$EventMessageNode","id":"ab1ad70e-5102-44be-9a9f-4faea4071794","ts":"2025-03-25T14:03:08.335+01:00","eventName":"n8n.node.started","message":"n8n.node.started","payload":{"workflowId":"djKoqbJYAtFuGd81","workflowName":"PizzerIA - Delivery","executionId":"51","nodeType":"n8n-nodes-base.dateTime","nodeName":"Date Formatter"}}
{"__type":"$$EventMessageConfirm","confirm":"ab1ad70e-5102-44be-9a9f-4faea4071794","ts":"2025-03-25T14:03:08.336+01:00","source":{"id":"0","name":"eventBus"}}
{"__type":"$$EventMessageNode","id":"a20c7637-6626-4869-acc8-13e3fb658d83","ts":"2025-03-25T14:03:08.462+01:00","eventName":"n8n.node.finished","message":"n8n.node.finished","payload":{"workflowId":"djKoqbJYAtFuGd81","workflowName":"PizzerIA - Delivery","executionId":"51","nodeType":"n8n-nodes-base.dateTime","nodeName":"Date Formatter"}}
{"__type":"$$EventMessageConfirm","confirm":"a20c7637-6626-4869-acc8-13e3fb658d83","ts":"2025-03-25T14:03:08.462+01:00","source":{"id":"0","name":"eventBus"}}
{"__type":"$$EventMessageWorkflow","id":"416c7819-f3e6-4763-9a24-a4c17ac32c11","ts":"2025-03-25T14:03:08.471+01:00","eventName":"n8n.workflow.success","message":"n8n.workflow.success","payload":{"executionId":"51","userId":"eb36a747-851f-49c4-8756-c6d432282c50","success":true,"isManual":true,"workflowId":"djKoqbJYAtFuGd81","workflowName":"PizzerIA - Delivery"}}
{"__type":"$$EventMessageConfirm","confirm":"416c7819-f3e6-4763-9a24-a4c17ac32c11","ts":"2025-03-25T14:03:08.472+01:00","source":{"id":"0","name":"eventBus"}}
{"__type":"$$EventMessageWorkflow","id":"5f7d6980-1c8c-4e4f-9fdc-39861dcb87a1","ts":"2025-03-25T14:03:29.410+01:00","eventName":"n8n.workflow.started","message":"n8n.workflow.started","payload":{"executionId":"52","workflowId":"djKoqbJYAtFuGd81","isManual":false,"workflowName":"PizzerIA - Delivery"}}
{"__type":"$$EventMessageConfirm","confirm":"5f7d6980-1c8c-4e4f-9fdc-39861dcb87a1","ts":"2025-03-25T14:03:29.410+01:00","source":{"id":"0","name":"eventBus"}}
{"__type":"$$EventMessageNode","id":"31f06213-85a3-4fe3-88d1-c74c61171057","ts":"2025-03-25T14:03:29.412+01:00","eventName":"n8n.node.started","message":"n8n.node.started","payload":{"workflowId":"djKoqbJYAtFuGd81","workflowName":"PizzerIA - Delivery","executionId":"52","nodeType":"n8n-nodes-base.mySql","nodeName":"MySQL"}}
{"__type":"$$EventMessageConfirm","confirm":"31f06213-85a3-4fe3-88d1-c74c61171057","ts":"2025-03-25T14:03:29.412+01:00","source":{"id":"0","name":"eventBus"}}
{"__type":"$$EventMessageNode","id":"4ef3fd2d-f85d-490b-b86c-a9e8766feea7","ts":"2025-03-25T14:03:29.600+01:00","eventName":"n8n.node.finished","message":"n8n.node.finished","payload":{"workflowId":"djKoqbJYAtFuGd81","workflowName":"PizzerIA - Delivery","executionId":"52","nodeType":"n8n-nodes-base.mySql","nodeName":"MySQL"}}
{"__type":"$$EventMessageConfirm","confirm":"4ef3fd2d-f85d-490b-b86c-a9e8766feea7","ts":"2025-03-25T14:03:29.600+01:00","source":{"id":"0","name":"eventBus"}}
{"__type":"$$EventMessageWorkflow","id":"c72d64bd-67c5-4e0d-8ade-b535d9c222c4","ts":"2025-03-25T14:03:29.609+01:00","eventName":"n8n.workflow.success","message":"n8n.workflow.success","payload":{"executionId":"52","userId":"eb36a747-851f-49c4-8756-c6d432282c50","success":true,"isManual":true,"workflowId":"djKoqbJYAtFuGd81","workflowName":"PizzerIA - Delivery"}}
{"__type":"$$EventMessageConfirm","confirm":"c72d64bd-67c5-4e0d-8ade-b535d9c222c4","ts":"2025-03-25T14:03:29.610+01:00","source":{"id":"0","name":"eventBus"}}
{"__type":"$$EventMessageWorkflow","id":"813e414d-511a-4f54-9f93-b514a4dc6d9e","ts":"2025-03-25T14:03:41.400+01:00","eventName":"n8n.workflow.started","message":"n8n.workflow.started","payload":{"executionId":"53","workflowId":"djKoqbJYAtFuGd81","isManual":false,"workflowName":"PizzerIA - Delivery"}}
{"__type":"$$EventMessageConfirm","confirm":"813e414d-511a-4f54-9f93-b514a4dc6d9e","ts":"2025-03-25T14:03:41.401+01:00","source":{"id":"0","name":"eventBus"}}
{"__type":"$$EventMessageNode","id":"5e5eddf1-289d-44df-b148-253ad6bba9bb","ts":"2025-03-25T14:03:41.403+01:00","eventName":"n8n.node.started","message":"n8n.node.started","payload":{"workflowId":"djKoqbJYAtFuGd81","workflowName":"PizzerIA - Delivery","executionId":"53","nodeType":"n8n-nodes-base.mySql","nodeName":"MySQL"}}
{"__type":"$$EventMessageConfirm","confirm":"5e5eddf1-289d-44df-b148-253ad6bba9bb","ts":"2025-03-25T14:03:41.404+01:00","source":{"id":"0","name":"eventBus"}}
{"__type":"$$EventMessageNode","id":"7f344723-bc51-4bfb-8af9-154f505cbc78","ts":"2025-03-25T14:03:41.505+01:00","eventName":"n8n.node.finished","message":"n8n.node.finished","payload":{"workflowId":"djKoqbJYAtFuGd81","workflowName":"PizzerIA - Delivery","executionId":"53","nodeType":"n8n-nodes-base.mySql","nodeName":"MySQL"}}
{"__type":"$$EventMessageConfirm","confirm":"7f344723-bc51-4bfb-8af9-154f505cbc78","ts":"2025-03-25T14:03:41.506+01:00","source":{"id":"0","name":"eventBus"}}
{"__type":"$$EventMessageWorkflow","id":"66566e2d-a6c0-4518-8dd4-52c141d8a00d","ts":"2025-03-25T14:03:41.511+01:00","eventName":"n8n.workflow.success","message":"n8n.workflow.success","payload":{"executionId":"53","userId":"eb36a747-851f-49c4-8756-c6d432282c50","success":true,"isManual":true,"workflowId":"djKoqbJYAtFuGd81","workflowName":"PizzerIA - Delivery"}}
{"__type":"$$EventMessageConfirm","confirm":"66566e2d-a6c0-4518-8dd4-52c141d8a00d","ts":"2025-03-25T14:03:41.511+01:00","source":{"id":"0","name":"eventBus"}}
{"__type":"$$EventMessageAudit","id":"c9b1f2a4-ee93-4ed2-932b-6264b3ea1ad0","ts":"2025-03-25T14:03:58.310+01:00","eventName":"n8n.audit.workflow.updated","message":"n8n.audit.workflow.updated","payload":{"userId":"eb36a747-851f-49c4-8756-c6d432282c50","_email":"victor.j.madrid@gmail.com","_firstName":"Victor","_lastName":"Madrid","globalRole":"global:owner","workflowId":"djKoqbJYAtFuGd81","workflowName":"PizzerIA - Delivery"}}
{"__type":"$$EventMessageConfirm","confirm":"c9b1f2a4-ee93-4ed2-932b-6264b3ea1ad0","ts":"2025-03-25T14:03:58.311+01:00","source":{"id":"0","name":"eventBus"}}
{"__type":"$$EventMessageWorkflow","id":"cc8054bb-8277-4577-adb0-8f09c84763ba","ts":"2025-03-25T14:04:00.568+01:00","eventName":"n8n.workflow.started","message":"n8n.workflow.started","payload":{"executionId":"54","workflowId":"djKoqbJYAtFuGd81","isManual":false,"workflowName":"PizzerIA - Delivery"}}
{"__type":"$$EventMessageConfirm","confirm":"cc8054bb-8277-4577-adb0-8f09c84763ba","ts":"2025-03-25T14:04:00.568+01:00","source":{"id":"0","name":"eventBus"}}
{"__type":"$$EventMessageNode","id":"703c375f-1ea7-425a-aa6f-85bdd52288b5","ts":"2025-03-25T14:04:00.570+01:00","eventName":"n8n.node.started","message":"n8n.node.started","payload":{"workflowId":"djKoqbJYAtFuGd81","workflowName":"PizzerIA - Delivery","executionId":"54","nodeType":"n8n-nodes-base.mySql","nodeName":"MySQL"}}
{"__type":"$$EventMessageConfirm","confirm":"703c375f-1ea7-425a-aa6f-85bdd52288b5","ts":"2025-03-25T14:04:00.570+01:00","source":{"id":"0","name":"eventBus"}}
{"__type":"$$EventMessageNode","id":"61764c83-9186-45c4-90b0-a30328e7f7ef","ts":"2025-03-25T14:04:00.675+01:00","eventName":"n8n.node.finished","message":"n8n.node.finished","payload":{"workflowId":"djKoqbJYAtFuGd81","workflowName":"PizzerIA - Delivery","executionId":"54","nodeType":"n8n-nodes-base.mySql","nodeName":"MySQL"}}
{"__type":"$$EventMessageConfirm","confirm":"61764c83-9186-45c4-90b0-a30328e7f7ef","ts":"2025-03-25T14:04:00.676+01:00","source":{"id":"0","name":"eventBus"}}
{"__type":"$$EventMessageWorkflow","id":"7c0c1c83-a8e6-4196-9f58-3d6e6db59902","ts":"2025-03-25T14:04:00.684+01:00","eventName":"n8n.workflow.success","message":"n8n.workflow.success","payload":{"executionId":"54","userId":"eb36a747-851f-49c4-8756-c6d432282c50","success":true,"isManual":true,"workflowId":"djKoqbJYAtFuGd81","workflowName":"PizzerIA - Delivery"}}
{"__type":"$$EventMessageConfirm","confirm":"7c0c1c83-a8e6-4196-9f58-3d6e6db59902","ts":"2025-03-25T14:04:00.685+01:00","source":{"id":"0","name":"eventBus"}}
{"__type":"$$EventMessageAudit","id":"ed6caab4-9b51-41ed-8ca4-75a42058df30","ts":"2025-03-25T14:04:29.180+01:00","eventName":"n8n.audit.workflow.updated","message":"n8n.audit.workflow.updated","payload":{"userId":"eb36a747-851f-49c4-8756-c6d432282c50","_email":"victor.j.madrid@gmail.com","_firstName":"Victor","_lastName":"Madrid","globalRole":"global:owner","workflowId":"djKoqbJYAtFuGd81","workflowName":"PizzerIA - Delivery"}}
{"__type":"$$EventMessageConfirm","confirm":"ed6caab4-9b51-41ed-8ca4-75a42058df30","ts":"2025-03-25T14:04:29.180+01:00","source":{"id":"0","name":"eventBus"}}
