{"__type":"$$EventMessageWorkflow","id":"0177d51b-9436-49f0-83ac-3dfedc2a0f59","ts":"2025-03-26T10:15:59.074+01:00","eventName":"n8n.workflow.started","message":"n8n.workflow.started","payload":{"executionId":"105","workflowId":"djKoqbJYAtFuGd81","isManual":false,"workflowName":"PizzerIA - Delivery"}}
{"__type":"$$EventMessageConfirm","confirm":"0177d51b-9436-49f0-83ac-3dfedc2a0f59","ts":"2025-03-26T10:15:59.074+01:00","source":{"id":"0","name":"eventBus"}}
{"__type":"$$EventMessageNode","id":"3719bfbe-5bb5-4f80-b752-31f786e85ee2","ts":"2025-03-26T10:15:59.075+01:00","eventName":"n8n.node.started","message":"n8n.node.started","payload":{"workflowId":"djKoqbJYAtFuGd81","workflowName":"PizzerIA - Delivery","executionId":"105","nodeType":"n8n-nodes-base.scheduleTrigger","nodeName":"Schedule Trigger"}}
{"__type":"$$EventMessageConfirm","confirm":"3719bfbe-5bb5-4f80-b752-31f786e85ee2","ts":"2025-03-26T10:15:59.075+01:00","source":{"id":"0","name":"eventBus"}}
{"__type":"$$EventMessageNode","id":"06b06bc3-7471-421b-8331-ec4b9e6a5c42","ts":"2025-03-26T10:15:59.076+01:00","eventName":"n8n.node.finished","message":"n8n.node.finished","payload":{"workflowId":"djKoqbJYAtFuGd81","workflowName":"PizzerIA - Delivery","executionId":"105","nodeType":"n8n-nodes-base.scheduleTrigger","nodeName":"Schedule Trigger"}}
{"__type":"$$EventMessageConfirm","confirm":"06b06bc3-7471-421b-8331-ec4b9e6a5c42","ts":"2025-03-26T10:15:59.076+01:00","source":{"id":"0","name":"eventBus"}}
{"__type":"$$EventMessageNode","id":"2299a220-ccc2-4847-a1d4-868468fbcda6","ts":"2025-03-26T10:15:59.076+01:00","eventName":"n8n.node.started","message":"n8n.node.started","payload":{"workflowId":"djKoqbJYAtFuGd81","workflowName":"PizzerIA - Delivery","executionId":"105","nodeType":"n8n-nodes-base.dateTime","nodeName":"Date Formatter"}}
{"__type":"$$EventMessageConfirm","confirm":"2299a220-ccc2-4847-a1d4-868468fbcda6","ts":"2025-03-26T10:15:59.077+01:00","source":{"id":"0","name":"eventBus"}}
{"__type":"$$EventMessageNode","id":"04b3ee67-55fb-4a05-9957-74440c202f2f","ts":"2025-03-26T10:15:59.108+01:00","eventName":"n8n.node.finished","message":"n8n.node.finished","payload":{"workflowId":"djKoqbJYAtFuGd81","workflowName":"PizzerIA - Delivery","executionId":"105","nodeType":"n8n-nodes-base.dateTime","nodeName":"Date Formatter"}}
{"__type":"$$EventMessageConfirm","confirm":"04b3ee67-55fb-4a05-9957-74440c202f2f","ts":"2025-03-26T10:15:59.109+01:00","source":{"id":"0","name":"eventBus"}}
{"__type":"$$EventMessageNode","id":"2cb1bb83-090e-4433-a1bb-7c469731009d","ts":"2025-03-26T10:15:59.109+01:00","eventName":"n8n.node.started","message":"n8n.node.started","payload":{"workflowId":"djKoqbJYAtFuGd81","workflowName":"PizzerIA - Delivery","executionId":"105","nodeType":"n8n-nodes-base.mySql","nodeName":"Orders Query"}}
{"__type":"$$EventMessageConfirm","confirm":"2cb1bb83-090e-4433-a1bb-7c469731009d","ts":"2025-03-26T10:15:59.109+01:00","source":{"id":"0","name":"eventBus"}}
{"__type":"$$EventMessageNode","id":"c2b9a0e9-0478-4b0a-a341-61c15637028a","ts":"2025-03-26T10:15:59.193+01:00","eventName":"n8n.node.finished","message":"n8n.node.finished","payload":{"workflowId":"djKoqbJYAtFuGd81","workflowName":"PizzerIA - Delivery","executionId":"105","nodeType":"n8n-nodes-base.mySql","nodeName":"Orders Query"}}
{"__type":"$$EventMessageConfirm","confirm":"c2b9a0e9-0478-4b0a-a341-61c15637028a","ts":"2025-03-26T10:15:59.193+01:00","source":{"id":"0","name":"eventBus"}}
{"__type":"$$EventMessageNode","id":"5ce14cfd-df2d-4cda-834e-78a1d5467c4d","ts":"2025-03-26T10:15:59.194+01:00","eventName":"n8n.node.started","message":"n8n.node.started","payload":{"workflowId":"djKoqbJYAtFuGd81","workflowName":"PizzerIA - Delivery","executionId":"105","nodeType":"n8n-nodes-base.httpRequest","nodeName":"HTTP Request"}}
{"__type":"$$EventMessageConfirm","confirm":"5ce14cfd-df2d-4cda-834e-78a1d5467c4d","ts":"2025-03-26T10:15:59.194+01:00","source":{"id":"0","name":"eventBus"}}
{"__type":"$$EventMessageNode","id":"7ee61948-82a2-49f9-96ae-5daf2c2ded68","ts":"2025-03-26T10:15:59.322+01:00","eventName":"n8n.node.finished","message":"n8n.node.finished","payload":{"workflowId":"djKoqbJYAtFuGd81","workflowName":"PizzerIA - Delivery","executionId":"105","nodeType":"n8n-nodes-base.httpRequest","nodeName":"HTTP Request"}}
{"__type":"$$EventMessageConfirm","confirm":"7ee61948-82a2-49f9-96ae-5daf2c2ded68","ts":"2025-03-26T10:15:59.322+01:00","source":{"id":"0","name":"eventBus"}}
{"__type":"$$EventMessageWorkflow","id":"e2bd7a8a-f9de-427f-ac75-46bc6e727226","ts":"2025-03-26T10:15:59.324+01:00","eventName":"n8n.workflow.failed","message":"n8n.workflow.failed","payload":{"executionId":"105","success":false,"isManual":false,"workflowId":"djKoqbJYAtFuGd81","workflowName":"PizzerIA - Delivery","lastNodeExecuted":"HTTP Request","errorNodeType":"n8n-nodes-base.httpRequest","errorMessage":"Your request is invalid or could not be processed by the service"}}
{"__type":"$$EventMessageConfirm","confirm":"e2bd7a8a-f9de-427f-ac75-46bc6e727226","ts":"2025-03-26T10:15:59.324+01:00","source":{"id":"0","name":"eventBus"}}
{"__type":"$$EventMessageWorkflow","id":"6a58c8df-12c6-4041-9cd6-cbb180cfcc43","ts":"2025-03-26T10:20:59.047+01:00","eventName":"n8n.workflow.started","message":"n8n.workflow.started","payload":{"executionId":"106","workflowId":"djKoqbJYAtFuGd81","isManual":false,"workflowName":"PizzerIA - Delivery"}}
{"__type":"$$EventMessageConfirm","confirm":"6a58c8df-12c6-4041-9cd6-cbb180cfcc43","ts":"2025-03-26T10:20:59.048+01:00","source":{"id":"0","name":"eventBus"}}
{"__type":"$$EventMessageNode","id":"2370113e-bd54-4f3c-b19d-b929eaf8c731","ts":"2025-03-26T10:20:59.048+01:00","eventName":"n8n.node.started","message":"n8n.node.started","payload":{"workflowId":"djKoqbJYAtFuGd81","workflowName":"PizzerIA - Delivery","executionId":"106","nodeType":"n8n-nodes-base.scheduleTrigger","nodeName":"Schedule Trigger"}}
{"__type":"$$EventMessageConfirm","confirm":"2370113e-bd54-4f3c-b19d-b929eaf8c731","ts":"2025-03-26T10:20:59.048+01:00","source":{"id":"0","name":"eventBus"}}
{"__type":"$$EventMessageNode","id":"89ea3460-fdcb-4291-b54c-766cde97c731","ts":"2025-03-26T10:20:59.048+01:00","eventName":"n8n.node.finished","message":"n8n.node.finished","payload":{"workflowId":"djKoqbJYAtFuGd81","workflowName":"PizzerIA - Delivery","executionId":"106","nodeType":"n8n-nodes-base.scheduleTrigger","nodeName":"Schedule Trigger"}}
{"__type":"$$EventMessageConfirm","confirm":"89ea3460-fdcb-4291-b54c-766cde97c731","ts":"2025-03-26T10:20:59.048+01:00","source":{"id":"0","name":"eventBus"}}
{"__type":"$$EventMessageNode","id":"92a2cc92-9288-4195-8d81-08b92369206f","ts":"2025-03-26T10:20:59.048+01:00","eventName":"n8n.node.started","message":"n8n.node.started","payload":{"workflowId":"djKoqbJYAtFuGd81","workflowName":"PizzerIA - Delivery","executionId":"106","nodeType":"n8n-nodes-base.dateTime","nodeName":"Date Formatter"}}
{"__type":"$$EventMessageConfirm","confirm":"92a2cc92-9288-4195-8d81-08b92369206f","ts":"2025-03-26T10:20:59.048+01:00","source":{"id":"0","name":"eventBus"}}
{"__type":"$$EventMessageNode","id":"c83616ec-b552-413b-b771-849295e3743d","ts":"2025-03-26T10:20:59.051+01:00","eventName":"n8n.node.finished","message":"n8n.node.finished","payload":{"workflowId":"djKoqbJYAtFuGd81","workflowName":"PizzerIA - Delivery","executionId":"106","nodeType":"n8n-nodes-base.dateTime","nodeName":"Date Formatter"}}
{"__type":"$$EventMessageConfirm","confirm":"c83616ec-b552-413b-b771-849295e3743d","ts":"2025-03-26T10:20:59.051+01:00","source":{"id":"0","name":"eventBus"}}
{"__type":"$$EventMessageNode","id":"eb6df347-4d59-401e-90e6-54871e110826","ts":"2025-03-26T10:20:59.051+01:00","eventName":"n8n.node.started","message":"n8n.node.started","payload":{"workflowId":"djKoqbJYAtFuGd81","workflowName":"PizzerIA - Delivery","executionId":"106","nodeType":"n8n-nodes-base.mySql","nodeName":"Orders Query"}}
{"__type":"$$EventMessageConfirm","confirm":"eb6df347-4d59-401e-90e6-54871e110826","ts":"2025-03-26T10:20:59.051+01:00","source":{"id":"0","name":"eventBus"}}
{"__type":"$$EventMessageNode","id":"beb32c66-5dc4-4351-a2c1-418acd97f449","ts":"2025-03-26T10:20:59.062+01:00","eventName":"n8n.node.finished","message":"n8n.node.finished","payload":{"workflowId":"djKoqbJYAtFuGd81","workflowName":"PizzerIA - Delivery","executionId":"106","nodeType":"n8n-nodes-base.mySql","nodeName":"Orders Query"}}
{"__type":"$$EventMessageConfirm","confirm":"beb32c66-5dc4-4351-a2c1-418acd97f449","ts":"2025-03-26T10:20:59.062+01:00","source":{"id":"0","name":"eventBus"}}
{"__type":"$$EventMessageNode","id":"b95cfd39-2c64-49b3-a717-94c8caccccbc","ts":"2025-03-26T10:20:59.062+01:00","eventName":"n8n.node.started","message":"n8n.node.started","payload":{"workflowId":"djKoqbJYAtFuGd81","workflowName":"PizzerIA - Delivery","executionId":"106","nodeType":"n8n-nodes-base.httpRequest","nodeName":"HTTP Request"}}
{"__type":"$$EventMessageConfirm","confirm":"b95cfd39-2c64-49b3-a717-94c8caccccbc","ts":"2025-03-26T10:20:59.062+01:00","source":{"id":"0","name":"eventBus"}}
{"__type":"$$EventMessageNode","id":"f49a523e-4863-42bc-a422-4b4eaebe1e9f","ts":"2025-03-26T10:20:59.072+01:00","eventName":"n8n.node.finished","message":"n8n.node.finished","payload":{"workflowId":"djKoqbJYAtFuGd81","workflowName":"PizzerIA - Delivery","executionId":"106","nodeType":"n8n-nodes-base.httpRequest","nodeName":"HTTP Request"}}
{"__type":"$$EventMessageConfirm","confirm":"f49a523e-4863-42bc-a422-4b4eaebe1e9f","ts":"2025-03-26T10:20:59.072+01:00","source":{"id":"0","name":"eventBus"}}
{"__type":"$$EventMessageWorkflow","id":"5f4ee303-e722-42bc-b621-d496f76e8b17","ts":"2025-03-26T10:20:59.072+01:00","eventName":"n8n.workflow.failed","message":"n8n.workflow.failed","payload":{"executionId":"106","success":false,"isManual":false,"workflowId":"djKoqbJYAtFuGd81","workflowName":"PizzerIA - Delivery","lastNodeExecuted":"HTTP Request","errorNodeType":"n8n-nodes-base.httpRequest","errorMessage":"Your request is invalid or could not be processed by the service"}}
{"__type":"$$EventMessageConfirm","confirm":"5f4ee303-e722-42bc-b621-d496f76e8b17","ts":"2025-03-26T10:20:59.073+01:00","source":{"id":"0","name":"eventBus"}}
{"__type":"$$EventMessageWorkflow","id":"0aa471bf-e0b1-4dae-ba5e-7a529f71a8ba","ts":"2025-03-26T10:25:59.041+01:00","eventName":"n8n.workflow.started","message":"n8n.workflow.started","payload":{"executionId":"107","workflowId":"djKoqbJYAtFuGd81","isManual":false,"workflowName":"PizzerIA - Delivery"}}
{"__type":"$$EventMessageConfirm","confirm":"0aa471bf-e0b1-4dae-ba5e-7a529f71a8ba","ts":"2025-03-26T10:25:59.041+01:00","source":{"id":"0","name":"eventBus"}}
{"__type":"$$EventMessageNode","id":"900558e8-018c-4913-9dea-2ea890c7b34e","ts":"2025-03-26T10:25:59.041+01:00","eventName":"n8n.node.started","message":"n8n.node.started","payload":{"workflowId":"djKoqbJYAtFuGd81","workflowName":"PizzerIA - Delivery","executionId":"107","nodeType":"n8n-nodes-base.scheduleTrigger","nodeName":"Schedule Trigger"}}
{"__type":"$$EventMessageConfirm","confirm":"900558e8-018c-4913-9dea-2ea890c7b34e","ts":"2025-03-26T10:25:59.041+01:00","source":{"id":"0","name":"eventBus"}}
{"__type":"$$EventMessageNode","id":"7d20a8fd-b64c-4979-a88f-80398a86b241","ts":"2025-03-26T10:25:59.042+01:00","eventName":"n8n.node.finished","message":"n8n.node.finished","payload":{"workflowId":"djKoqbJYAtFuGd81","workflowName":"PizzerIA - Delivery","executionId":"107","nodeType":"n8n-nodes-base.scheduleTrigger","nodeName":"Schedule Trigger"}}
{"__type":"$$EventMessageConfirm","confirm":"7d20a8fd-b64c-4979-a88f-80398a86b241","ts":"2025-03-26T10:25:59.042+01:00","source":{"id":"0","name":"eventBus"}}
{"__type":"$$EventMessageNode","id":"1bf07d39-b252-46f6-acd6-ea2df8e560dc","ts":"2025-03-26T10:25:59.042+01:00","eventName":"n8n.node.started","message":"n8n.node.started","payload":{"workflowId":"djKoqbJYAtFuGd81","workflowName":"PizzerIA - Delivery","executionId":"107","nodeType":"n8n-nodes-base.dateTime","nodeName":"Date Formatter"}}
{"__type":"$$EventMessageConfirm","confirm":"1bf07d39-b252-46f6-acd6-ea2df8e560dc","ts":"2025-03-26T10:25:59.042+01:00","source":{"id":"0","name":"eventBus"}}
{"__type":"$$EventMessageNode","id":"c2e45357-35f1-4aff-a8ff-edd3bfd8e70e","ts":"2025-03-26T10:25:59.044+01:00","eventName":"n8n.node.finished","message":"n8n.node.finished","payload":{"workflowId":"djKoqbJYAtFuGd81","workflowName":"PizzerIA - Delivery","executionId":"107","nodeType":"n8n-nodes-base.dateTime","nodeName":"Date Formatter"}}
{"__type":"$$EventMessageConfirm","confirm":"c2e45357-35f1-4aff-a8ff-edd3bfd8e70e","ts":"2025-03-26T10:25:59.044+01:00","source":{"id":"0","name":"eventBus"}}
{"__type":"$$EventMessageNode","id":"520decd5-d885-40d0-8595-55421f722239","ts":"2025-03-26T10:25:59.046+01:00","eventName":"n8n.node.started","message":"n8n.node.started","payload":{"workflowId":"djKoqbJYAtFuGd81","workflowName":"PizzerIA - Delivery","executionId":"107","nodeType":"n8n-nodes-base.mySql","nodeName":"Orders Query"}}
{"__type":"$$EventMessageConfirm","confirm":"520decd5-d885-40d0-8595-55421f722239","ts":"2025-03-26T10:25:59.046+01:00","source":{"id":"0","name":"eventBus"}}
{"__type":"$$EventMessageNode","id":"a17e09ae-9bb1-4e2d-98f4-1bd982b88055","ts":"2025-03-26T10:25:59.056+01:00","eventName":"n8n.node.finished","message":"n8n.node.finished","payload":{"workflowId":"djKoqbJYAtFuGd81","workflowName":"PizzerIA - Delivery","executionId":"107","nodeType":"n8n-nodes-base.mySql","nodeName":"Orders Query"}}
{"__type":"$$EventMessageConfirm","confirm":"a17e09ae-9bb1-4e2d-98f4-1bd982b88055","ts":"2025-03-26T10:25:59.056+01:00","source":{"id":"0","name":"eventBus"}}
{"__type":"$$EventMessageNode","id":"1656c00e-fbaa-4724-8a4a-5e5db6a3d01d","ts":"2025-03-26T10:25:59.056+01:00","eventName":"n8n.node.started","message":"n8n.node.started","payload":{"workflowId":"djKoqbJYAtFuGd81","workflowName":"PizzerIA - Delivery","executionId":"107","nodeType":"n8n-nodes-base.httpRequest","nodeName":"HTTP Request"}}
{"__type":"$$EventMessageConfirm","confirm":"1656c00e-fbaa-4724-8a4a-5e5db6a3d01d","ts":"2025-03-26T10:25:59.056+01:00","source":{"id":"0","name":"eventBus"}}
{"__type":"$$EventMessageNode","id":"32ba30c4-0acf-47f3-bf42-2a3335bbd220","ts":"2025-03-26T10:25:59.065+01:00","eventName":"n8n.node.finished","message":"n8n.node.finished","payload":{"workflowId":"djKoqbJYAtFuGd81","workflowName":"PizzerIA - Delivery","executionId":"107","nodeType":"n8n-nodes-base.httpRequest","nodeName":"HTTP Request"}}
{"__type":"$$EventMessageConfirm","confirm":"32ba30c4-0acf-47f3-bf42-2a3335bbd220","ts":"2025-03-26T10:25:59.065+01:00","source":{"id":"0","name":"eventBus"}}
{"__type":"$$EventMessageWorkflow","id":"53c54f0e-4785-46db-ac5a-58d408e28c2c","ts":"2025-03-26T10:25:59.065+01:00","eventName":"n8n.workflow.failed","message":"n8n.workflow.failed","payload":{"executionId":"107","success":false,"isManual":false,"workflowId":"djKoqbJYAtFuGd81","workflowName":"PizzerIA - Delivery","lastNodeExecuted":"HTTP Request","errorNodeType":"n8n-nodes-base.httpRequest","errorMessage":"Your request is invalid or could not be processed by the service"}}
{"__type":"$$EventMessageConfirm","confirm":"53c54f0e-4785-46db-ac5a-58d408e28c2c","ts":"2025-03-26T10:25:59.065+01:00","source":{"id":"0","name":"eventBus"}}
{"__type":"$$EventMessageWorkflow","id":"3940a065-2388-4112-967e-d21142705c9e","ts":"2025-03-26T10:30:59.055+01:00","eventName":"n8n.workflow.started","message":"n8n.workflow.started","payload":{"executionId":"108","workflowId":"djKoqbJYAtFuGd81","isManual":false,"workflowName":"PizzerIA - Delivery"}}
{"__type":"$$EventMessageConfirm","confirm":"3940a065-2388-4112-967e-d21142705c9e","ts":"2025-03-26T10:30:59.056+01:00","source":{"id":"0","name":"eventBus"}}
{"__type":"$$EventMessageNode","id":"b5206a10-9cdd-4483-8fbb-37ef89ef3db9","ts":"2025-03-26T10:30:59.056+01:00","eventName":"n8n.node.started","message":"n8n.node.started","payload":{"workflowId":"djKoqbJYAtFuGd81","workflowName":"PizzerIA - Delivery","executionId":"108","nodeType":"n8n-nodes-base.scheduleTrigger","nodeName":"Schedule Trigger"}}
{"__type":"$$EventMessageConfirm","confirm":"b5206a10-9cdd-4483-8fbb-37ef89ef3db9","ts":"2025-03-26T10:30:59.056+01:00","source":{"id":"0","name":"eventBus"}}
{"__type":"$$EventMessageNode","id":"db2f5740-6b5d-4c95-971c-280c3405c43f","ts":"2025-03-26T10:30:59.056+01:00","eventName":"n8n.node.finished","message":"n8n.node.finished","payload":{"workflowId":"djKoqbJYAtFuGd81","workflowName":"PizzerIA - Delivery","executionId":"108","nodeType":"n8n-nodes-base.scheduleTrigger","nodeName":"Schedule Trigger"}}
{"__type":"$$EventMessageConfirm","confirm":"db2f5740-6b5d-4c95-971c-280c3405c43f","ts":"2025-03-26T10:30:59.057+01:00","source":{"id":"0","name":"eventBus"}}
{"__type":"$$EventMessageNode","id":"779cdefe-1c7e-4fcc-a882-7c67ff65986c","ts":"2025-03-26T10:30:59.057+01:00","eventName":"n8n.node.started","message":"n8n.node.started","payload":{"workflowId":"djKoqbJYAtFuGd81","workflowName":"PizzerIA - Delivery","executionId":"108","nodeType":"n8n-nodes-base.dateTime","nodeName":"Date Formatter"}}
{"__type":"$$EventMessageConfirm","confirm":"779cdefe-1c7e-4fcc-a882-7c67ff65986c","ts":"2025-03-26T10:30:59.057+01:00","source":{"id":"0","name":"eventBus"}}
{"__type":"$$EventMessageNode","id":"2c3b677a-b7d1-48d3-a0a9-946aaf9cbc01","ts":"2025-03-26T10:30:59.060+01:00","eventName":"n8n.node.finished","message":"n8n.node.finished","payload":{"workflowId":"djKoqbJYAtFuGd81","workflowName":"PizzerIA - Delivery","executionId":"108","nodeType":"n8n-nodes-base.dateTime","nodeName":"Date Formatter"}}
{"__type":"$$EventMessageConfirm","confirm":"2c3b677a-b7d1-48d3-a0a9-946aaf9cbc01","ts":"2025-03-26T10:30:59.060+01:00","source":{"id":"0","name":"eventBus"}}
{"__type":"$$EventMessageNode","id":"09c5fc1b-7544-40b4-add5-70b74b52a621","ts":"2025-03-26T10:30:59.060+01:00","eventName":"n8n.node.started","message":"n8n.node.started","payload":{"workflowId":"djKoqbJYAtFuGd81","workflowName":"PizzerIA - Delivery","executionId":"108","nodeType":"n8n-nodes-base.mySql","nodeName":"Orders Query"}}
{"__type":"$$EventMessageConfirm","confirm":"09c5fc1b-7544-40b4-add5-70b74b52a621","ts":"2025-03-26T10:30:59.060+01:00","source":{"id":"0","name":"eventBus"}}
{"__type":"$$EventMessageNode","id":"cd023d27-0437-488b-9b5e-c1464dbc8322","ts":"2025-03-26T10:30:59.069+01:00","eventName":"n8n.node.finished","message":"n8n.node.finished","payload":{"workflowId":"djKoqbJYAtFuGd81","workflowName":"PizzerIA - Delivery","executionId":"108","nodeType":"n8n-nodes-base.mySql","nodeName":"Orders Query"}}
{"__type":"$$EventMessageConfirm","confirm":"cd023d27-0437-488b-9b5e-c1464dbc8322","ts":"2025-03-26T10:30:59.070+01:00","source":{"id":"0","name":"eventBus"}}
{"__type":"$$EventMessageNode","id":"8186b67e-85d0-4cbd-867c-f95b76517701","ts":"2025-03-26T10:30:59.070+01:00","eventName":"n8n.node.started","message":"n8n.node.started","payload":{"workflowId":"djKoqbJYAtFuGd81","workflowName":"PizzerIA - Delivery","executionId":"108","nodeType":"n8n-nodes-base.httpRequest","nodeName":"HTTP Request"}}
{"__type":"$$EventMessageConfirm","confirm":"8186b67e-85d0-4cbd-867c-f95b76517701","ts":"2025-03-26T10:30:59.070+01:00","source":{"id":"0","name":"eventBus"}}
{"__type":"$$EventMessageNode","id":"b2d216d1-0d6d-4e1b-9fd4-4f7eea61a532","ts":"2025-03-26T10:30:59.080+01:00","eventName":"n8n.node.finished","message":"n8n.node.finished","payload":{"workflowId":"djKoqbJYAtFuGd81","workflowName":"PizzerIA - Delivery","executionId":"108","nodeType":"n8n-nodes-base.httpRequest","nodeName":"HTTP Request"}}
{"__type":"$$EventMessageConfirm","confirm":"b2d216d1-0d6d-4e1b-9fd4-4f7eea61a532","ts":"2025-03-26T10:30:59.080+01:00","source":{"id":"0","name":"eventBus"}}
{"__type":"$$EventMessageWorkflow","id":"23c5ed52-81a1-42e6-a1e6-3e3d0b016d6d","ts":"2025-03-26T10:30:59.080+01:00","eventName":"n8n.workflow.failed","message":"n8n.workflow.failed","payload":{"executionId":"108","success":false,"isManual":false,"workflowId":"djKoqbJYAtFuGd81","workflowName":"PizzerIA - Delivery","lastNodeExecuted":"HTTP Request","errorNodeType":"n8n-nodes-base.httpRequest","errorMessage":"Your request is invalid or could not be processed by the service"}}
{"__type":"$$EventMessageConfirm","confirm":"23c5ed52-81a1-42e6-a1e6-3e3d0b016d6d","ts":"2025-03-26T10:30:59.080+01:00","source":{"id":"0","name":"eventBus"}}
