{"__type":"$$EventMessageAudit","id":"a6f31f41-ddeb-4353-afae-3f9c44dad119","ts":"2025-02-23T17:20:31.878+01:00","eventName":"n8n.audit.workflow.updated","message":"n8n.audit.workflow.updated","payload":{"userId":"6dbdd295-102a-4e57-b67f-250e2ab3af26","_email":"victor.j.madrid@gmail.com","_firstName":"Víctor","_lastName":"Madrid","globalRole":"global:owner","workflowId":"BHL2quTfAbXV8n5u","workflowName":"Prueba 1"}}
{"__type":"$$EventMessageConfirm","confirm":"a6f31f41-ddeb-4353-afae-3f9c44dad119","ts":"2025-02-23T17:20:31.879+01:00","source":{"id":"0","name":"eventBus"}}
{"__type":"$$EventMessageAudit","id":"efa273cd-4517-4c16-ac7e-94084701af44","ts":"2025-02-25T09:38:14.988+01:00","eventName":"n8n.audit.workflow.created","message":"n8n.audit.workflow.created","payload":{"userId":"6dbdd295-102a-4e57-b67f-250e2ab3af26","_email":"victor.j.madrid@gmail.com","_firstName":"Víctor","_lastName":"Madrid","globalRole":"global:owner","workflowId":"IvkejgS6opWgV4Ff","workflowName":"My workflow"}}
{"__type":"$$EventMessageConfirm","confirm":"efa273cd-4517-4c16-ac7e-94084701af44","ts":"2025-02-25T09:38:14.996+01:00","source":{"id":"0","name":"eventBus"}}
{"__type":"$$EventMessageWorkflow","id":"7ee887a2-3f4a-4836-8ba1-641f81fce1d4","ts":"2025-02-25T09:38:15.172+01:00","eventName":"n8n.workflow.started","message":"n8n.workflow.started","payload":{"executionId":"2","workflowId":"IvkejgS6opWgV4Ff","isManual":false,"workflowName":"My workflow"}}
{"__type":"$$EventMessageConfirm","confirm":"7ee887a2-3f4a-4836-8ba1-641f81fce1d4","ts":"2025-02-25T09:38:15.172+01:00","source":{"id":"0","name":"eventBus"}}
{"__type":"$$EventMessageNode","id":"e8877cda-f144-4c35-913c-5abc4265cd32","ts":"2025-02-25T09:38:15.177+01:00","eventName":"n8n.node.started","message":"n8n.node.started","payload":{"workflowId":"IvkejgS6opWgV4Ff","workflowName":"My workflow","executionId":"2","nodeType":"n8n-nodes-base.manualTrigger","nodeName":"When clicking ‘Test workflow’"}}
{"__type":"$$EventMessageConfirm","confirm":"e8877cda-f144-4c35-913c-5abc4265cd32","ts":"2025-02-25T09:38:15.178+01:00","source":{"id":"0","name":"eventBus"}}
{"__type":"$$EventMessageNode","id":"b1e736df-50f7-4e92-b8d8-17d83ecf17c2","ts":"2025-02-25T09:38:15.187+01:00","eventName":"n8n.node.finished","message":"n8n.node.finished","payload":{"workflowId":"IvkejgS6opWgV4Ff","workflowName":"My workflow","executionId":"2","nodeType":"n8n-nodes-base.manualTrigger","nodeName":"When clicking ‘Test workflow’"}}
{"__type":"$$EventMessageConfirm","confirm":"b1e736df-50f7-4e92-b8d8-17d83ecf17c2","ts":"2025-02-25T09:38:15.188+01:00","source":{"id":"0","name":"eventBus"}}
{"__type":"$$EventMessageWorkflow","id":"a4107a24-9a42-4009-bccc-69735683c901","ts":"2025-02-25T09:38:15.198+01:00","eventName":"n8n.workflow.success","message":"n8n.workflow.success","payload":{"executionId":"2","userId":"6dbdd295-102a-4e57-b67f-250e2ab3af26","success":true,"isManual":true,"workflowId":"IvkejgS6opWgV4Ff","workflowName":"My workflow"}}
{"__type":"$$EventMessageConfirm","confirm":"a4107a24-9a42-4009-bccc-69735683c901","ts":"2025-02-25T09:38:15.198+01:00","source":{"id":"0","name":"eventBus"}}
{"__type":"$$EventMessageWorkflow","id":"3f6a4f26-b151-4b0e-9cfc-54f406a449cf","ts":"2025-02-25T09:39:45.295+01:00","eventName":"n8n.workflow.started","message":"n8n.workflow.started","payload":{"executionId":"3","workflowId":"IvkejgS6opWgV4Ff","isManual":false,"workflowName":"My workflow"}}
{"__type":"$$EventMessageConfirm","confirm":"3f6a4f26-b151-4b0e-9cfc-54f406a449cf","ts":"2025-02-25T09:39:45.295+01:00","source":{"id":"0","name":"eventBus"}}
{"__type":"$$EventMessageNode","id":"e726d444-d5f9-4746-9923-f94ec1d39341","ts":"2025-02-25T09:39:45.296+01:00","eventName":"n8n.node.started","message":"n8n.node.started","payload":{"workflowId":"IvkejgS6opWgV4Ff","workflowName":"My workflow","executionId":"3","nodeType":"n8n-nodes-base.set","nodeName":"Edit Fields"}}
{"__type":"$$EventMessageConfirm","confirm":"e726d444-d5f9-4746-9923-f94ec1d39341","ts":"2025-02-25T09:39:45.297+01:00","source":{"id":"0","name":"eventBus"}}
{"__type":"$$EventMessageNode","id":"5537a16c-6500-4bd7-a90a-728d7651a29f","ts":"2025-02-25T09:39:45.313+01:00","eventName":"n8n.node.finished","message":"n8n.node.finished","payload":{"workflowId":"IvkejgS6opWgV4Ff","workflowName":"My workflow","executionId":"3","nodeType":"n8n-nodes-base.set","nodeName":"Edit Fields"}}
{"__type":"$$EventMessageConfirm","confirm":"5537a16c-6500-4bd7-a90a-728d7651a29f","ts":"2025-02-25T09:39:45.313+01:00","source":{"id":"0","name":"eventBus"}}
{"__type":"$$EventMessageWorkflow","id":"5113886a-7998-4a10-bbb3-f306f163bc89","ts":"2025-02-25T09:39:45.316+01:00","eventName":"n8n.workflow.success","message":"n8n.workflow.success","payload":{"executionId":"3","userId":"6dbdd295-102a-4e57-b67f-250e2ab3af26","success":true,"isManual":true,"workflowId":"IvkejgS6opWgV4Ff","workflowName":"My workflow"}}
{"__type":"$$EventMessageConfirm","confirm":"5113886a-7998-4a10-bbb3-f306f163bc89","ts":"2025-02-25T09:39:45.316+01:00","source":{"id":"0","name":"eventBus"}}
{"__type":"$$EventMessageWorkflow","id":"2d07c660-47e6-49bd-8f79-6a0c810135bb","ts":"2025-02-25T09:39:55.865+01:00","eventName":"n8n.workflow.started","message":"n8n.workflow.started","payload":{"executionId":"4","workflowId":"IvkejgS6opWgV4Ff","isManual":false,"workflowName":"My workflow"}}
{"__type":"$$EventMessageConfirm","confirm":"2d07c660-47e6-49bd-8f79-6a0c810135bb","ts":"2025-02-25T09:39:55.865+01:00","source":{"id":"0","name":"eventBus"}}
{"__type":"$$EventMessageNode","id":"39650d56-2507-402f-95e7-4ee594da2832","ts":"2025-02-25T09:39:55.866+01:00","eventName":"n8n.node.started","message":"n8n.node.started","payload":{"workflowId":"IvkejgS6opWgV4Ff","workflowName":"My workflow","executionId":"4","nodeType":"n8n-nodes-base.set","nodeName":"Edit Fields"}}
{"__type":"$$EventMessageConfirm","confirm":"39650d56-2507-402f-95e7-4ee594da2832","ts":"2025-02-25T09:39:55.867+01:00","source":{"id":"0","name":"eventBus"}}
{"__type":"$$EventMessageNode","id":"8905707e-7620-43f2-9481-7fdea9646a09","ts":"2025-02-25T09:39:55.869+01:00","eventName":"n8n.node.finished","message":"n8n.node.finished","payload":{"workflowId":"IvkejgS6opWgV4Ff","workflowName":"My workflow","executionId":"4","nodeType":"n8n-nodes-base.set","nodeName":"Edit Fields"}}
{"__type":"$$EventMessageConfirm","confirm":"8905707e-7620-43f2-9481-7fdea9646a09","ts":"2025-02-25T09:39:55.869+01:00","source":{"id":"0","name":"eventBus"}}
{"__type":"$$EventMessageWorkflow","id":"4238f96c-6db3-48e3-ad69-aad374e1e5b0","ts":"2025-02-25T09:39:55.871+01:00","eventName":"n8n.workflow.success","message":"n8n.workflow.success","payload":{"executionId":"4","userId":"6dbdd295-102a-4e57-b67f-250e2ab3af26","success":true,"isManual":true,"workflowId":"IvkejgS6opWgV4Ff","workflowName":"My workflow"}}
{"__type":"$$EventMessageConfirm","confirm":"4238f96c-6db3-48e3-ad69-aad374e1e5b0","ts":"2025-02-25T09:39:55.872+01:00","source":{"id":"0","name":"eventBus"}}
{"__type":"$$EventMessageAudit","id":"aa3a0ff7-15c1-4b78-9702-e27eba0c4b06","ts":"2025-02-25T09:43:52.976+01:00","eventName":"n8n.audit.workflow.updated","message":"n8n.audit.workflow.updated","payload":{"userId":"6dbdd295-102a-4e57-b67f-250e2ab3af26","_email":"victor.j.madrid@gmail.com","_firstName":"Víctor","_lastName":"Madrid","globalRole":"global:owner","workflowId":"IvkejgS6opWgV4Ff","workflowName":"My workflow"}}
{"__type":"$$EventMessageConfirm","confirm":"aa3a0ff7-15c1-4b78-9702-e27eba0c4b06","ts":"2025-02-25T09:43:52.976+01:00","source":{"id":"0","name":"eventBus"}}
{"__type":"$$EventMessageAudit","id":"7047184d-c633-4520-9e4a-e987124cea4d","ts":"2025-02-25T09:45:49.072+01:00","eventName":"n8n.audit.user.credentials.created","message":"n8n.audit.user.credentials.created","payload":{"userId":"6dbdd295-102a-4e57-b67f-250e2ab3af26","_email":"victor.j.madrid@gmail.com","_firstName":"Víctor","_lastName":"Madrid","globalRole":"global:owner","credentialType":"httpBasicAuth","credentialId":"bXqimK4j0t8UMWBc","publicApi":false,"projectId":"uLqWHB7qrheDSSZD","projectType":"personal"}}
{"__type":"$$EventMessageConfirm","confirm":"7047184d-c633-4520-9e4a-e987124cea4d","ts":"2025-02-25T09:45:49.072+01:00","source":{"id":"0","name":"eventBus"}}
{"__type":"$$EventMessageWorkflow","id":"2113ec82-5c29-440b-8286-e05334c1d9ec","ts":"2025-02-25T09:49:29.730+01:00","eventName":"n8n.workflow.started","message":"n8n.workflow.started","payload":{"executionId":"5","workflowId":"IvkejgS6opWgV4Ff","isManual":false,"workflowName":"My workflow"}}
{"__type":"$$EventMessageConfirm","confirm":"2113ec82-5c29-440b-8286-e05334c1d9ec","ts":"2025-02-25T09:49:29.730+01:00","source":{"id":"0","name":"eventBus"}}
{"__type":"$$EventMessageNode","id":"3d580d8e-b388-40bd-96c2-7e501d2bff81","ts":"2025-02-25T09:49:29.731+01:00","eventName":"n8n.node.started","message":"n8n.node.started","payload":{"workflowId":"IvkejgS6opWgV4Ff","workflowName":"My workflow","executionId":"5","nodeType":"n8n-nodes-base.manualTrigger","nodeName":"When clicking ‘Test workflow’"}}
{"__type":"$$EventMessageConfirm","confirm":"3d580d8e-b388-40bd-96c2-7e501d2bff81","ts":"2025-02-25T09:49:29.731+01:00","source":{"id":"0","name":"eventBus"}}
{"__type":"$$EventMessageNode","id":"6a1830f7-f370-4749-bcf9-7cac914d0e6c","ts":"2025-02-25T09:49:29.737+01:00","eventName":"n8n.node.finished","message":"n8n.node.finished","payload":{"workflowId":"IvkejgS6opWgV4Ff","workflowName":"My workflow","executionId":"5","nodeType":"n8n-nodes-base.manualTrigger","nodeName":"When clicking ‘Test workflow’"}}
{"__type":"$$EventMessageConfirm","confirm":"6a1830f7-f370-4749-bcf9-7cac914d0e6c","ts":"2025-02-25T09:49:29.737+01:00","source":{"id":"0","name":"eventBus"}}
{"__type":"$$EventMessageNode","id":"e344e72a-a18a-47ec-bb82-fcb89b78c82e","ts":"2025-02-25T09:49:29.739+01:00","eventName":"n8n.node.started","message":"n8n.node.started","payload":{"workflowId":"IvkejgS6opWgV4Ff","workflowName":"My workflow","executionId":"5","nodeType":"n8n-nodes-base.set","nodeName":"Temperatura Celsius"}}
{"__type":"$$EventMessageConfirm","confirm":"e344e72a-a18a-47ec-bb82-fcb89b78c82e","ts":"2025-02-25T09:49:29.739+01:00","source":{"id":"0","name":"eventBus"}}
{"__type":"$$EventMessageNode","id":"be146b25-5aae-4f41-9c59-4454e0102563","ts":"2025-02-25T09:49:29.743+01:00","eventName":"n8n.node.finished","message":"n8n.node.finished","payload":{"workflowId":"IvkejgS6opWgV4Ff","workflowName":"My workflow","executionId":"5","nodeType":"n8n-nodes-base.set","nodeName":"Temperatura Celsius"}}
{"__type":"$$EventMessageConfirm","confirm":"be146b25-5aae-4f41-9c59-4454e0102563","ts":"2025-02-25T09:49:29.743+01:00","source":{"id":"0","name":"eventBus"}}
{"__type":"$$EventMessageWorkflow","id":"8c30a29b-f817-4307-80ea-07ffb3300610","ts":"2025-02-25T09:49:29.746+01:00","eventName":"n8n.workflow.success","message":"n8n.workflow.success","payload":{"executionId":"5","userId":"6dbdd295-102a-4e57-b67f-250e2ab3af26","success":true,"isManual":true,"workflowId":"IvkejgS6opWgV4Ff","workflowName":"My workflow"}}
{"__type":"$$EventMessageConfirm","confirm":"8c30a29b-f817-4307-80ea-07ffb3300610","ts":"2025-02-25T09:49:29.746+01:00","source":{"id":"0","name":"eventBus"}}
{"__type":"$$EventMessageWorkflow","id":"0d455eab-5c9d-4105-9979-fc125df70ec8","ts":"2025-02-25T09:50:31.276+01:00","eventName":"n8n.workflow.started","message":"n8n.workflow.started","payload":{"executionId":"6","workflowId":"IvkejgS6opWgV4Ff","isManual":false,"workflowName":"My workflow"}}
{"__type":"$$EventMessageConfirm","confirm":"0d455eab-5c9d-4105-9979-fc125df70ec8","ts":"2025-02-25T09:50:31.276+01:00","source":{"id":"0","name":"eventBus"}}
{"__type":"$$EventMessageNode","id":"0f6f31ba-38ea-4b3f-9736-7d9c96cd93e5","ts":"2025-02-25T09:50:31.276+01:00","eventName":"n8n.node.started","message":"n8n.node.started","payload":{"workflowId":"IvkejgS6opWgV4Ff","workflowName":"My workflow","executionId":"6","nodeType":"n8n-nodes-base.code","nodeName":"Code"}}
{"__type":"$$EventMessageConfirm","confirm":"0f6f31ba-38ea-4b3f-9736-7d9c96cd93e5","ts":"2025-02-25T09:50:31.277+01:00","source":{"id":"0","name":"eventBus"}}
{"__type":"$$EventMessageNode","id":"1f50a873-3dc2-4491-ab90-2032227ad504","ts":"2025-02-25T09:50:31.488+01:00","eventName":"n8n.node.finished","message":"n8n.node.finished","payload":{"workflowId":"IvkejgS6opWgV4Ff","workflowName":"My workflow","executionId":"6","nodeType":"n8n-nodes-base.code","nodeName":"Code"}}
{"__type":"$$EventMessageConfirm","confirm":"1f50a873-3dc2-4491-ab90-2032227ad504","ts":"2025-02-25T09:50:31.488+01:00","source":{"id":"0","name":"eventBus"}}
{"__type":"$$EventMessageWorkflow","id":"4038f035-deb2-4008-8132-013e47172ed5","ts":"2025-02-25T09:50:31.490+01:00","eventName":"n8n.workflow.failed","message":"n8n.workflow.failed","payload":{"executionId":"6","userId":"6dbdd295-102a-4e57-b67f-250e2ab3af26","success":false,"isManual":true,"workflowId":"IvkejgS6opWgV4Ff","workflowName":"My workflow","lastNodeExecuted":"Code","errorNodeType":"n8n-nodes-base.code","errorMessage":"Code doesn't return items properly"}}
{"__type":"$$EventMessageConfirm","confirm":"4038f035-deb2-4008-8132-013e47172ed5","ts":"2025-02-25T09:50:31.490+01:00","source":{"id":"0","name":"eventBus"}}
{"__type":"$$EventMessageWorkflow","id":"d3b9aec1-d767-43c7-b128-647a79680381","ts":"2025-02-25T09:55:54.045+01:00","eventName":"n8n.workflow.started","message":"n8n.workflow.started","payload":{"executionId":"7","workflowId":"IvkejgS6opWgV4Ff","isManual":false,"workflowName":"My workflow"}}
{"__type":"$$EventMessageConfirm","confirm":"d3b9aec1-d767-43c7-b128-647a79680381","ts":"2025-02-25T09:55:54.045+01:00","source":{"id":"0","name":"eventBus"}}
{"__type":"$$EventMessageNode","id":"abb4008d-6a29-4320-a719-a89cd91b40b7","ts":"2025-02-25T09:55:54.046+01:00","eventName":"n8n.node.started","message":"n8n.node.started","payload":{"workflowId":"IvkejgS6opWgV4Ff","workflowName":"My workflow","executionId":"7","nodeType":"n8n-nodes-base.code","nodeName":"Code"}}
{"__type":"$$EventMessageConfirm","confirm":"abb4008d-6a29-4320-a719-a89cd91b40b7","ts":"2025-02-25T09:55:54.046+01:00","source":{"id":"0","name":"eventBus"}}
{"__type":"$$EventMessageNode","id":"176ef56f-0cfb-4236-9bbe-10d6b10c8841","ts":"2025-02-25T09:55:54.056+01:00","eventName":"n8n.node.finished","message":"n8n.node.finished","payload":{"workflowId":"IvkejgS6opWgV4Ff","workflowName":"My workflow","executionId":"7","nodeType":"n8n-nodes-base.code","nodeName":"Code"}}
{"__type":"$$EventMessageConfirm","confirm":"176ef56f-0cfb-4236-9bbe-10d6b10c8841","ts":"2025-02-25T09:55:54.056+01:00","source":{"id":"0","name":"eventBus"}}
{"__type":"$$EventMessageWorkflow","id":"a5d0ade0-160b-4564-b5f4-f5dbfd9f3d5a","ts":"2025-02-25T09:55:54.058+01:00","eventName":"n8n.workflow.success","message":"n8n.workflow.success","payload":{"executionId":"7","userId":"6dbdd295-102a-4e57-b67f-250e2ab3af26","success":true,"isManual":true,"workflowId":"IvkejgS6opWgV4Ff","workflowName":"My workflow"}}
{"__type":"$$EventMessageConfirm","confirm":"a5d0ade0-160b-4564-b5f4-f5dbfd9f3d5a","ts":"2025-02-25T09:55:54.058+01:00","source":{"id":"0","name":"eventBus"}}
{"__type":"$$EventMessageWorkflow","id":"2aa22907-b61a-4118-912f-9d248dc25cbb","ts":"2025-02-25T09:57:02.677+01:00","eventName":"n8n.workflow.started","message":"n8n.workflow.started","payload":{"executionId":"8","workflowId":"IvkejgS6opWgV4Ff","isManual":false,"workflowName":"My workflow"}}
{"__type":"$$EventMessageConfirm","confirm":"2aa22907-b61a-4118-912f-9d248dc25cbb","ts":"2025-02-25T09:57:02.677+01:00","source":{"id":"0","name":"eventBus"}}
{"__type":"$$EventMessageNode","id":"ccee9dd1-e218-4762-83e1-12812c68fdf2","ts":"2025-02-25T09:57:02.678+01:00","eventName":"n8n.node.started","message":"n8n.node.started","payload":{"workflowId":"IvkejgS6opWgV4Ff","workflowName":"My workflow","executionId":"8","nodeType":"n8n-nodes-base.code","nodeName":"Code"}}
{"__type":"$$EventMessageConfirm","confirm":"ccee9dd1-e218-4762-83e1-12812c68fdf2","ts":"2025-02-25T09:57:02.679+01:00","source":{"id":"0","name":"eventBus"}}
{"__type":"$$EventMessageNode","id":"f04b3b8b-134e-4ddf-b72c-3950042d20f1","ts":"2025-02-25T09:57:02.688+01:00","eventName":"n8n.node.finished","message":"n8n.node.finished","payload":{"workflowId":"IvkejgS6opWgV4Ff","workflowName":"My workflow","executionId":"8","nodeType":"n8n-nodes-base.code","nodeName":"Code"}}
{"__type":"$$EventMessageConfirm","confirm":"f04b3b8b-134e-4ddf-b72c-3950042d20f1","ts":"2025-02-25T09:57:02.689+01:00","source":{"id":"0","name":"eventBus"}}
{"__type":"$$EventMessageWorkflow","id":"64db20d9-b02e-4372-9492-7dc32d2c92df","ts":"2025-02-25T09:57:02.692+01:00","eventName":"n8n.workflow.success","message":"n8n.workflow.success","payload":{"executionId":"8","userId":"6dbdd295-102a-4e57-b67f-250e2ab3af26","success":true,"isManual":true,"workflowId":"IvkejgS6opWgV4Ff","workflowName":"My workflow"}}
{"__type":"$$EventMessageConfirm","confirm":"64db20d9-b02e-4372-9492-7dc32d2c92df","ts":"2025-02-25T09:57:02.692+01:00","source":{"id":"0","name":"eventBus"}}
{"__type":"$$EventMessageWorkflow","id":"e0b8992e-2083-490f-8a4f-3d985326c084","ts":"2025-02-25T09:57:11.929+01:00","eventName":"n8n.workflow.started","message":"n8n.workflow.started","payload":{"executionId":"9","workflowId":"IvkejgS6opWgV4Ff","isManual":false,"workflowName":"My workflow"}}
{"__type":"$$EventMessageConfirm","confirm":"e0b8992e-2083-490f-8a4f-3d985326c084","ts":"2025-02-25T09:57:11.930+01:00","source":{"id":"0","name":"eventBus"}}
{"__type":"$$EventMessageNode","id":"c8e8a2e7-fdd7-4661-a6a3-87b7b0e1cb76","ts":"2025-02-25T09:57:11.930+01:00","eventName":"n8n.node.started","message":"n8n.node.started","payload":{"workflowId":"IvkejgS6opWgV4Ff","workflowName":"My workflow","executionId":"9","nodeType":"n8n-nodes-base.code","nodeName":"Code"}}
{"__type":"$$EventMessageConfirm","confirm":"c8e8a2e7-fdd7-4661-a6a3-87b7b0e1cb76","ts":"2025-02-25T09:57:11.930+01:00","source":{"id":"0","name":"eventBus"}}
{"__type":"$$EventMessageNode","id":"b7c108fe-3dfb-4e0b-b9aa-11b7c52d291a","ts":"2025-02-25T09:57:11.939+01:00","eventName":"n8n.node.finished","message":"n8n.node.finished","payload":{"workflowId":"IvkejgS6opWgV4Ff","workflowName":"My workflow","executionId":"9","nodeType":"n8n-nodes-base.code","nodeName":"Code"}}
{"__type":"$$EventMessageConfirm","confirm":"b7c108fe-3dfb-4e0b-b9aa-11b7c52d291a","ts":"2025-02-25T09:57:11.939+01:00","source":{"id":"0","name":"eventBus"}}
{"__type":"$$EventMessageWorkflow","id":"0956fb3a-01c1-4a43-bdad-149565d2ec35","ts":"2025-02-25T09:57:11.941+01:00","eventName":"n8n.workflow.success","message":"n8n.workflow.success","payload":{"executionId":"9","userId":"6dbdd295-102a-4e57-b67f-250e2ab3af26","success":true,"isManual":true,"workflowId":"IvkejgS6opWgV4Ff","workflowName":"My workflow"}}
{"__type":"$$EventMessageConfirm","confirm":"0956fb3a-01c1-4a43-bdad-149565d2ec35","ts":"2025-02-25T09:57:11.942+01:00","source":{"id":"0","name":"eventBus"}}
{"__type":"$$EventMessageWorkflow","id":"a2a2c942-2557-4a86-b934-a64314af4e21","ts":"2025-02-25T09:57:28.495+01:00","eventName":"n8n.workflow.started","message":"n8n.workflow.started","payload":{"executionId":"10","workflowId":"IvkejgS6opWgV4Ff","isManual":false,"workflowName":"My workflow"}}
{"__type":"$$EventMessageConfirm","confirm":"a2a2c942-2557-4a86-b934-a64314af4e21","ts":"2025-02-25T09:57:28.496+01:00","source":{"id":"0","name":"eventBus"}}
{"__type":"$$EventMessageNode","id":"b5437f4b-e675-4df2-83b5-dce1736f07c2","ts":"2025-02-25T09:57:28.496+01:00","eventName":"n8n.node.started","message":"n8n.node.started","payload":{"workflowId":"IvkejgS6opWgV4Ff","workflowName":"My workflow","executionId":"10","nodeType":"n8n-nodes-base.manualTrigger","nodeName":"When clicking ‘Test workflow’"}}
{"__type":"$$EventMessageConfirm","confirm":"b5437f4b-e675-4df2-83b5-dce1736f07c2","ts":"2025-02-25T09:57:28.496+01:00","source":{"id":"0","name":"eventBus"}}
{"__type":"$$EventMessageNode","id":"3ff70de4-bdfe-481e-927b-8d4dfe3b1fce","ts":"2025-02-25T09:57:28.497+01:00","eventName":"n8n.node.finished","message":"n8n.node.finished","payload":{"workflowId":"IvkejgS6opWgV4Ff","workflowName":"My workflow","executionId":"10","nodeType":"n8n-nodes-base.manualTrigger","nodeName":"When clicking ‘Test workflow’"}}
{"__type":"$$EventMessageConfirm","confirm":"3ff70de4-bdfe-481e-927b-8d4dfe3b1fce","ts":"2025-02-25T09:57:28.497+01:00","source":{"id":"0","name":"eventBus"}}
{"__type":"$$EventMessageWorkflow","id":"ddd48518-46cb-45df-be70-5f69642f72df","ts":"2025-02-25T09:57:28.501+01:00","eventName":"n8n.workflow.success","message":"n8n.workflow.success","payload":{"executionId":"10","userId":"6dbdd295-102a-4e57-b67f-250e2ab3af26","success":true,"isManual":true,"workflowId":"IvkejgS6opWgV4Ff","workflowName":"My workflow"}}
{"__type":"$$EventMessageConfirm","confirm":"ddd48518-46cb-45df-be70-5f69642f72df","ts":"2025-02-25T09:57:28.501+01:00","source":{"id":"0","name":"eventBus"}}
{"__type":"$$EventMessageWorkflow","id":"19ffbb32-3ef8-4937-96eb-bea7cf76a254","ts":"2025-02-25T09:57:35.864+01:00","eventName":"n8n.workflow.started","message":"n8n.workflow.started","payload":{"executionId":"11","workflowId":"IvkejgS6opWgV4Ff","isManual":false,"workflowName":"My workflow"}}
{"__type":"$$EventMessageConfirm","confirm":"19ffbb32-3ef8-4937-96eb-bea7cf76a254","ts":"2025-02-25T09:57:35.864+01:00","source":{"id":"0","name":"eventBus"}}
{"__type":"$$EventMessageNode","id":"d25d94b2-44a7-4ebf-8f9a-bf66d10107ad","ts":"2025-02-25T09:57:35.865+01:00","eventName":"n8n.node.started","message":"n8n.node.started","payload":{"workflowId":"IvkejgS6opWgV4Ff","workflowName":"My workflow","executionId":"11","nodeType":"n8n-nodes-base.manualTrigger","nodeName":"When clicking ‘Test workflow’"}}
{"__type":"$$EventMessageConfirm","confirm":"d25d94b2-44a7-4ebf-8f9a-bf66d10107ad","ts":"2025-02-25T09:57:35.865+01:00","source":{"id":"0","name":"eventBus"}}
{"__type":"$$EventMessageNode","id":"ad05742d-79b4-464d-9195-a3b14b5deb2e","ts":"2025-02-25T09:57:35.867+01:00","eventName":"n8n.node.finished","message":"n8n.node.finished","payload":{"workflowId":"IvkejgS6opWgV4Ff","workflowName":"My workflow","executionId":"11","nodeType":"n8n-nodes-base.manualTrigger","nodeName":"When clicking ‘Test workflow’"}}
{"__type":"$$EventMessageConfirm","confirm":"ad05742d-79b4-464d-9195-a3b14b5deb2e","ts":"2025-02-25T09:57:35.867+01:00","source":{"id":"0","name":"eventBus"}}
{"__type":"$$EventMessageNode","id":"ec698e89-fb0f-4130-9f30-a2cc2419d05a","ts":"2025-02-25T09:57:35.868+01:00","eventName":"n8n.node.started","message":"n8n.node.started","payload":{"workflowId":"IvkejgS6opWgV4Ff","workflowName":"My workflow","executionId":"11","nodeType":"n8n-nodes-base.set","nodeName":"Temperatura Celsius"}}
{"__type":"$$EventMessageConfirm","confirm":"ec698e89-fb0f-4130-9f30-a2cc2419d05a","ts":"2025-02-25T09:57:35.869+01:00","source":{"id":"0","name":"eventBus"}}
{"__type":"$$EventMessageNode","id":"5779de96-d1af-4618-9132-2efbe6a42fef","ts":"2025-02-25T09:57:35.870+01:00","eventName":"n8n.node.finished","message":"n8n.node.finished","payload":{"workflowId":"IvkejgS6opWgV4Ff","workflowName":"My workflow","executionId":"11","nodeType":"n8n-nodes-base.set","nodeName":"Temperatura Celsius"}}
{"__type":"$$EventMessageConfirm","confirm":"5779de96-d1af-4618-9132-2efbe6a42fef","ts":"2025-02-25T09:57:35.871+01:00","source":{"id":"0","name":"eventBus"}}
{"__type":"$$EventMessageNode","id":"a8a2c93a-1cdc-436b-94a4-02264b6dbceb","ts":"2025-02-25T09:57:35.871+01:00","eventName":"n8n.node.started","message":"n8n.node.started","payload":{"workflowId":"IvkejgS6opWgV4Ff","workflowName":"My workflow","executionId":"11","nodeType":"n8n-nodes-base.code","nodeName":"Code"}}
{"__type":"$$EventMessageConfirm","confirm":"a8a2c93a-1cdc-436b-94a4-02264b6dbceb","ts":"2025-02-25T09:57:35.871+01:00","source":{"id":"0","name":"eventBus"}}
{"__type":"$$EventMessageNode","id":"126f7c9d-ca9c-405f-b84f-ef1ef828f9f7","ts":"2025-02-25T09:57:35.882+01:00","eventName":"n8n.node.finished","message":"n8n.node.finished","payload":{"workflowId":"IvkejgS6opWgV4Ff","workflowName":"My workflow","executionId":"11","nodeType":"n8n-nodes-base.code","nodeName":"Code"}}
{"__type":"$$EventMessageConfirm","confirm":"126f7c9d-ca9c-405f-b84f-ef1ef828f9f7","ts":"2025-02-25T09:57:35.882+01:00","source":{"id":"0","name":"eventBus"}}
{"__type":"$$EventMessageWorkflow","id":"c05887ff-3dc8-49b4-b44a-7a1d32852dc7","ts":"2025-02-25T09:57:35.886+01:00","eventName":"n8n.workflow.success","message":"n8n.workflow.success","payload":{"executionId":"11","userId":"6dbdd295-102a-4e57-b67f-250e2ab3af26","success":true,"isManual":true,"workflowId":"IvkejgS6opWgV4Ff","workflowName":"My workflow"}}
{"__type":"$$EventMessageConfirm","confirm":"c05887ff-3dc8-49b4-b44a-7a1d32852dc7","ts":"2025-02-25T09:57:35.886+01:00","source":{"id":"0","name":"eventBus"}}
{"__type":"$$EventMessageWorkflow","id":"abfa7020-d039-48b2-8d3c-2357ff0b8419","ts":"2025-02-25T10:00:54.132+01:00","eventName":"n8n.workflow.started","message":"n8n.workflow.started","payload":{"executionId":"12","workflowId":"IvkejgS6opWgV4Ff","isManual":false,"workflowName":"My workflow"}}
{"__type":"$$EventMessageConfirm","confirm":"abfa7020-d039-48b2-8d3c-2357ff0b8419","ts":"2025-02-25T10:00:54.132+01:00","source":{"id":"0","name":"eventBus"}}
{"__type":"$$EventMessageNode","id":"d7943b3c-bb68-4ae2-8f78-e2c590435732","ts":"2025-02-25T10:00:54.133+01:00","eventName":"n8n.node.started","message":"n8n.node.started","payload":{"workflowId":"IvkejgS6opWgV4Ff","workflowName":"My workflow","executionId":"12","nodeType":"n8n-nodes-base.set","nodeName":"Temperatura Fahrenheit"}}
{"__type":"$$EventMessageConfirm","confirm":"d7943b3c-bb68-4ae2-8f78-e2c590435732","ts":"2025-02-25T10:00:54.134+01:00","source":{"id":"0","name":"eventBus"}}
{"__type":"$$EventMessageNode","id":"56373a9a-1164-48b4-9aec-ed5425b14abb","ts":"2025-02-25T10:00:54.251+01:00","eventName":"n8n.node.finished","message":"n8n.node.finished","payload":{"workflowId":"IvkejgS6opWgV4Ff","workflowName":"My workflow","executionId":"12","nodeType":"n8n-nodes-base.set","nodeName":"Temperatura Fahrenheit"}}
{"__type":"$$EventMessageConfirm","confirm":"56373a9a-1164-48b4-9aec-ed5425b14abb","ts":"2025-02-25T10:00:54.252+01:00","source":{"id":"0","name":"eventBus"}}
{"__type":"$$EventMessageWorkflow","id":"1e4b4689-7387-4f70-937e-89b01606781e","ts":"2025-02-25T10:00:54.254+01:00","eventName":"n8n.workflow.success","message":"n8n.workflow.success","payload":{"executionId":"12","userId":"6dbdd295-102a-4e57-b67f-250e2ab3af26","success":true,"isManual":true,"workflowId":"IvkejgS6opWgV4Ff","workflowName":"My workflow"}}
{"__type":"$$EventMessageConfirm","confirm":"1e4b4689-7387-4f70-937e-89b01606781e","ts":"2025-02-25T10:00:54.254+01:00","source":{"id":"0","name":"eventBus"}}
{"__type":"$$EventMessageAudit","id":"44b23bba-5641-469c-8cfe-1bc26c898c76","ts":"2025-02-25T11:59:02.431+01:00","eventName":"n8n.audit.workflow.updated","message":"n8n.audit.workflow.updated","payload":{"userId":"6dbdd295-102a-4e57-b67f-250e2ab3af26","_email":"victor.j.madrid@gmail.com","_firstName":"Víctor","_lastName":"Madrid","globalRole":"global:owner","workflowId":"IvkejgS6opWgV4Ff","workflowName":"My workflow"}}
{"__type":"$$EventMessageConfirm","confirm":"44b23bba-5641-469c-8cfe-1bc26c898c76","ts":"2025-02-25T11:59:02.431+01:00","source":{"id":"0","name":"eventBus"}}
{"__type":"$$EventMessageWorkflow","id":"814a5dd4-2174-41e8-920b-809ad1857d2e","ts":"2025-02-25T11:59:11.329+01:00","eventName":"n8n.workflow.started","message":"n8n.workflow.started","payload":{"executionId":"13","workflowId":"IvkejgS6opWgV4Ff","isManual":false,"workflowName":"My workflow"}}
{"__type":"$$EventMessageConfirm","confirm":"814a5dd4-2174-41e8-920b-809ad1857d2e","ts":"2025-02-25T11:59:11.330+01:00","source":{"id":"0","name":"eventBus"}}
{"__type":"$$EventMessageNode","id":"ab32e26d-52a6-468b-b057-6ee4e852dae7","ts":"2025-02-25T11:59:11.331+01:00","eventName":"n8n.node.started","message":"n8n.node.started","payload":{"workflowId":"IvkejgS6opWgV4Ff","workflowName":"My workflow","executionId":"13","nodeType":"n8n-nodes-base.manualTrigger","nodeName":"When clicking ‘Test workflow’"}}
{"__type":"$$EventMessageConfirm","confirm":"ab32e26d-52a6-468b-b057-6ee4e852dae7","ts":"2025-02-25T11:59:11.331+01:00","source":{"id":"0","name":"eventBus"}}
{"__type":"$$EventMessageNode","id":"125b82ff-6318-469d-be4f-626a56847fbf","ts":"2025-02-25T11:59:11.333+01:00","eventName":"n8n.node.finished","message":"n8n.node.finished","payload":{"workflowId":"IvkejgS6opWgV4Ff","workflowName":"My workflow","executionId":"13","nodeType":"n8n-nodes-base.manualTrigger","nodeName":"When clicking ‘Test workflow’"}}
{"__type":"$$EventMessageConfirm","confirm":"125b82ff-6318-469d-be4f-626a56847fbf","ts":"2025-02-25T11:59:11.333+01:00","source":{"id":"0","name":"eventBus"}}
{"__type":"$$EventMessageWorkflow","id":"68b85990-4f12-4a02-9e1a-3dcd5d741574","ts":"2025-02-25T11:59:11.335+01:00","eventName":"n8n.workflow.success","message":"n8n.workflow.success","payload":{"executionId":"13","userId":"6dbdd295-102a-4e57-b67f-250e2ab3af26","success":true,"isManual":true,"workflowId":"IvkejgS6opWgV4Ff","workflowName":"My workflow"}}
{"__type":"$$EventMessageConfirm","confirm":"68b85990-4f12-4a02-9e1a-3dcd5d741574","ts":"2025-02-25T11:59:11.335+01:00","source":{"id":"0","name":"eventBus"}}
{"__type":"$$EventMessageWorkflow","id":"5c20edd7-3ccd-4b58-a91f-75e602eb115a","ts":"2025-02-25T11:59:14.831+01:00","eventName":"n8n.workflow.started","message":"n8n.workflow.started","payload":{"executionId":"14","workflowId":"IvkejgS6opWgV4Ff","isManual":false,"workflowName":"My workflow"}}
{"__type":"$$EventMessageConfirm","confirm":"5c20edd7-3ccd-4b58-a91f-75e602eb115a","ts":"2025-02-25T11:59:14.831+01:00","source":{"id":"0","name":"eventBus"}}
{"__type":"$$EventMessageNode","id":"26f02ebc-476e-4776-8333-01311add4802","ts":"2025-02-25T11:59:14.832+01:00","eventName":"n8n.node.started","message":"n8n.node.started","payload":{"workflowId":"IvkejgS6opWgV4Ff","workflowName":"My workflow","executionId":"14","nodeType":"n8n-nodes-base.set","nodeName":"Temperatura Celsius"}}
{"__type":"$$EventMessageConfirm","confirm":"26f02ebc-476e-4776-8333-01311add4802","ts":"2025-02-25T11:59:14.832+01:00","source":{"id":"0","name":"eventBus"}}
{"__type":"$$EventMessageNode","id":"a49d7a92-1371-47d6-a4a4-8b6e22b1d701","ts":"2025-02-25T11:59:14.834+01:00","eventName":"n8n.node.finished","message":"n8n.node.finished","payload":{"workflowId":"IvkejgS6opWgV4Ff","workflowName":"My workflow","executionId":"14","nodeType":"n8n-nodes-base.set","nodeName":"Temperatura Celsius"}}
{"__type":"$$EventMessageConfirm","confirm":"a49d7a92-1371-47d6-a4a4-8b6e22b1d701","ts":"2025-02-25T11:59:14.835+01:00","source":{"id":"0","name":"eventBus"}}
{"__type":"$$EventMessageWorkflow","id":"5d968d79-890b-44c1-b73e-4e335ded4d7c","ts":"2025-02-25T11:59:14.837+01:00","eventName":"n8n.workflow.success","message":"n8n.workflow.success","payload":{"executionId":"14","userId":"6dbdd295-102a-4e57-b67f-250e2ab3af26","success":true,"isManual":true,"workflowId":"IvkejgS6opWgV4Ff","workflowName":"My workflow"}}
{"__type":"$$EventMessageConfirm","confirm":"5d968d79-890b-44c1-b73e-4e335ded4d7c","ts":"2025-02-25T11:59:14.837+01:00","source":{"id":"0","name":"eventBus"}}
{"__type":"$$EventMessageWorkflow","id":"e2edd3cc-7557-4c71-ac8b-5214cb8e38ed","ts":"2025-02-25T12:01:11.423+01:00","eventName":"n8n.workflow.started","message":"n8n.workflow.started","payload":{"executionId":"15","workflowId":"IvkejgS6opWgV4Ff","isManual":false,"workflowName":"My workflow"}}
{"__type":"$$EventMessageConfirm","confirm":"e2edd3cc-7557-4c71-ac8b-5214cb8e38ed","ts":"2025-02-25T12:01:11.424+01:00","source":{"id":"0","name":"eventBus"}}
{"__type":"$$EventMessageNode","id":"eb12c3f5-6e14-46d6-a473-0ae440e6cb20","ts":"2025-02-25T12:01:11.425+01:00","eventName":"n8n.node.started","message":"n8n.node.started","payload":{"workflowId":"IvkejgS6opWgV4Ff","workflowName":"My workflow","executionId":"15","nodeType":"n8n-nodes-base.code","nodeName":"Code"}}
{"__type":"$$EventMessageConfirm","confirm":"eb12c3f5-6e14-46d6-a473-0ae440e6cb20","ts":"2025-02-25T12:01:11.425+01:00","source":{"id":"0","name":"eventBus"}}
{"__type":"$$EventMessageNode","id":"66f36120-12fd-42e8-846c-5cf683d5ae54","ts":"2025-02-25T12:01:11.440+01:00","eventName":"n8n.node.finished","message":"n8n.node.finished","payload":{"workflowId":"IvkejgS6opWgV4Ff","workflowName":"My workflow","executionId":"15","nodeType":"n8n-nodes-base.code","nodeName":"Code"}}
{"__type":"$$EventMessageConfirm","confirm":"66f36120-12fd-42e8-846c-5cf683d5ae54","ts":"2025-02-25T12:01:11.440+01:00","source":{"id":"0","name":"eventBus"}}
{"__type":"$$EventMessageWorkflow","id":"962ced72-7804-49d4-b1aa-1fcbd5ba8374","ts":"2025-02-25T12:01:11.443+01:00","eventName":"n8n.workflow.success","message":"n8n.workflow.success","payload":{"executionId":"15","userId":"6dbdd295-102a-4e57-b67f-250e2ab3af26","success":true,"isManual":true,"workflowId":"IvkejgS6opWgV4Ff","workflowName":"My workflow"}}
{"__type":"$$EventMessageConfirm","confirm":"962ced72-7804-49d4-b1aa-1fcbd5ba8374","ts":"2025-02-25T12:01:11.443+01:00","source":{"id":"0","name":"eventBus"}}
{"__type":"$$EventMessageWorkflow","id":"0c950173-9795-4c80-b01e-3410b9c25266","ts":"2025-02-25T12:01:57.399+01:00","eventName":"n8n.workflow.started","message":"n8n.workflow.started","payload":{"executionId":"16","workflowId":"IvkejgS6opWgV4Ff","isManual":false,"workflowName":"My workflow"}}
{"__type":"$$EventMessageConfirm","confirm":"0c950173-9795-4c80-b01e-3410b9c25266","ts":"2025-02-25T12:01:57.399+01:00","source":{"id":"0","name":"eventBus"}}
{"__type":"$$EventMessageNode","id":"3f9cfd48-4136-425d-89cd-9ba2d1e47645","ts":"2025-02-25T12:01:57.400+01:00","eventName":"n8n.node.started","message":"n8n.node.started","payload":{"workflowId":"IvkejgS6opWgV4Ff","workflowName":"My workflow","executionId":"16","nodeType":"n8n-nodes-base.code","nodeName":"Code"}}
{"__type":"$$EventMessageConfirm","confirm":"3f9cfd48-4136-425d-89cd-9ba2d1e47645","ts":"2025-02-25T12:01:57.400+01:00","source":{"id":"0","name":"eventBus"}}
{"__type":"$$EventMessageNode","id":"8bc1ee96-d707-409d-bb6a-83321f84b68f","ts":"2025-02-25T12:01:57.412+01:00","eventName":"n8n.node.finished","message":"n8n.node.finished","payload":{"workflowId":"IvkejgS6opWgV4Ff","workflowName":"My workflow","executionId":"16","nodeType":"n8n-nodes-base.code","nodeName":"Code"}}
{"__type":"$$EventMessageConfirm","confirm":"8bc1ee96-d707-409d-bb6a-83321f84b68f","ts":"2025-02-25T12:01:57.413+01:00","source":{"id":"0","name":"eventBus"}}
{"__type":"$$EventMessageWorkflow","id":"9fb199f5-4fcb-4559-9210-197f09e1e4ba","ts":"2025-02-25T12:01:57.416+01:00","eventName":"n8n.workflow.success","message":"n8n.workflow.success","payload":{"executionId":"16","userId":"6dbdd295-102a-4e57-b67f-250e2ab3af26","success":true,"isManual":true,"workflowId":"IvkejgS6opWgV4Ff","workflowName":"My workflow"}}
{"__type":"$$EventMessageConfirm","confirm":"9fb199f5-4fcb-4559-9210-197f09e1e4ba","ts":"2025-02-25T12:01:57.416+01:00","source":{"id":"0","name":"eventBus"}}
{"__type":"$$EventMessageWorkflow","id":"faab5f91-61b8-40f7-a286-cdc4119524d6","ts":"2025-02-25T12:02:54.705+01:00","eventName":"n8n.workflow.started","message":"n8n.workflow.started","payload":{"executionId":"17","workflowId":"IvkejgS6opWgV4Ff","isManual":false,"workflowName":"My workflow"}}
{"__type":"$$EventMessageConfirm","confirm":"faab5f91-61b8-40f7-a286-cdc4119524d6","ts":"2025-02-25T12:02:54.705+01:00","source":{"id":"0","name":"eventBus"}}
{"__type":"$$EventMessageNode","id":"8b861d6b-ff0d-45bc-b2be-64d0031126da","ts":"2025-02-25T12:02:54.707+01:00","eventName":"n8n.node.started","message":"n8n.node.started","payload":{"workflowId":"IvkejgS6opWgV4Ff","workflowName":"My workflow","executionId":"17","nodeType":"n8n-nodes-base.set","nodeName":"Edit Fields"}}
{"__type":"$$EventMessageConfirm","confirm":"8b861d6b-ff0d-45bc-b2be-64d0031126da","ts":"2025-02-25T12:02:54.707+01:00","source":{"id":"0","name":"eventBus"}}
{"__type":"$$EventMessageNode","id":"4c3f26d7-6274-4f69-b9c2-2150535a4de0","ts":"2025-02-25T12:02:54.725+01:00","eventName":"n8n.node.finished","message":"n8n.node.finished","payload":{"workflowId":"IvkejgS6opWgV4Ff","workflowName":"My workflow","executionId":"17","nodeType":"n8n-nodes-base.set","nodeName":"Edit Fields"}}
{"__type":"$$EventMessageConfirm","confirm":"4c3f26d7-6274-4f69-b9c2-2150535a4de0","ts":"2025-02-25T12:02:54.725+01:00","source":{"id":"0","name":"eventBus"}}
{"__type":"$$EventMessageWorkflow","id":"288da5a8-7834-4521-b6e9-82a60bb7e258","ts":"2025-02-25T12:02:54.729+01:00","eventName":"n8n.workflow.success","message":"n8n.workflow.success","payload":{"executionId":"17","userId":"6dbdd295-102a-4e57-b67f-250e2ab3af26","success":true,"isManual":true,"workflowId":"IvkejgS6opWgV4Ff","workflowName":"My workflow"}}
{"__type":"$$EventMessageConfirm","confirm":"288da5a8-7834-4521-b6e9-82a60bb7e258","ts":"2025-02-25T12:02:54.729+01:00","source":{"id":"0","name":"eventBus"}}
{"__type":"$$EventMessageWorkflow","id":"8de304a8-c80e-4392-9b61-2dfdafcf3f2b","ts":"2025-02-25T12:03:00.268+01:00","eventName":"n8n.workflow.started","message":"n8n.workflow.started","payload":{"executionId":"18","workflowId":"IvkejgS6opWgV4Ff","isManual":false,"workflowName":"My workflow"}}
{"__type":"$$EventMessageConfirm","confirm":"8de304a8-c80e-4392-9b61-2dfdafcf3f2b","ts":"2025-02-25T12:03:00.269+01:00","source":{"id":"0","name":"eventBus"}}
{"__type":"$$EventMessageNode","id":"aa6b94d4-a324-4e78-a77a-743a8ade5fc9","ts":"2025-02-25T12:03:00.270+01:00","eventName":"n8n.node.started","message":"n8n.node.started","payload":{"workflowId":"IvkejgS6opWgV4Ff","workflowName":"My workflow","executionId":"18","nodeType":"n8n-nodes-base.manualTrigger","nodeName":"When clicking ‘Test workflow’"}}
{"__type":"$$EventMessageConfirm","confirm":"aa6b94d4-a324-4e78-a77a-743a8ade5fc9","ts":"2025-02-25T12:03:00.271+01:00","source":{"id":"0","name":"eventBus"}}
{"__type":"$$EventMessageNode","id":"88a04a79-9c73-4506-ada5-d1eda2bfe5d4","ts":"2025-02-25T12:03:00.273+01:00","eventName":"n8n.node.finished","message":"n8n.node.finished","payload":{"workflowId":"IvkejgS6opWgV4Ff","workflowName":"My workflow","executionId":"18","nodeType":"n8n-nodes-base.manualTrigger","nodeName":"When clicking ‘Test workflow’"}}
{"__type":"$$EventMessageConfirm","confirm":"88a04a79-9c73-4506-ada5-d1eda2bfe5d4","ts":"2025-02-25T12:03:00.274+01:00","source":{"id":"0","name":"eventBus"}}
{"__type":"$$EventMessageNode","id":"52f06875-d6fa-4819-a27b-dbca3e577a6a","ts":"2025-02-25T12:03:00.275+01:00","eventName":"n8n.node.started","message":"n8n.node.started","payload":{"workflowId":"IvkejgS6opWgV4Ff","workflowName":"My workflow","executionId":"18","nodeType":"n8n-nodes-base.set","nodeName":"Temperatura Celsius"}}
{"__type":"$$EventMessageConfirm","confirm":"52f06875-d6fa-4819-a27b-dbca3e577a6a","ts":"2025-02-25T12:03:00.275+01:00","source":{"id":"0","name":"eventBus"}}
{"__type":"$$EventMessageNode","id":"ef3a091e-aeb1-4c8c-8c66-c3c2af6876cc","ts":"2025-02-25T12:03:00.276+01:00","eventName":"n8n.node.finished","message":"n8n.node.finished","payload":{"workflowId":"IvkejgS6opWgV4Ff","workflowName":"My workflow","executionId":"18","nodeType":"n8n-nodes-base.set","nodeName":"Temperatura Celsius"}}
{"__type":"$$EventMessageConfirm","confirm":"ef3a091e-aeb1-4c8c-8c66-c3c2af6876cc","ts":"2025-02-25T12:03:00.277+01:00","source":{"id":"0","name":"eventBus"}}
{"__type":"$$EventMessageNode","id":"7e4d2dfd-e645-41d2-b994-23fd8be71c17","ts":"2025-02-25T12:03:00.278+01:00","eventName":"n8n.node.started","message":"n8n.node.started","payload":{"workflowId":"IvkejgS6opWgV4Ff","workflowName":"My workflow","executionId":"18","nodeType":"n8n-nodes-base.code","nodeName":"Code"}}
{"__type":"$$EventMessageConfirm","confirm":"7e4d2dfd-e645-41d2-b994-23fd8be71c17","ts":"2025-02-25T12:03:00.279+01:00","source":{"id":"0","name":"eventBus"}}
{"__type":"$$EventMessageNode","id":"efebab72-761b-4147-bce5-5fd11efe1517","ts":"2025-02-25T12:03:00.293+01:00","eventName":"n8n.node.finished","message":"n8n.node.finished","payload":{"workflowId":"IvkejgS6opWgV4Ff","workflowName":"My workflow","executionId":"18","nodeType":"n8n-nodes-base.code","nodeName":"Code"}}
{"__type":"$$EventMessageConfirm","confirm":"efebab72-761b-4147-bce5-5fd11efe1517","ts":"2025-02-25T12:03:00.293+01:00","source":{"id":"0","name":"eventBus"}}
{"__type":"$$EventMessageNode","id":"ec5e9459-639f-4356-bf05-db2cea821079","ts":"2025-02-25T12:03:00.294+01:00","eventName":"n8n.node.started","message":"n8n.node.started","payload":{"workflowId":"IvkejgS6opWgV4Ff","workflowName":"My workflow","executionId":"18","nodeType":"n8n-nodes-base.set","nodeName":"Edit Fields"}}
{"__type":"$$EventMessageConfirm","confirm":"ec5e9459-639f-4356-bf05-db2cea821079","ts":"2025-02-25T12:03:00.295+01:00","source":{"id":"0","name":"eventBus"}}
{"__type":"$$EventMessageNode","id":"7c2034ec-e514-43b2-ba53-17b1e71513d9","ts":"2025-02-25T12:03:00.301+01:00","eventName":"n8n.node.finished","message":"n8n.node.finished","payload":{"workflowId":"IvkejgS6opWgV4Ff","workflowName":"My workflow","executionId":"18","nodeType":"n8n-nodes-base.set","nodeName":"Edit Fields"}}
{"__type":"$$EventMessageConfirm","confirm":"7c2034ec-e514-43b2-ba53-17b1e71513d9","ts":"2025-02-25T12:03:00.301+01:00","source":{"id":"0","name":"eventBus"}}
{"__type":"$$EventMessageWorkflow","id":"18c73b7e-e9c0-4f58-b616-8fe55ec99a0e","ts":"2025-02-25T12:03:00.304+01:00","eventName":"n8n.workflow.success","message":"n8n.workflow.success","payload":{"executionId":"18","userId":"6dbdd295-102a-4e57-b67f-250e2ab3af26","success":true,"isManual":true,"workflowId":"IvkejgS6opWgV4Ff","workflowName":"My workflow"}}
{"__type":"$$EventMessageConfirm","confirm":"18c73b7e-e9c0-4f58-b616-8fe55ec99a0e","ts":"2025-02-25T12:03:00.304+01:00","source":{"id":"0","name":"eventBus"}}
{"__type":"$$EventMessageAudit","id":"ceff1d3d-f937-42d4-98ee-6fcadc54e98e","ts":"2025-02-25T12:04:06.327+01:00","eventName":"n8n.audit.workflow.updated","message":"n8n.audit.workflow.updated","payload":{"userId":"6dbdd295-102a-4e57-b67f-250e2ab3af26","_email":"victor.j.madrid@gmail.com","_firstName":"Víctor","_lastName":"Madrid","globalRole":"global:owner","workflowId":"IvkejgS6opWgV4Ff","workflowName":"My workflow"}}
{"__type":"$$EventMessageConfirm","confirm":"ceff1d3d-f937-42d4-98ee-6fcadc54e98e","ts":"2025-02-25T12:04:06.327+01:00","source":{"id":"0","name":"eventBus"}}
